04-26 00:17 - mutual_info_img_txt.main_utils ExplainableImageModelManager training start, disease label= Cardiomegaly, args = Namespace(batch_size=64, bert_config_name='bert_config.json', bert_pretrained_dir='/home/anhle/data/projects/Mutual-Information-MultiModal/bert_pretrain_all_notes_150000', data_loader_workers=32, dataset_disease_stats='/home/anhle/data/projects/Mutual-Information-MultiModal/training_data/disease_stats.csv', dataset_metadata='/home/anhle/data/projects/Mutual-Information-MultiModal/training_data/training_label_negbio.csv', disease_label='Cardiomegaly', image_dir='/home/anhle/data/projects/Mutual-Information-MultiModal/full_data_set/images/', image_model_name='resnet256_6_2_1', img_size=256, init_lr=0.0005, max_seq_length=320, mi_estimator='dv', num_train_epochs=20, num_train_epochs_classifier=100, optimizer='Adam', output_channels=1, save_directory='/home/anhle/data/projects/Mutual-Information-MultiModal/save_dir/um_ae_epoch20', text_data_dir='/home/anhle/data/projects/Mutual-Information-MultiModal/training_data/text/')
04-26 00:17 - mutual_info_img_txt.main_utils total batch of train_data_loader:, total_batch = 737
04-26 01:28 - mutual_info_img_txt.main_utils Label: Cardiomegaly,  Epoch 1 took 2311.302 s, training loss = 0.58402, validation_loss = 0.55808, validation accuracy=0.73972
04-26 01:28 - mutual_info_img_txt.main_utils   Total validation samples = 2432, total positive=1768, total negative=664 ,tp_count=1719, tn_count=80, fp_count=49, fn_count=584
04-26 02:32 - mutual_info_img_txt.main_utils Label: Cardiomegaly,  Epoch 2 took 1947.529 s, training loss = 0.56899, validation_loss = 0.55049, validation accuracy=0.73355
04-26 02:32 - mutual_info_img_txt.main_utils   Total validation samples = 2432, total positive=1767, total negative=665 ,tp_count=1758, tn_count=26, fp_count=9, fn_count=639
04-26 03:35 - mutual_info_img_txt.main_utils Label: Cardiomegaly,  Epoch 3 took 1904.689 s, training loss = 0.56440, validation_loss = 0.55164, validation accuracy=0.73808
04-26 03:35 - mutual_info_img_txt.main_utils   Total validation samples = 2432, total positive=1776, total negative=656 ,tp_count=1767, tn_count=28, fp_count=9, fn_count=628
04-26 04:37 - mutual_info_img_txt.main_utils Label: Cardiomegaly,  Epoch 4 took 1884.766 s, training loss = 0.56009, validation_loss = 0.54836, validation accuracy=0.74054
04-26 04:37 - mutual_info_img_txt.main_utils   Total validation samples = 2432, total positive=1770, total negative=662 ,tp_count=1747, tn_count=54, fp_count=23, fn_count=608
04-26 05:42 - mutual_info_img_txt.main_utils Label: Cardiomegaly,  Epoch 5 took 1993.481 s, training loss = 0.55919, validation_loss = 0.54764, validation accuracy=0.74178
04-26 05:42 - mutual_info_img_txt.main_utils   Total validation samples = 2432, total positive=1767, total negative=665 ,tp_count=1698, tn_count=106, fp_count=69, fn_count=559
04-26 06:46 - mutual_info_img_txt.main_utils Label: Cardiomegaly,  Epoch 6 took 1948.718 s, training loss = 0.55550, validation_loss = 0.54087, validation accuracy=0.74465
04-26 06:46 - mutual_info_img_txt.main_utils   Total validation samples = 2432, total positive=1776, total negative=656 ,tp_count=1751, tn_count=60, fp_count=25, fn_count=596
04-26 07:52 - mutual_info_img_txt.main_utils Label: Cardiomegaly,  Epoch 7 took 1964.092 s, training loss = 0.55243, validation_loss = 0.55511, validation accuracy=0.73150
04-26 07:52 - mutual_info_img_txt.main_utils   Total validation samples = 2432, total positive=1769, total negative=663 ,tp_count=1664, tn_count=115, fp_count=105, fn_count=548
04-26 09:07 - mutual_info_img_txt.main_utils Label: Cardiomegaly,  Epoch 8 took 2304.249 s, training loss = 0.55436, validation_loss = 0.54624, validation accuracy=0.73808
04-26 09:07 - mutual_info_img_txt.main_utils   Total validation samples = 2432, total positive=1770, total negative=662 ,tp_count=1719, tn_count=76, fp_count=51, fn_count=586
04-26 10:18 - mutual_info_img_txt.main_utils Label: Cardiomegaly,  Epoch 9 took 2203.103 s, training loss = 0.55419, validation_loss = 0.54691, validation accuracy=0.73643
04-26 10:18 - mutual_info_img_txt.main_utils   Total validation samples = 2432, total positive=1763, total negative=669 ,tp_count=1694, tn_count=97, fp_count=69, fn_count=572
04-26 11:26 - mutual_info_img_txt.main_utils Label: Cardiomegaly,  Epoch 10 took 2072.409 s, training loss = 0.55411, validation_loss = 0.54481, validation accuracy=0.73972
04-26 11:26 - mutual_info_img_txt.main_utils   Total validation samples = 2432, total positive=1769, total negative=663 ,tp_count=1717, tn_count=82, fp_count=52, fn_count=581
04-26 12:34 - mutual_info_img_txt.main_utils Label: Cardiomegaly,  Epoch 11 took 2000.933 s, training loss = 0.55039, validation_loss = 0.54279, validation accuracy=0.74178
04-26 12:34 - mutual_info_img_txt.main_utils   Total validation samples = 2432, total positive=1770, total negative=662 ,tp_count=1713, tn_count=91, fp_count=57, fn_count=571
04-26 13:41 - mutual_info_img_txt.main_utils Label: Cardiomegaly,  Epoch 12 took 2019.927 s, training loss = 0.55094, validation_loss = 0.53700, validation accuracy=0.73684
04-26 13:41 - mutual_info_img_txt.main_utils   Total validation samples = 2432, total positive=1772, total negative=660 ,tp_count=1693, tn_count=99, fp_count=79, fn_count=561
04-26 14:47 - mutual_info_img_txt.main_utils Label: Cardiomegaly,  Epoch 13 took 2017.442 s, training loss = 0.54960, validation_loss = 0.54114, validation accuracy=0.73890
04-26 14:47 - mutual_info_img_txt.main_utils   Total validation samples = 2432, total positive=1773, total negative=659 ,tp_count=1726, tn_count=71, fp_count=47, fn_count=588
04-26 15:53 - mutual_info_img_txt.main_utils Label: Cardiomegaly,  Epoch 14 took 2016.169 s, training loss = 0.54951, validation_loss = 0.53127, validation accuracy=0.73684
04-26 15:53 - mutual_info_img_txt.main_utils   Total validation samples = 2432, total positive=1776, total negative=656 ,tp_count=1706, tn_count=86, fp_count=70, fn_count=570
04-26 16:59 - mutual_info_img_txt.main_utils Label: Cardiomegaly,  Epoch 15 took 1992.193 s, training loss = 0.54855, validation_loss = 0.54105, validation accuracy=0.73725
04-26 16:59 - mutual_info_img_txt.main_utils   Total validation samples = 2432, total positive=1767, total negative=665 ,tp_count=1691, tn_count=102, fp_count=76, fn_count=563
04-26 18:04 - mutual_info_img_txt.main_utils Label: Cardiomegaly,  Epoch 16 took 2009.544 s, training loss = 0.54984, validation_loss = 0.53626, validation accuracy=0.74013
04-26 18:04 - mutual_info_img_txt.main_utils   Total validation samples = 2432, total positive=1766, total negative=666 ,tp_count=1714, tn_count=86, fp_count=52, fn_count=580
04-26 19:11 - mutual_info_img_txt.main_utils Label: Cardiomegaly,  Epoch 17 took 1989.170 s, training loss = 0.54764, validation_loss = 0.53506, validation accuracy=0.75247
04-26 19:11 - mutual_info_img_txt.main_utils   Total validation samples = 2432, total positive=1770, total negative=662 ,tp_count=1703, tn_count=127, fp_count=67, fn_count=535
04-26 20:18 - mutual_info_img_txt.main_utils Label: Cardiomegaly,  Epoch 18 took 2041.275 s, training loss = 0.54740, validation_loss = 0.54457, validation accuracy=0.73602
04-26 20:18 - mutual_info_img_txt.main_utils   Total validation samples = 2432, total positive=1765, total negative=667 ,tp_count=1682, tn_count=108, fp_count=83, fn_count=559
04-26 21:26 - mutual_info_img_txt.main_utils Label: Cardiomegaly,  Epoch 19 took 2023.290 s, training loss = 0.54590, validation_loss = 0.54542, validation accuracy=0.73931
04-26 21:26 - mutual_info_img_txt.main_utils   Total validation samples = 2432, total positive=1771, total negative=661 ,tp_count=1688, tn_count=110, fp_count=83, fn_count=551
04-26 22:33 - mutual_info_img_txt.main_utils Label: Cardiomegaly,  Epoch 20 took 2076.861 s, training loss = 0.54808, validation_loss = 0.53961, validation accuracy=0.74794
04-26 22:33 - mutual_info_img_txt.main_utils   Total validation samples = 2432, total positive=1773, total negative=659 ,tp_count=1709, tn_count=110, fp_count=64, fn_count=549
04-26 23:40 - mutual_info_img_txt.main_utils Label: Cardiomegaly,  Epoch 21 took 2003.588 s, training loss = 0.54804, validation_loss = 0.54764, validation accuracy=0.73643
04-26 23:40 - mutual_info_img_txt.main_utils   Total validation samples = 2432, total positive=1769, total negative=663 ,tp_count=1687, tn_count=104, fp_count=82, fn_count=559
04-27 00:47 - mutual_info_img_txt.main_utils Label: Cardiomegaly,  Epoch 22 took 2033.409 s, training loss = 0.54564, validation_loss = 0.53619, validation accuracy=0.74342
04-27 00:47 - mutual_info_img_txt.main_utils   Total validation samples = 2432, total positive=1768, total negative=664 ,tp_count=1685, tn_count=123, fp_count=83, fn_count=541
04-27 01:54 - mutual_info_img_txt.main_utils Label: Cardiomegaly,  Epoch 23 took 2013.743 s, training loss = 0.54553, validation_loss = 0.54471, validation accuracy=0.74260
04-27 01:54 - mutual_info_img_txt.main_utils   Total validation samples = 2432, total positive=1766, total negative=666 ,tp_count=1699, tn_count=107, fp_count=67, fn_count=559
04-27 03:00 - mutual_info_img_txt.main_utils Label: Cardiomegaly,  Epoch 24 took 2020.774 s, training loss = 0.54328, validation_loss = 0.53449, validation accuracy=0.74424
04-27 03:00 - mutual_info_img_txt.main_utils   Total validation samples = 2432, total positive=1769, total negative=663 ,tp_count=1694, tn_count=116, fp_count=75, fn_count=547
04-27 04:06 - mutual_info_img_txt.main_utils Label: Cardiomegaly,  Epoch 25 took 1990.418 s, training loss = 0.54551, validation_loss = 0.53639, validation accuracy=0.74260
04-27 04:06 - mutual_info_img_txt.main_utils   Total validation samples = 2432, total positive=1769, total negative=663 ,tp_count=1707, tn_count=99, fp_count=62, fn_count=564
04-27 05:13 - mutual_info_img_txt.main_utils Label: Cardiomegaly,  Epoch 26 took 2021.493 s, training loss = 0.54463, validation_loss = 0.53878, validation accuracy=0.74589
04-27 05:13 - mutual_info_img_txt.main_utils   Total validation samples = 2432, total positive=1772, total negative=660 ,tp_count=1701, tn_count=113, fp_count=71, fn_count=547
04-27 06:19 - mutual_info_img_txt.main_utils Label: Cardiomegaly,  Epoch 27 took 2006.405 s, training loss = 0.54473, validation_loss = 0.53828, validation accuracy=0.74959
04-27 06:19 - mutual_info_img_txt.main_utils   Total validation samples = 2432, total positive=1771, total negative=661 ,tp_count=1704, tn_count=119, fp_count=67, fn_count=542
04-27 07:24 - mutual_info_img_txt.main_utils Label: Cardiomegaly,  Epoch 28 took 2012.080 s, training loss = 0.54446, validation_loss = 0.53953, validation accuracy=0.74630
04-27 07:24 - mutual_info_img_txt.main_utils   Total validation samples = 2432, total positive=1771, total negative=661 ,tp_count=1699, tn_count=116, fp_count=72, fn_count=545
04-27 08:37 - mutual_info_img_txt.main_utils Label: Cardiomegaly,  Epoch 29 took 2092.725 s, training loss = 0.54612, validation_loss = 0.53565, validation accuracy=0.74342
04-27 08:37 - mutual_info_img_txt.main_utils   Total validation samples = 2432, total positive=1765, total negative=667 ,tp_count=1707, tn_count=101, fp_count=58, fn_count=566
04-27 09:49 - mutual_info_img_txt.main_utils Label: Cardiomegaly,  Epoch 30 took 2177.970 s, training loss = 0.54291, validation_loss = 0.53119, validation accuracy=0.74630
04-27 09:49 - mutual_info_img_txt.main_utils   Total validation samples = 2432, total positive=1765, total negative=667 ,tp_count=1702, tn_count=113, fp_count=63, fn_count=554
04-27 10:57 - mutual_info_img_txt.main_utils Label: Cardiomegaly,  Epoch 31 took 2068.216 s, training loss = 0.54425, validation_loss = 0.53949, validation accuracy=0.74383
04-27 10:57 - mutual_info_img_txt.main_utils   Total validation samples = 2432, total positive=1764, total negative=668 ,tp_count=1689, tn_count=120, fp_count=75, fn_count=548
04-27 12:04 - mutual_info_img_txt.main_utils Label: Cardiomegaly,  Epoch 32 took 2029.632 s, training loss = 0.54387, validation_loss = 0.52795, validation accuracy=0.74342
04-27 12:04 - mutual_info_img_txt.main_utils   Total validation samples = 2432, total positive=1777, total negative=655 ,tp_count=1689, tn_count=119, fp_count=88, fn_count=536
04-27 13:13 - mutual_info_img_txt.main_utils Label: Cardiomegaly,  Epoch 33 took 2035.000 s, training loss = 0.54510, validation_loss = 0.53231, validation accuracy=0.74836
04-27 13:13 - mutual_info_img_txt.main_utils   Total validation samples = 2432, total positive=1769, total negative=663 ,tp_count=1708, tn_count=112, fp_count=61, fn_count=551
04-27 14:21 - mutual_info_img_txt.main_utils Label: Cardiomegaly,  Epoch 34 took 2079.473 s, training loss = 0.54588, validation_loss = 0.53063, validation accuracy=0.74630
04-27 14:21 - mutual_info_img_txt.main_utils   Total validation samples = 2432, total positive=1767, total negative=665 ,tp_count=1702, tn_count=113, fp_count=65, fn_count=552
04-27 15:29 - mutual_info_img_txt.main_utils Label: Cardiomegaly,  Epoch 35 took 2042.910 s, training loss = 0.54480, validation_loss = 0.52529, validation accuracy=0.75288
04-27 15:29 - mutual_info_img_txt.main_utils   Total validation samples = 2432, total positive=1775, total negative=657 ,tp_count=1718, tn_count=113, fp_count=57, fn_count=544
04-27 16:37 - mutual_info_img_txt.main_utils Label: Cardiomegaly,  Epoch 36 took 2049.627 s, training loss = 0.54465, validation_loss = 0.53573, validation accuracy=0.74424
04-27 16:37 - mutual_info_img_txt.main_utils   Total validation samples = 2432, total positive=1779, total negative=653 ,tp_count=1698, tn_count=112, fp_count=81, fn_count=541
04-27 17:45 - mutual_info_img_txt.main_utils Label: Cardiomegaly,  Epoch 37 took 2077.932 s, training loss = 0.54369, validation_loss = 0.54098, validation accuracy=0.73725
04-27 17:45 - mutual_info_img_txt.main_utils   Total validation samples = 2432, total positive=1771, total negative=661 ,tp_count=1678, tn_count=115, fp_count=93, fn_count=546
04-27 18:51 - mutual_info_img_txt.main_utils Label: Cardiomegaly,  Epoch 38 took 2029.236 s, training loss = 0.54459, validation_loss = 0.53234, validation accuracy=0.74219
04-27 18:51 - mutual_info_img_txt.main_utils   Total validation samples = 2432, total positive=1769, total negative=663 ,tp_count=1688, tn_count=117, fp_count=81, fn_count=546
04-27 19:57 - mutual_info_img_txt.main_utils Label: Cardiomegaly,  Epoch 39 took 2009.005 s, training loss = 0.54295, validation_loss = 0.54224, validation accuracy=0.74424
04-27 19:57 - mutual_info_img_txt.main_utils   Total validation samples = 2432, total positive=1767, total negative=665 ,tp_count=1676, tn_count=134, fp_count=91, fn_count=531
04-27 21:03 - mutual_info_img_txt.main_utils Label: Cardiomegaly,  Epoch 40 took 2008.016 s, training loss = 0.54515, validation_loss = 0.52784, validation accuracy=0.75370
04-27 21:03 - mutual_info_img_txt.main_utils   Total validation samples = 2432, total positive=1773, total negative=659 ,tp_count=1712, tn_count=121, fp_count=61, fn_count=538
04-27 22:10 - mutual_info_img_txt.main_utils Label: Cardiomegaly,  Epoch 41 took 2019.086 s, training loss = 0.54417, validation_loss = 0.53623, validation accuracy=0.74589
04-27 22:10 - mutual_info_img_txt.main_utils   Total validation samples = 2432, total positive=1767, total negative=665 ,tp_count=1691, tn_count=123, fp_count=76, fn_count=542
04-27 23:15 - mutual_info_img_txt.main_utils Label: Cardiomegaly,  Epoch 42 took 1976.105 s, training loss = 0.54400, validation_loss = 0.53635, validation accuracy=0.74424
04-27 23:15 - mutual_info_img_txt.main_utils   Total validation samples = 2432, total positive=1771, total negative=661 ,tp_count=1688, tn_count=122, fp_count=83, fn_count=539
04-28 00:21 - mutual_info_img_txt.main_utils Label: Cardiomegaly,  Epoch 43 took 2017.517 s, training loss = 0.54468, validation_loss = 0.53891, validation accuracy=0.74589
04-28 00:21 - mutual_info_img_txt.main_utils   Total validation samples = 2432, total positive=1766, total negative=666 ,tp_count=1695, tn_count=119, fp_count=71, fn_count=547
04-28 01:29 - mutual_info_img_txt.main_utils Label: Cardiomegaly,  Epoch 44 took 2060.820 s, training loss = 0.54451, validation_loss = 0.52505, validation accuracy=0.75041
04-28 01:29 - mutual_info_img_txt.main_utils   Total validation samples = 2432, total positive=1774, total negative=658 ,tp_count=1703, tn_count=122, fp_count=71, fn_count=536
04-28 02:35 - mutual_info_img_txt.main_utils Label: Cardiomegaly,  Epoch 45 took 2024.235 s, training loss = 0.54429, validation_loss = 0.54842, validation accuracy=0.73643
04-28 02:35 - mutual_info_img_txt.main_utils   Total validation samples = 2432, total positive=1765, total negative=667 ,tp_count=1676, tn_count=115, fp_count=89, fn_count=552
04-28 03:40 - mutual_info_img_txt.main_utils Label: Cardiomegaly,  Epoch 46 took 1976.876 s, training loss = 0.54276, validation_loss = 0.54234, validation accuracy=0.73890
04-28 03:40 - mutual_info_img_txt.main_utils   Total validation samples = 2432, total positive=1767, total negative=665 ,tp_count=1678, tn_count=119, fp_count=89, fn_count=546
04-28 04:45 - mutual_info_img_txt.main_utils Label: Cardiomegaly,  Epoch 47 took 1988.177 s, training loss = 0.54212, validation_loss = 0.53530, validation accuracy=0.74178
04-28 04:45 - mutual_info_img_txt.main_utils   Total validation samples = 2432, total positive=1767, total negative=665 ,tp_count=1678, tn_count=126, fp_count=89, fn_count=539
04-28 05:49 - mutual_info_img_txt.main_utils Label: Cardiomegaly,  Epoch 48 took 1945.267 s, training loss = 0.54308, validation_loss = 0.53492, validation accuracy=0.74219
04-28 05:49 - mutual_info_img_txt.main_utils   Total validation samples = 2432, total positive=1769, total negative=663 ,tp_count=1691, tn_count=114, fp_count=78, fn_count=549
04-28 06:55 - mutual_info_img_txt.main_utils Label: Cardiomegaly,  Epoch 49 took 1988.355 s, training loss = 0.54408, validation_loss = 0.54032, validation accuracy=0.73972
04-28 06:55 - mutual_info_img_txt.main_utils   Total validation samples = 2432, total positive=1768, total negative=664 ,tp_count=1676, tn_count=123, fp_count=92, fn_count=541
04-28 08:05 - mutual_info_img_txt.main_utils Label: Cardiomegaly,  Epoch 50 took 2027.265 s, training loss = 0.54147, validation_loss = 0.53796, validation accuracy=0.74178
04-28 08:05 - mutual_info_img_txt.main_utils   Total validation samples = 2432, total positive=1769, total negative=663 ,tp_count=1689, tn_count=115, fp_count=80, fn_count=548
04-28 09:21 - mutual_info_img_txt.main_utils Label: Cardiomegaly,  Epoch 51 took 2329.177 s, training loss = 0.54457, validation_loss = 0.53128, validation accuracy=0.74836
04-28 09:21 - mutual_info_img_txt.main_utils   Total validation samples = 2432, total positive=1768, total negative=664 ,tp_count=1697, tn_count=123, fp_count=71, fn_count=541
04-28 10:32 - mutual_info_img_txt.main_utils Label: Cardiomegaly,  Epoch 52 took 2190.302 s, training loss = 0.54264, validation_loss = 0.53905, validation accuracy=0.74137
04-28 10:32 - mutual_info_img_txt.main_utils   Total validation samples = 2432, total positive=1773, total negative=659 ,tp_count=1685, tn_count=118, fp_count=88, fn_count=541
04-28 11:40 - mutual_info_img_txt.main_utils Label: Cardiomegaly,  Epoch 53 took 2111.844 s, training loss = 0.54369, validation_loss = 0.53528, validation accuracy=0.74918
04-28 11:40 - mutual_info_img_txt.main_utils   Total validation samples = 2432, total positive=1768, total negative=664 ,tp_count=1689, tn_count=133, fp_count=79, fn_count=531
04-28 12:49 - mutual_info_img_txt.main_utils Label: Cardiomegaly,  Epoch 54 took 2075.184 s, training loss = 0.54459, validation_loss = 0.53784, validation accuracy=0.75411
04-28 12:49 - mutual_info_img_txt.main_utils   Total validation samples = 2432, total positive=1766, total negative=666 ,tp_count=1704, tn_count=130, fp_count=62, fn_count=536
04-28 13:56 - mutual_info_img_txt.main_utils Label: Cardiomegaly,  Epoch 55 took 2025.562 s, training loss = 0.54354, validation_loss = 0.53774, validation accuracy=0.74548
04-28 13:56 - mutual_info_img_txt.main_utils   Total validation samples = 2432, total positive=1765, total negative=667 ,tp_count=1682, tn_count=131, fp_count=83, fn_count=536
04-28 15:04 - mutual_info_img_txt.main_utils Label: Cardiomegaly,  Epoch 56 took 2051.698 s, training loss = 0.54235, validation_loss = 0.53020, validation accuracy=0.74219
04-28 15:04 - mutual_info_img_txt.main_utils   Total validation samples = 2432, total positive=1772, total negative=660 ,tp_count=1697, tn_count=108, fp_count=75, fn_count=552
04-28 16:10 - mutual_info_img_txt.main_utils Label: Cardiomegaly,  Epoch 57 took 2029.575 s, training loss = 0.54565, validation_loss = 0.53961, validation accuracy=0.74301
04-28 16:10 - mutual_info_img_txt.main_utils   Total validation samples = 2432, total positive=1767, total negative=665 ,tp_count=1698, tn_count=109, fp_count=69, fn_count=556
04-28 17:17 - mutual_info_img_txt.main_utils Label: Cardiomegaly,  Epoch 58 took 2018.654 s, training loss = 0.54352, validation_loss = 0.53559, validation accuracy=0.74219
04-28 17:17 - mutual_info_img_txt.main_utils   Total validation samples = 2432, total positive=1768, total negative=664 ,tp_count=1700, tn_count=105, fp_count=68, fn_count=559
04-28 18:24 - mutual_info_img_txt.main_utils Label: Cardiomegaly,  Epoch 59 took 2023.524 s, training loss = 0.54380, validation_loss = 0.53067, validation accuracy=0.74630
04-28 18:24 - mutual_info_img_txt.main_utils   Total validation samples = 2432, total positive=1773, total negative=659 ,tp_count=1698, tn_count=117, fp_count=75, fn_count=542
04-28 19:31 - mutual_info_img_txt.main_utils Label: Cardiomegaly,  Epoch 60 took 2018.257 s, training loss = 0.54335, validation_loss = 0.53419, validation accuracy=0.74753
04-28 19:31 - mutual_info_img_txt.main_utils   Total validation samples = 2432, total positive=1774, total negative=658 ,tp_count=1687, tn_count=131, fp_count=87, fn_count=527
04-28 20:41 - mutual_info_img_txt.main_utils Label: Cardiomegaly,  Epoch 61 took 2043.195 s, training loss = 0.54256, validation_loss = 0.53214, validation accuracy=0.74465
04-28 20:41 - mutual_info_img_txt.main_utils   Total validation samples = 2432, total positive=1768, total negative=664 ,tp_count=1689, tn_count=122, fp_count=79, fn_count=542
04-28 21:50 - mutual_info_img_txt.main_utils Label: Cardiomegaly,  Epoch 62 took 2089.762 s, training loss = 0.54215, validation_loss = 0.53892, validation accuracy=0.73972
04-28 21:50 - mutual_info_img_txt.main_utils   Total validation samples = 2432, total positive=1765, total negative=667 ,tp_count=1683, tn_count=116, fp_count=82, fn_count=551
04-28 22:57 - mutual_info_img_txt.main_utils Label: Cardiomegaly,  Epoch 63 took 2038.260 s, training loss = 0.54226, validation_loss = 0.53397, validation accuracy=0.74342
04-28 22:57 - mutual_info_img_txt.main_utils   Total validation samples = 2432, total positive=1769, total negative=663 ,tp_count=1691, tn_count=117, fp_count=78, fn_count=546
04-29 00:06 - mutual_info_img_txt.main_utils Label: Cardiomegaly,  Epoch 64 took 2046.180 s, training loss = 0.54333, validation_loss = 0.53348, validation accuracy=0.74589
04-29 00:06 - mutual_info_img_txt.main_utils   Total validation samples = 2432, total positive=1767, total negative=665 ,tp_count=1691, tn_count=123, fp_count=76, fn_count=542
04-29 01:14 - mutual_info_img_txt.main_utils Label: Cardiomegaly,  Epoch 65 took 2059.413 s, training loss = 0.54257, validation_loss = 0.54111, validation accuracy=0.73766
04-29 01:14 - mutual_info_img_txt.main_utils   Total validation samples = 2432, total positive=1771, total negative=661 ,tp_count=1675, tn_count=119, fp_count=96, fn_count=542
04-29 02:23 - mutual_info_img_txt.main_utils Label: Cardiomegaly,  Epoch 66 took 2083.333 s, training loss = 0.54308, validation_loss = 0.53715, validation accuracy=0.74178
04-29 02:23 - mutual_info_img_txt.main_utils   Total validation samples = 2432, total positive=1775, total negative=657 ,tp_count=1694, tn_count=110, fp_count=81, fn_count=547
04-29 03:30 - mutual_info_img_txt.main_utils Label: Cardiomegaly,  Epoch 67 took 2045.111 s, training loss = 0.54291, validation_loss = 0.52831, validation accuracy=0.74630
04-29 03:30 - mutual_info_img_txt.main_utils   Total validation samples = 2432, total positive=1770, total negative=662 ,tp_count=1690, tn_count=125, fp_count=80, fn_count=537
04-29 04:37 - mutual_info_img_txt.main_utils Label: Cardiomegaly,  Epoch 68 took 2040.571 s, training loss = 0.54401, validation_loss = 0.54059, validation accuracy=0.74548
04-29 04:37 - mutual_info_img_txt.main_utils   Total validation samples = 2432, total positive=1766, total negative=666 ,tp_count=1692, tn_count=121, fp_count=74, fn_count=545
04-29 05:44 - mutual_info_img_txt.main_utils Label: Cardiomegaly,  Epoch 69 took 2029.222 s, training loss = 0.54415, validation_loss = 0.53233, validation accuracy=0.75411
04-29 05:44 - mutual_info_img_txt.main_utils   Total validation samples = 2432, total positive=1768, total negative=664 ,tp_count=1695, tn_count=139, fp_count=73, fn_count=525
04-29 06:50 - mutual_info_img_txt.main_utils Label: Cardiomegaly,  Epoch 70 took 2027.628 s, training loss = 0.54493, validation_loss = 0.53935, validation accuracy=0.74013
04-29 06:50 - mutual_info_img_txt.main_utils   Total validation samples = 2432, total positive=1770, total negative=662 ,tp_count=1694, tn_count=106, fp_count=76, fn_count=556
04-29 07:58 - mutual_info_img_txt.main_utils Label: Cardiomegaly,  Epoch 71 took 1993.802 s, training loss = 0.54365, validation_loss = 0.53327, validation accuracy=0.73890
04-29 07:58 - mutual_info_img_txt.main_utils   Total validation samples = 2432, total positive=1766, total negative=666 ,tp_count=1684, tn_count=113, fp_count=82, fn_count=553
04-29 09:12 - mutual_info_img_txt.main_utils Label: Cardiomegaly,  Epoch 72 took 2298.041 s, training loss = 0.54412, validation_loss = 0.53760, validation accuracy=0.74507
04-29 09:12 - mutual_info_img_txt.main_utils   Total validation samples = 2432, total positive=1766, total negative=666 ,tp_count=1682, tn_count=130, fp_count=84, fn_count=536
04-29 10:22 - mutual_info_img_txt.main_utils Label: Cardiomegaly,  Epoch 73 took 2163.296 s, training loss = 0.54341, validation_loss = 0.53240, validation accuracy=0.74877
04-29 10:22 - mutual_info_img_txt.main_utils   Total validation samples = 2432, total positive=1774, total negative=658 ,tp_count=1700, tn_count=121, fp_count=74, fn_count=537
04-29 11:30 - mutual_info_img_txt.main_utils Label: Cardiomegaly,  Epoch 74 took 2067.488 s, training loss = 0.54253, validation_loss = 0.53377, validation accuracy=0.74178
04-29 11:30 - mutual_info_img_txt.main_utils   Total validation samples = 2432, total positive=1771, total negative=661 ,tp_count=1692, tn_count=112, fp_count=79, fn_count=549
04-29 12:46 - mutual_info_img_txt.main_utils Label: Cardiomegaly,  Epoch 75 took 2026.883 s, training loss = 0.54364, validation_loss = 0.54413, validation accuracy=0.74137
04-29 12:46 - mutual_info_img_txt.main_utils   Total validation samples = 2432, total positive=1763, total negative=669 ,tp_count=1678, tn_count=125, fp_count=85, fn_count=544
04-29 14:02 - mutual_info_img_txt.main_utils Label: Cardiomegaly,  Epoch 76 took 2201.770 s, training loss = 0.54202, validation_loss = 0.54322, validation accuracy=0.73602
04-29 14:02 - mutual_info_img_txt.main_utils   Total validation samples = 2432, total positive=1773, total negative=659 ,tp_count=1687, tn_count=103, fp_count=86, fn_count=556
04-29 15:11 - mutual_info_img_txt.main_utils Label: Cardiomegaly,  Epoch 77 took 2096.745 s, training loss = 0.54388, validation_loss = 0.52976, validation accuracy=0.74630
04-29 15:11 - mutual_info_img_txt.main_utils   Total validation samples = 2432, total positive=1773, total negative=659 ,tp_count=1702, tn_count=113, fp_count=71, fn_count=546
04-29 16:17 - mutual_info_img_txt.main_utils Label: Cardiomegaly,  Epoch 78 took 2023.782 s, training loss = 0.54258, validation_loss = 0.53484, validation accuracy=0.74301
04-29 16:17 - mutual_info_img_txt.main_utils   Total validation samples = 2432, total positive=1770, total negative=662 ,tp_count=1698, tn_count=109, fp_count=72, fn_count=553
04-29 17:24 - mutual_info_img_txt.main_utils Label: Cardiomegaly,  Epoch 79 took 2050.133 s, training loss = 0.54371, validation_loss = 0.54326, validation accuracy=0.74137
04-29 17:24 - mutual_info_img_txt.main_utils   Total validation samples = 2432, total positive=1768, total negative=664 ,tp_count=1683, tn_count=120, fp_count=85, fn_count=544
04-29 18:30 - mutual_info_img_txt.main_utils Label: Cardiomegaly,  Epoch 80 took 1987.889 s, training loss = 0.54291, validation_loss = 0.54250, validation accuracy=0.73725
04-29 18:30 - mutual_info_img_txt.main_utils   Total validation samples = 2432, total positive=1765, total negative=667 ,tp_count=1676, tn_count=117, fp_count=89, fn_count=550
04-29 19:37 - mutual_info_img_txt.main_utils Label: Cardiomegaly,  Epoch 81 took 2035.248 s, training loss = 0.54199, validation_loss = 0.53281, validation accuracy=0.74178
04-29 19:37 - mutual_info_img_txt.main_utils   Total validation samples = 2432, total positive=1770, total negative=662 ,tp_count=1694, tn_count=110, fp_count=76, fn_count=552
04-29 20:46 - mutual_info_img_txt.main_utils Label: Cardiomegaly,  Epoch 82 took 2121.253 s, training loss = 0.54079, validation_loss = 0.53836, validation accuracy=0.74753
04-29 20:46 - mutual_info_img_txt.main_utils   Total validation samples = 2432, total positive=1768, total negative=664 ,tp_count=1689, tn_count=129, fp_count=79, fn_count=535
04-29 21:54 - mutual_info_img_txt.main_utils Label: Cardiomegaly,  Epoch 83 took 2068.952 s, training loss = 0.54188, validation_loss = 0.53524, validation accuracy=0.74054
04-29 21:54 - mutual_info_img_txt.main_utils   Total validation samples = 2432, total positive=1768, total negative=664 ,tp_count=1680, tn_count=121, fp_count=88, fn_count=543
04-29 23:01 - mutual_info_img_txt.main_utils Label: Cardiomegaly,  Epoch 84 took 2028.196 s, training loss = 0.54353, validation_loss = 0.53903, validation accuracy=0.74959
04-29 23:01 - mutual_info_img_txt.main_utils   Total validation samples = 2432, total positive=1769, total negative=663 ,tp_count=1704, tn_count=119, fp_count=65, fn_count=544
04-30 00:10 - mutual_info_img_txt.main_utils Label: Cardiomegaly,  Epoch 85 took 2069.107 s, training loss = 0.54441, validation_loss = 0.53405, validation accuracy=0.74589
04-30 00:10 - mutual_info_img_txt.main_utils   Total validation samples = 2432, total positive=1771, total negative=661 ,tp_count=1696, tn_count=118, fp_count=75, fn_count=543
04-30 01:20 - mutual_info_img_txt.main_utils Label: Cardiomegaly,  Epoch 86 took 2104.328 s, training loss = 0.54358, validation_loss = 0.53361, validation accuracy=0.74877
04-30 01:20 - mutual_info_img_txt.main_utils   Total validation samples = 2432, total positive=1765, total negative=667 ,tp_count=1689, tn_count=132, fp_count=76, fn_count=535
04-30 02:28 - mutual_info_img_txt.main_utils Label: Cardiomegaly,  Epoch 87 took 2083.788 s, training loss = 0.54158, validation_loss = 0.53068, validation accuracy=0.74671
04-30 02:28 - mutual_info_img_txt.main_utils   Total validation samples = 2432, total positive=1770, total negative=662 ,tp_count=1708, tn_count=108, fp_count=62, fn_count=554
04-30 03:36 - mutual_info_img_txt.main_utils Label: Cardiomegaly,  Epoch 88 took 2087.203 s, training loss = 0.54312, validation_loss = 0.53348, validation accuracy=0.75329
04-30 03:36 - mutual_info_img_txt.main_utils   Total validation samples = 2432, total positive=1768, total negative=664 ,tp_count=1702, tn_count=130, fp_count=66, fn_count=534
04-30 04:43 - mutual_info_img_txt.main_utils Label: Cardiomegaly,  Epoch 89 took 2054.289 s, training loss = 0.54520, validation_loss = 0.53286, validation accuracy=0.74877
04-30 04:43 - mutual_info_img_txt.main_utils   Total validation samples = 2432, total positive=1766, total negative=666 ,tp_count=1699, tn_count=122, fp_count=67, fn_count=544
04-30 05:52 - mutual_info_img_txt.main_utils Label: Cardiomegaly,  Epoch 90 took 2048.566 s, training loss = 0.54255, validation_loss = 0.54058, validation accuracy=0.74260
04-30 05:52 - mutual_info_img_txt.main_utils   Total validation samples = 2432, total positive=1767, total negative=665 ,tp_count=1697, tn_count=109, fp_count=70, fn_count=556
04-30 07:03 - mutual_info_img_txt.main_utils Label: Cardiomegaly,  Epoch 91 took 2112.056 s, training loss = 0.54271, validation_loss = 0.53706, validation accuracy=0.74342
04-30 07:03 - mutual_info_img_txt.main_utils   Total validation samples = 2432, total positive=1773, total negative=659 ,tp_count=1698, tn_count=110, fp_count=75, fn_count=549
04-30 08:19 - mutual_info_img_txt.main_utils Label: Cardiomegaly,  Epoch 92 took 2063.630 s, training loss = 0.54250, validation_loss = 0.53534, validation accuracy=0.74507
04-30 08:19 - mutual_info_img_txt.main_utils   Total validation samples = 2432, total positive=1770, total negative=662 ,tp_count=1702, tn_count=110, fp_count=68, fn_count=552
04-30 09:34 - mutual_info_img_txt.main_utils Label: Cardiomegaly,  Epoch 93 took 2288.664 s, training loss = 0.54361, validation_loss = 0.53041, validation accuracy=0.74671
04-30 09:34 - mutual_info_img_txt.main_utils   Total validation samples = 2432, total positive=1768, total negative=664 ,tp_count=1688, tn_count=128, fp_count=80, fn_count=536
04-30 10:44 - mutual_info_img_txt.main_utils Label: Cardiomegaly,  Epoch 94 took 2165.691 s, training loss = 0.54279, validation_loss = 0.52904, validation accuracy=0.74630
04-30 10:44 - mutual_info_img_txt.main_utils   Total validation samples = 2432, total positive=1773, total negative=659 ,tp_count=1701, tn_count=114, fp_count=72, fn_count=545
04-30 11:54 - mutual_info_img_txt.main_utils Label: Cardiomegaly,  Epoch 95 took 2132.848 s, training loss = 0.54331, validation_loss = 0.54224, validation accuracy=0.74054
04-30 11:54 - mutual_info_img_txt.main_utils   Total validation samples = 2432, total positive=1766, total negative=666 ,tp_count=1689, tn_count=112, fp_count=77, fn_count=554
04-30 13:07 - mutual_info_img_txt.main_utils Label: Cardiomegaly,  Epoch 96 took 2114.477 s, training loss = 0.54462, validation_loss = 0.53379, validation accuracy=0.74260
04-30 13:07 - mutual_info_img_txt.main_utils   Total validation samples = 2432, total positive=1772, total negative=660 ,tp_count=1701, tn_count=105, fp_count=71, fn_count=555
04-30 14:17 - mutual_info_img_txt.main_utils Label: Cardiomegaly,  Epoch 97 took 2183.149 s, training loss = 0.54404, validation_loss = 0.53082, validation accuracy=0.74342
04-30 14:17 - mutual_info_img_txt.main_utils   Total validation samples = 2432, total positive=1768, total negative=664 ,tp_count=1700, tn_count=108, fp_count=68, fn_count=556
04-30 15:26 - mutual_info_img_txt.main_utils Label: Cardiomegaly,  Epoch 98 took 2067.852 s, training loss = 0.54421, validation_loss = 0.53650, validation accuracy=0.73849
04-30 15:26 - mutual_info_img_txt.main_utils   Total validation samples = 2432, total positive=1767, total negative=665 ,tp_count=1679, tn_count=117, fp_count=88, fn_count=548
04-30 16:34 - mutual_info_img_txt.main_utils Label: Cardiomegaly,  Epoch 99 took 2035.757 s, training loss = 0.54346, validation_loss = 0.53169, validation accuracy=0.73849
04-30 16:34 - mutual_info_img_txt.main_utils   Total validation samples = 2432, total positive=1768, total negative=664 ,tp_count=1694, tn_count=102, fp_count=74, fn_count=562
04-30 17:41 - mutual_info_img_txt.main_utils Label: Cardiomegaly,  Epoch 100 took 2053.113 s, training loss = 0.54419, validation_loss = 0.53424, validation accuracy=0.75247
04-30 17:41 - mutual_info_img_txt.main_utils   Total validation samples = 2432, total positive=1770, total negative=662 ,tp_count=1700, tn_count=130, fp_count=70, fn_count=532
04-30 17:41 - mutual_info_img_txt.main_utils training loss:
04-30 17:41 - mutual_info_img_txt.main_utils [0.584023808769811, 0.5689921245241747, 0.5643994338315086, 0.5600881686123288, 0.5591865354590371, 0.5554972853476189, 0.5524319446313333, 0.55435741501715, 0.5541934102894979, 0.5541079860367639, 0.5503863847967404, 0.5509361198508108, 0.549601910840543, 0.5495097768597881, 0.5485549857448205, 0.5498398949608228, 0.5476354402635282, 0.5473957680863312, 0.5459019739479029, 0.548078737677842, 0.5480380644225686, 0.5456404608738794, 0.5455271166975495, 0.5432777509113503, 0.5455149173979197, 0.5446322567589086, 0.5447299795040768, 0.5444629899197064, 0.5461218929274596, 0.5429145011601002, 0.5442509518145221, 0.5438664417658279, 0.545096254575204, 0.5458842570535849, 0.5448027261642782, 0.5446452160784153, 0.5436932146144852, 0.5445905106604665, 0.5429503934273403, 0.5451490358630223, 0.5441744222812446, 0.5439978703310564, 0.5446802302082973, 0.5445098313660925, 0.5442939090922859, 0.5427633425273921, 0.5421242971109729, 0.5430843942120085, 0.544083383222448, 0.5414687623162444, 0.5445698266356092, 0.5426375041823213, 0.5436945979760168, 0.5445942817258382, 0.5435435615853992, 0.5423536355653967, 0.5456451064372483, 0.5435244938816112, 0.5438043425008756, 0.5433451628345324, 0.5425642052693154, 0.5421545543939158, 0.5422596424373228, 0.5433347862077375, 0.5425703249356155, 0.5430829602229224, 0.5429090760860547, 0.5440105171507702, 0.5441503911361281, 0.5449332478007597, 0.5436527231655095, 0.544116680059213, 0.5434084321944652, 0.5425300401214667, 0.5436383782199797, 0.5420151920622692, 0.5438776489352274, 0.5425771108071549, 0.5437059457056235, 0.5429129805946609, 0.5419904239465618, 0.5407946800441561, 0.5418755935765348, 0.5435299641241698, 0.5444114174254067, 0.5435791415550331, 0.5415811030398877, 0.543117218417099, 0.5451960913847065, 0.5425532435545928, 0.5427143342863753, 0.5424973755225722, 0.5436129480236421, 0.5427874376848238, 0.543309384155791, 0.5446173587113902, 0.5440363055815367, 0.5442051181476184, 0.5434596479909553, 0.5441851425850246]
04-30 17:41 - mutual_info_img_txt.main_utils validation loss:
04-30 17:41 - mutual_info_img_txt.main_utils [0.5580777078866959, 0.5504927690091886, 0.5516423269322044, 0.5483593603498057, 0.5476396052460921, 0.5408655632483331, 0.5551144817942067, 0.5462448722437808, 0.5469102483046683, 0.5448094959321775, 0.5427894333475515, 0.5370032983390909, 0.5411383948828045, 0.5312712906222594, 0.5410479118949488, 0.5362575179652164, 0.5350634518422579, 0.5445727243235237, 0.545418224052379, 0.5396096745603963, 0.5476374508518922, 0.5361941770503396, 0.5447070645658594, 0.5344875815667605, 0.5363945474750117, 0.5387773027545527, 0.5382790455692693, 0.5395251528212899, 0.5356522539728567, 0.5311853124907142, 0.5394868505628485, 0.5279464698151538, 0.532309029447405, 0.5306314049582732, 0.5252874438699923, 0.5357299941150766, 0.5409822126752452, 0.532335805265527, 0.5422413804029164, 0.5278362098493075, 0.5362285516763988, 0.5363510313786959, 0.5389102564046258, 0.5250505044272071, 0.5484229600743243, 0.5423355706428227, 0.5353001999227625, 0.5349220296269969, 0.5403180240016234, 0.5379640632554105, 0.5312782447589072, 0.5390529789422688, 0.5352761729767448, 0.5378402714666567, 0.5377406815164968, 0.5301966659332576, 0.5396126006778917, 0.5355912846954245, 0.530672657646631, 0.5341866926143044, 0.5321415325528697, 0.5389172450492257, 0.5339717245415637, 0.5334825664758682, 0.5411143851907629, 0.5371481972305399, 0.5283068018524271, 0.5405873640587455, 0.5323277327575182, 0.53934844857768, 0.5332740090395275, 0.5375969206032, 0.532398353281774, 0.533773273229599, 0.5441297143697739, 0.5432215019276267, 0.5297624719770331, 0.5348367196948904, 0.5432633600736919, 0.5425042008098803, 0.5328064215810675, 0.5383589652023817, 0.5352433810108587, 0.5390281175312243, 0.5340462209362733, 0.5336079864125503, 0.5306797788331383, 0.533484570289913, 0.5328640506455773, 0.5405806781429994, 0.5370615524680991, 0.5353411734104156, 0.5304072914939177, 0.5290445614802209, 0.5422427466041163, 0.533788935918557, 0.5308233883820082, 0.5365046356853685, 0.5316924868445647, 0.5342361668222829]
04-30 17:41 - mutual_info_img_txt.main_utils training accuracy:
04-30 17:41 - mutual_info_img_txt.main_utils [0.7225661465400272, 0.7191316146540027, 0.7210608887381276, 0.7249618385345997, 0.7292868046132972, 0.7286719810040706, 0.7282267639077341, 0.7272727272727273, 0.7299652306648575, 0.7309828697421981, 0.7311524762550882, 0.7316824966078698, 0.7293716078697422, 0.7324457259158752, 0.7304528493894166, 0.7329757462686567, 0.7354774423337856, 0.7333149592944369, 0.73672829036635, 0.7339721845318861, 0.7328485413839891, 0.7341629918588873, 0.7345234056987788, 0.7343962008141113, 0.7345870081411127, 0.7352866350067843, 0.7354138398914518, 0.7339509837177748, 0.7351594301221167, 0.7354138398914518, 0.7352018317503393, 0.736876696065129, 0.7354562415196744, 0.7368130936227951, 0.7347566146540027, 0.7345658073270014, 0.73655868385346, 0.7364950814111262, 0.7374279172320217, 0.73672829036635, 0.7336965739484396, 0.7353714382632293, 0.7364526797829036, 0.7373431139755766, 0.7347990162822252, 0.7354562415196744, 0.7365798846675712, 0.736876696065129, 0.7364950814111262, 0.7364102781546812, 0.7354986431478969, 0.7356046472184532, 0.7364314789687924, 0.7373007123473542, 0.7361346675712347, 0.7367494911804613, 0.7354138398914518, 0.7357106512890095, 0.7367918928086838, 0.7375975237449118, 0.737046302578019, 0.7371735074626866, 0.7373219131614654, 0.7393783921302578, 0.7368554952510177, 0.7372795115332429, 0.7347142130257802, 0.7388059701492538, 0.7380639416553596, 0.737046302578019, 0.7373643147896879, 0.7383183514246947, 0.7356682496607869, 0.7383183514246947, 0.7387423677069199, 0.735837856173677, 0.7362830732700135, 0.7372583107191316, 0.7372159090909091, 0.7346294097693351, 0.7372583107191316, 0.7353502374491181, 0.7364950814111262, 0.7368130936227951, 0.7370251017639078, 0.7352442333785617, 0.7364314789687924, 0.7376399253731343, 0.7361134667571235, 0.7357106512890095, 0.7362194708276798, 0.7370887042062415, 0.7385091587516961, 0.7368978968792401, 0.7368342944369064, 0.7350322252374492, 0.735753052917232, 0.7372795115332429, 0.7357318521031208, 0.7359650610583447]
04-30 17:41 - mutual_info_img_txt.main_utils validation accuracy:
04-30 17:41 - mutual_info_img_txt.main_utils [0.7397203947368421, 0.7335526315789473, 0.7380756578947368, 0.7405427631578947, 0.7417763157894737, 0.7446546052631579, 0.7314967105263158, 0.7380756578947368, 0.7364309210526315, 0.7397203947368421, 0.7417763157894737, 0.7368421052631579, 0.7388980263157895, 0.7368421052631579, 0.7372532894736842, 0.7401315789473685, 0.7524671052631579, 0.7360197368421053, 0.7393092105263158, 0.7479440789473685, 0.7364309210526315, 0.743421052631579, 0.7425986842105263, 0.7442434210526315, 0.7425986842105263, 0.7458881578947368, 0.7495888157894737, 0.7462993421052632, 0.743421052631579, 0.7462993421052632, 0.7438322368421053, 0.743421052631579, 0.7483552631578947, 0.7462993421052632, 0.7528782894736842, 0.7442434210526315, 0.7372532894736842, 0.7421875, 0.7442434210526315, 0.7537006578947368, 0.7458881578947368, 0.7442434210526315, 0.7458881578947368, 0.7504111842105263, 0.7364309210526315, 0.7388980263157895, 0.7417763157894737, 0.7421875, 0.7397203947368421, 0.7417763157894737, 0.7483552631578947, 0.7413651315789473, 0.7491776315789473, 0.7541118421052632, 0.7454769736842105, 0.7421875, 0.7430098684210527, 0.7421875, 0.7462993421052632, 0.7475328947368421, 0.7446546052631579, 0.7397203947368421, 0.743421052631579, 0.7458881578947368, 0.7376644736842105, 0.7417763157894737, 0.7462993421052632, 0.7454769736842105, 0.7541118421052632, 0.7401315789473685, 0.7388980263157895, 0.7450657894736842, 0.748766447368421, 0.7417763157894737, 0.7413651315789473, 0.7360197368421053, 0.7462993421052632, 0.7430098684210527, 0.7413651315789473, 0.7372532894736842, 0.7417763157894737, 0.7475328947368421, 0.7405427631578947, 0.7495888157894737, 0.7458881578947368, 0.748766447368421, 0.7467105263157895, 0.7532894736842105, 0.748766447368421, 0.7425986842105263, 0.743421052631579, 0.7450657894736842, 0.7467105263157895, 0.7462993421052632, 0.7405427631578947, 0.7425986842105263, 0.743421052631579, 0.7384868421052632, 0.7384868421052632, 0.7524671052631579]
04-30 17:41 - mutual_info_img_txt.main_utils Training for 100 Epochs checkpoint saved in /home/anhle/data/projects/Mutual-Information-MultiModal/save_dir/um_ae_epoch20/pytorch_image_classifier_Cardiomegaly_epoch54.bin
04-30 17:43 - mutual_info_img_txt.main_utils ExplainableImageModelManager training start, disease label= Pneumonia, args = Namespace(batch_size=64, bert_config_name='bert_config.json', bert_pretrained_dir='/home/anhle/data/projects/Mutual-Information-MultiModal/bert_pretrain_all_notes_150000', data_loader_workers=32, dataset_disease_stats='/home/anhle/data/projects/Mutual-Information-MultiModal/training_data/disease_stats.csv', dataset_metadata='/home/anhle/data/projects/Mutual-Information-MultiModal/training_data/training_label_negbio.csv', disease_label='Pneumonia', image_dir='/home/anhle/data/projects/Mutual-Information-MultiModal/full_data_set/images/', image_model_name='resnet256_6_2_1', img_size=256, init_lr=0.0005, max_seq_length=320, mi_estimator='dv', num_train_epochs=20, num_train_epochs_classifier=100, optimizer='Adam', output_channels=1, save_directory='/home/anhle/data/projects/Mutual-Information-MultiModal/save_dir/um_ae_epoch20', text_data_dir='/home/anhle/data/projects/Mutual-Information-MultiModal/training_data/text/')
04-30 17:43 - mutual_info_img_txt.main_utils total batch of train_data_loader:, total_batch = 525
04-30 18:26 - mutual_info_img_txt.main_utils Label: Pneumonia,  Epoch 1 took 1661.932 s, training loss = 0.67725, validation_loss = 0.66190, validation accuracy=0.59491
04-30 18:26 - mutual_info_img_txt.main_utils   Total validation samples = 1728, total positive=695, total negative=1033 ,tp_count=56, tn_count=972, fp_count=639, fn_count=61
04-30 18:52 - mutual_info_img_txt.main_utils Label: Pneumonia,  Epoch 2 took 899.514 s, training loss = 0.67104, validation_loss = 0.67022, validation accuracy=0.60301
04-30 18:52 - mutual_info_img_txt.main_utils   Total validation samples = 1728, total positive=687, total negative=1041 ,tp_count=2, tn_count=1040, fp_count=685, fn_count=1
04-30 19:05 - mutual_info_img_txt.main_utils Label: Pneumonia,  Epoch 3 took 373.687 s, training loss = 0.66843, validation_loss = 0.66666, validation accuracy=0.60069
04-30 19:05 - mutual_info_img_txt.main_utils   Total validation samples = 1728, total positive=691, total negative=1037 ,tp_count=1, tn_count=1037, fp_count=690, fn_count=0
04-30 19:13 - mutual_info_img_txt.main_utils Label: Pneumonia,  Epoch 4 took 282.053 s, training loss = 0.66675, validation_loss = 0.66019, validation accuracy=0.59954
04-30 19:13 - mutual_info_img_txt.main_utils   Total validation samples = 1728, total positive=686, total negative=1042 ,tp_count=20, tn_count=1016, fp_count=666, fn_count=26
04-30 19:20 - mutual_info_img_txt.main_utils Label: Pneumonia,  Epoch 5 took 199.435 s, training loss = 0.66625, validation_loss = 0.66006, validation accuracy=0.60706
04-30 19:20 - mutual_info_img_txt.main_utils   Total validation samples = 1728, total positive=687, total negative=1041 ,tp_count=24, tn_count=1025, fp_count=663, fn_count=16
04-30 19:26 - mutual_info_img_txt.main_utils Label: Pneumonia,  Epoch 6 took 178.464 s, training loss = 0.66356, validation_loss = 0.65834, validation accuracy=0.62095
04-30 19:26 - mutual_info_img_txt.main_utils   Total validation samples = 1728, total positive=690, total negative=1038 ,tp_count=117, tn_count=956, fp_count=573, fn_count=82
04-30 19:32 - mutual_info_img_txt.main_utils Label: Pneumonia,  Epoch 7 took 174.028 s, training loss = 0.66405, validation_loss = 0.65903, validation accuracy=0.61111
04-30 19:32 - mutual_info_img_txt.main_utils   Total validation samples = 1728, total positive=689, total negative=1039 ,tp_count=83, tn_count=973, fp_count=606, fn_count=66
04-30 19:38 - mutual_info_img_txt.main_utils Label: Pneumonia,  Epoch 8 took 170.994 s, training loss = 0.66287, validation_loss = 0.66070, validation accuracy=0.59259
04-30 19:38 - mutual_info_img_txt.main_utils   Total validation samples = 1728, total positive=691, total negative=1037 ,tp_count=70, tn_count=954, fp_count=621, fn_count=83
04-30 19:43 - mutual_info_img_txt.main_utils Label: Pneumonia,  Epoch 9 took 171.546 s, training loss = 0.66332, validation_loss = 0.65595, validation accuracy=0.60648
04-30 19:43 - mutual_info_img_txt.main_utils   Total validation samples = 1728, total positive=687, total negative=1041 ,tp_count=57, tn_count=991, fp_count=630, fn_count=50
04-30 19:49 - mutual_info_img_txt.main_utils Label: Pneumonia,  Epoch 10 took 167.213 s, training loss = 0.66041, validation_loss = 0.65765, validation accuracy=0.60938
04-30 19:49 - mutual_info_img_txt.main_utils   Total validation samples = 1728, total positive=688, total negative=1040 ,tp_count=119, tn_count=934, fp_count=569, fn_count=106
04-30 19:55 - mutual_info_img_txt.main_utils Label: Pneumonia,  Epoch 11 took 168.375 s, training loss = 0.66268, validation_loss = 0.65272, validation accuracy=0.61285
04-30 19:55 - mutual_info_img_txt.main_utils   Total validation samples = 1728, total positive=690, total negative=1038 ,tp_count=56, tn_count=1003, fp_count=634, fn_count=35
04-30 20:01 - mutual_info_img_txt.main_utils Label: Pneumonia,  Epoch 12 took 165.219 s, training loss = 0.66267, validation_loss = 0.65284, validation accuracy=0.60764
04-30 20:01 - mutual_info_img_txt.main_utils   Total validation samples = 1728, total positive=687, total negative=1041 ,tp_count=86, tn_count=964, fp_count=601, fn_count=77
04-30 20:06 - mutual_info_img_txt.main_utils Label: Pneumonia,  Epoch 13 took 165.131 s, training loss = 0.66126, validation_loss = 0.65132, validation accuracy=0.61111
04-30 20:06 - mutual_info_img_txt.main_utils   Total validation samples = 1728, total positive=683, total negative=1045 ,tp_count=81, tn_count=975, fp_count=602, fn_count=70
04-30 20:12 - mutual_info_img_txt.main_utils Label: Pneumonia,  Epoch 14 took 164.980 s, training loss = 0.66172, validation_loss = 0.65673, validation accuracy=0.60880
04-30 20:12 - mutual_info_img_txt.main_utils   Total validation samples = 1728, total positive=692, total negative=1036 ,tp_count=84, tn_count=968, fp_count=608, fn_count=68
04-30 20:18 - mutual_info_img_txt.main_utils Label: Pneumonia,  Epoch 15 took 165.600 s, training loss = 0.66038, validation_loss = 0.64867, validation accuracy=0.61748
04-30 20:18 - mutual_info_img_txt.main_utils   Total validation samples = 1728, total positive=690, total negative=1038 ,tp_count=97, tn_count=970, fp_count=593, fn_count=68
04-30 20:23 - mutual_info_img_txt.main_utils Label: Pneumonia,  Epoch 16 took 165.633 s, training loss = 0.66045, validation_loss = 0.65475, validation accuracy=0.60822
04-30 20:23 - mutual_info_img_txt.main_utils   Total validation samples = 1728, total positive=686, total negative=1042 ,tp_count=98, tn_count=953, fp_count=588, fn_count=89
04-30 20:29 - mutual_info_img_txt.main_utils Label: Pneumonia,  Epoch 17 took 166.482 s, training loss = 0.65820, validation_loss = 0.65360, validation accuracy=0.59838
04-30 20:29 - mutual_info_img_txt.main_utils   Total validation samples = 1728, total positive=689, total negative=1039 ,tp_count=98, tn_count=936, fp_count=591, fn_count=103
04-30 20:35 - mutual_info_img_txt.main_utils Label: Pneumonia,  Epoch 18 took 167.002 s, training loss = 0.66036, validation_loss = 0.66012, validation accuracy=0.60127
04-30 20:35 - mutual_info_img_txt.main_utils   Total validation samples = 1728, total positive=686, total negative=1042 ,tp_count=68, tn_count=971, fp_count=618, fn_count=71
04-30 20:40 - mutual_info_img_txt.main_utils Label: Pneumonia,  Epoch 19 took 166.882 s, training loss = 0.66020, validation_loss = 0.65268, validation accuracy=0.62731
04-30 20:40 - mutual_info_img_txt.main_utils   Total validation samples = 1728, total positive=686, total negative=1042 ,tp_count=132, tn_count=952, fp_count=554, fn_count=90
04-30 20:46 - mutual_info_img_txt.main_utils Label: Pneumonia,  Epoch 20 took 167.305 s, training loss = 0.65758, validation_loss = 0.64316, validation accuracy=0.60764
04-30 20:46 - mutual_info_img_txt.main_utils   Total validation samples = 1728, total positive=691, total negative=1037 ,tp_count=109, tn_count=941, fp_count=582, fn_count=96
04-30 20:52 - mutual_info_img_txt.main_utils Label: Pneumonia,  Epoch 21 took 166.191 s, training loss = 0.65956, validation_loss = 0.65261, validation accuracy=0.61458
04-30 20:52 - mutual_info_img_txt.main_utils   Total validation samples = 1728, total positive=681, total negative=1047 ,tp_count=94, tn_count=968, fp_count=587, fn_count=79
04-30 20:58 - mutual_info_img_txt.main_utils Label: Pneumonia,  Epoch 22 took 167.642 s, training loss = 0.65867, validation_loss = 0.65407, validation accuracy=0.60532
04-30 20:58 - mutual_info_img_txt.main_utils   Total validation samples = 1728, total positive=689, total negative=1039 ,tp_count=95, tn_count=951, fp_count=594, fn_count=88
04-30 21:03 - mutual_info_img_txt.main_utils Label: Pneumonia,  Epoch 23 took 165.927 s, training loss = 0.65920, validation_loss = 0.64769, validation accuracy=0.61921
04-30 21:03 - mutual_info_img_txt.main_utils   Total validation samples = 1728, total positive=693, total negative=1035 ,tp_count=90, tn_count=980, fp_count=603, fn_count=55
04-30 21:09 - mutual_info_img_txt.main_utils Label: Pneumonia,  Epoch 24 took 166.853 s, training loss = 0.65837, validation_loss = 0.65307, validation accuracy=0.60648
04-30 21:09 - mutual_info_img_txt.main_utils   Total validation samples = 1728, total positive=690, total negative=1038 ,tp_count=116, tn_count=932, fp_count=574, fn_count=106
04-30 21:15 - mutual_info_img_txt.main_utils Label: Pneumonia,  Epoch 25 took 167.168 s, training loss = 0.65772, validation_loss = 0.64684, validation accuracy=0.61516
04-30 21:15 - mutual_info_img_txt.main_utils   Total validation samples = 1728, total positive=690, total negative=1038 ,tp_count=128, tn_count=935, fp_count=562, fn_count=103
04-30 21:20 - mutual_info_img_txt.main_utils Label: Pneumonia,  Epoch 26 took 166.296 s, training loss = 0.65923, validation_loss = 0.64709, validation accuracy=0.61285
04-30 21:20 - mutual_info_img_txt.main_utils   Total validation samples = 1728, total positive=690, total negative=1038 ,tp_count=105, tn_count=954, fp_count=585, fn_count=84
04-30 21:26 - mutual_info_img_txt.main_utils Label: Pneumonia,  Epoch 27 took 164.752 s, training loss = 0.65813, validation_loss = 0.64907, validation accuracy=0.59375
04-30 21:26 - mutual_info_img_txt.main_utils   Total validation samples = 1728, total positive=687, total negative=1041 ,tp_count=93, tn_count=933, fp_count=594, fn_count=108
04-30 21:32 - mutual_info_img_txt.main_utils Label: Pneumonia,  Epoch 28 took 165.078 s, training loss = 0.65750, validation_loss = 0.64739, validation accuracy=0.61863
04-30 21:32 - mutual_info_img_txt.main_utils   Total validation samples = 1728, total positive=689, total negative=1039 ,tp_count=126, tn_count=943, fp_count=563, fn_count=96
04-30 21:37 - mutual_info_img_txt.main_utils Label: Pneumonia,  Epoch 29 took 165.548 s, training loss = 0.65784, validation_loss = 0.65192, validation accuracy=0.60417
04-30 21:37 - mutual_info_img_txt.main_utils   Total validation samples = 1728, total positive=690, total negative=1038 ,tp_count=117, tn_count=927, fp_count=573, fn_count=111
04-30 21:43 - mutual_info_img_txt.main_utils Label: Pneumonia,  Epoch 30 took 165.612 s, training loss = 0.65925, validation_loss = 0.64713, validation accuracy=0.61863
04-30 21:43 - mutual_info_img_txt.main_utils   Total validation samples = 1728, total positive=687, total negative=1041 ,tp_count=129, tn_count=940, fp_count=558, fn_count=101
04-30 21:49 - mutual_info_img_txt.main_utils Label: Pneumonia,  Epoch 31 took 165.511 s, training loss = 0.65780, validation_loss = 0.64816, validation accuracy=0.62442
04-30 21:49 - mutual_info_img_txt.main_utils   Total validation samples = 1728, total positive=688, total negative=1040 ,tp_count=119, tn_count=960, fp_count=569, fn_count=80
04-30 21:54 - mutual_info_img_txt.main_utils Label: Pneumonia,  Epoch 32 took 165.687 s, training loss = 0.65703, validation_loss = 0.64207, validation accuracy=0.62616
04-30 21:54 - mutual_info_img_txt.main_utils   Total validation samples = 1728, total positive=692, total negative=1036 ,tp_count=134, tn_count=948, fp_count=558, fn_count=88
04-30 22:00 - mutual_info_img_txt.main_utils Label: Pneumonia,  Epoch 33 took 164.804 s, training loss = 0.65878, validation_loss = 0.64808, validation accuracy=0.62037
04-30 22:00 - mutual_info_img_txt.main_utils   Total validation samples = 1728, total positive=686, total negative=1042 ,tp_count=112, tn_count=960, fp_count=574, fn_count=82
04-30 22:06 - mutual_info_img_txt.main_utils Label: Pneumonia,  Epoch 34 took 165.572 s, training loss = 0.65842, validation_loss = 0.65348, validation accuracy=0.60764
04-30 22:06 - mutual_info_img_txt.main_utils   Total validation samples = 1728, total positive=689, total negative=1039 ,tp_count=99, tn_count=951, fp_count=590, fn_count=88
04-30 22:11 - mutual_info_img_txt.main_utils Label: Pneumonia,  Epoch 35 took 165.164 s, training loss = 0.65689, validation_loss = 0.65119, validation accuracy=0.61690
04-30 22:11 - mutual_info_img_txt.main_utils   Total validation samples = 1728, total positive=694, total negative=1034 ,tp_count=119, tn_count=947, fp_count=575, fn_count=87
04-30 22:17 - mutual_info_img_txt.main_utils Label: Pneumonia,  Epoch 36 took 166.178 s, training loss = 0.65747, validation_loss = 0.66242, validation accuracy=0.60532
04-30 22:17 - mutual_info_img_txt.main_utils   Total validation samples = 1728, total positive=693, total negative=1035 ,tp_count=110, tn_count=936, fp_count=583, fn_count=99
04-30 22:23 - mutual_info_img_txt.main_utils Label: Pneumonia,  Epoch 37 took 166.751 s, training loss = 0.65701, validation_loss = 0.65502, validation accuracy=0.62500
04-30 22:23 - mutual_info_img_txt.main_utils   Total validation samples = 1728, total positive=688, total negative=1040 ,tp_count=131, tn_count=949, fp_count=557, fn_count=91
04-30 22:28 - mutual_info_img_txt.main_utils Label: Pneumonia,  Epoch 38 took 165.236 s, training loss = 0.65655, validation_loss = 0.65479, validation accuracy=0.60590
04-30 22:28 - mutual_info_img_txt.main_utils   Total validation samples = 1728, total positive=697, total negative=1031 ,tp_count=120, tn_count=927, fp_count=577, fn_count=104
04-30 22:34 - mutual_info_img_txt.main_utils Label: Pneumonia,  Epoch 39 took 165.251 s, training loss = 0.65873, validation_loss = 0.65260, validation accuracy=0.60590
04-30 22:34 - mutual_info_img_txt.main_utils   Total validation samples = 1728, total positive=691, total negative=1037 ,tp_count=103, tn_count=944, fp_count=588, fn_count=93
04-30 22:40 - mutual_info_img_txt.main_utils Label: Pneumonia,  Epoch 40 took 165.363 s, training loss = 0.65785, validation_loss = 0.64709, validation accuracy=0.61979
04-30 22:40 - mutual_info_img_txt.main_utils   Total validation samples = 1728, total positive=692, total negative=1036 ,tp_count=121, tn_count=950, fp_count=571, fn_count=86
04-30 22:45 - mutual_info_img_txt.main_utils Label: Pneumonia,  Epoch 41 took 165.644 s, training loss = 0.65785, validation_loss = 0.64960, validation accuracy=0.62211
04-30 22:45 - mutual_info_img_txt.main_utils   Total validation samples = 1728, total positive=688, total negative=1040 ,tp_count=125, tn_count=950, fp_count=563, fn_count=90
04-30 22:51 - mutual_info_img_txt.main_utils Label: Pneumonia,  Epoch 42 took 165.553 s, training loss = 0.65787, validation_loss = 0.64799, validation accuracy=0.62095
04-30 22:51 - mutual_info_img_txt.main_utils   Total validation samples = 1728, total positive=687, total negative=1041 ,tp_count=117, tn_count=956, fp_count=570, fn_count=85
04-30 22:57 - mutual_info_img_txt.main_utils Label: Pneumonia,  Epoch 43 took 164.861 s, training loss = 0.65789, validation_loss = 0.64857, validation accuracy=0.61690
04-30 22:57 - mutual_info_img_txt.main_utils   Total validation samples = 1728, total positive=690, total negative=1038 ,tp_count=115, tn_count=951, fp_count=575, fn_count=87
04-30 23:02 - mutual_info_img_txt.main_utils Label: Pneumonia,  Epoch 44 took 165.359 s, training loss = 0.65683, validation_loss = 0.64740, validation accuracy=0.60706
04-30 23:02 - mutual_info_img_txt.main_utils   Total validation samples = 1728, total positive=692, total negative=1036 ,tp_count=121, tn_count=928, fp_count=571, fn_count=108
04-30 23:08 - mutual_info_img_txt.main_utils Label: Pneumonia,  Epoch 45 took 165.180 s, training loss = 0.65933, validation_loss = 0.64425, validation accuracy=0.62616
04-30 23:08 - mutual_info_img_txt.main_utils   Total validation samples = 1728, total positive=690, total negative=1038 ,tp_count=120, tn_count=962, fp_count=570, fn_count=76
04-30 23:14 - mutual_info_img_txt.main_utils Label: Pneumonia,  Epoch 46 took 165.025 s, training loss = 0.65763, validation_loss = 0.65130, validation accuracy=0.60706
04-30 23:14 - mutual_info_img_txt.main_utils   Total validation samples = 1728, total positive=692, total negative=1036 ,tp_count=108, tn_count=941, fp_count=584, fn_count=95
04-30 23:19 - mutual_info_img_txt.main_utils Label: Pneumonia,  Epoch 47 took 164.754 s, training loss = 0.65761, validation_loss = 0.64663, validation accuracy=0.61458
04-30 23:19 - mutual_info_img_txt.main_utils   Total validation samples = 1728, total positive=691, total negative=1037 ,tp_count=122, tn_count=940, fp_count=569, fn_count=97
04-30 23:25 - mutual_info_img_txt.main_utils Label: Pneumonia,  Epoch 48 took 164.928 s, training loss = 0.65789, validation_loss = 0.65118, validation accuracy=0.60185
04-30 23:25 - mutual_info_img_txt.main_utils   Total validation samples = 1728, total positive=685, total negative=1043 ,tp_count=110, tn_count=930, fp_count=575, fn_count=113
04-30 23:31 - mutual_info_img_txt.main_utils Label: Pneumonia,  Epoch 49 took 165.274 s, training loss = 0.65625, validation_loss = 0.64935, validation accuracy=0.60417
04-30 23:31 - mutual_info_img_txt.main_utils   Total validation samples = 1728, total positive=693, total negative=1035 ,tp_count=119, tn_count=925, fp_count=574, fn_count=110
04-30 23:36 - mutual_info_img_txt.main_utils Label: Pneumonia,  Epoch 50 took 164.515 s, training loss = 0.65794, validation_loss = 0.65068, validation accuracy=0.62095
04-30 23:36 - mutual_info_img_txt.main_utils   Total validation samples = 1728, total positive=688, total negative=1040 ,tp_count=125, tn_count=948, fp_count=563, fn_count=92
04-30 23:42 - mutual_info_img_txt.main_utils Label: Pneumonia,  Epoch 51 took 164.347 s, training loss = 0.65812, validation_loss = 0.64511, validation accuracy=0.62095
04-30 23:42 - mutual_info_img_txt.main_utils   Total validation samples = 1728, total positive=691, total negative=1037 ,tp_count=119, tn_count=954, fp_count=572, fn_count=83
04-30 23:48 - mutual_info_img_txt.main_utils Label: Pneumonia,  Epoch 52 took 165.349 s, training loss = 0.65780, validation_loss = 0.65577, validation accuracy=0.61111
04-30 23:48 - mutual_info_img_txt.main_utils   Total validation samples = 1728, total positive=691, total negative=1037 ,tp_count=125, tn_count=931, fp_count=566, fn_count=106
04-30 23:53 - mutual_info_img_txt.main_utils Label: Pneumonia,  Epoch 53 took 164.979 s, training loss = 0.65720, validation_loss = 0.65421, validation accuracy=0.61806
04-30 23:53 - mutual_info_img_txt.main_utils   Total validation samples = 1728, total positive=697, total negative=1031 ,tp_count=127, tn_count=941, fp_count=570, fn_count=90
04-30 23:59 - mutual_info_img_txt.main_utils Label: Pneumonia,  Epoch 54 took 165.051 s, training loss = 0.65797, validation_loss = 0.65553, validation accuracy=0.60706
04-30 23:59 - mutual_info_img_txt.main_utils   Total validation samples = 1728, total positive=681, total negative=1047 ,tp_count=121, tn_count=928, fp_count=560, fn_count=119
05-01 00:04 - mutual_info_img_txt.main_utils Label: Pneumonia,  Epoch 55 took 164.718 s, training loss = 0.65737, validation_loss = 0.64726, validation accuracy=0.61111
05-01 00:04 - mutual_info_img_txt.main_utils   Total validation samples = 1728, total positive=687, total negative=1041 ,tp_count=120, tn_count=936, fp_count=567, fn_count=105
05-01 00:10 - mutual_info_img_txt.main_utils Label: Pneumonia,  Epoch 56 took 164.999 s, training loss = 0.65846, validation_loss = 0.64567, validation accuracy=0.62211
05-01 00:10 - mutual_info_img_txt.main_utils   Total validation samples = 1728, total positive=686, total negative=1042 ,tp_count=135, tn_count=940, fp_count=551, fn_count=102
05-01 00:16 - mutual_info_img_txt.main_utils Label: Pneumonia,  Epoch 57 took 165.359 s, training loss = 0.65691, validation_loss = 0.65503, validation accuracy=0.61053
05-01 00:16 - mutual_info_img_txt.main_utils   Total validation samples = 1728, total positive=690, total negative=1038 ,tp_count=113, tn_count=942, fp_count=577, fn_count=96
05-01 00:21 - mutual_info_img_txt.main_utils Label: Pneumonia,  Epoch 58 took 165.341 s, training loss = 0.65744, validation_loss = 0.64807, validation accuracy=0.61458
05-01 00:21 - mutual_info_img_txt.main_utils   Total validation samples = 1728, total positive=689, total negative=1039 ,tp_count=119, tn_count=943, fp_count=570, fn_count=96
05-01 00:27 - mutual_info_img_txt.main_utils Label: Pneumonia,  Epoch 59 took 164.713 s, training loss = 0.65660, validation_loss = 0.65162, validation accuracy=0.62095
05-01 00:27 - mutual_info_img_txt.main_utils   Total validation samples = 1728, total positive=692, total negative=1036 ,tp_count=124, tn_count=949, fp_count=568, fn_count=87
05-01 00:33 - mutual_info_img_txt.main_utils Label: Pneumonia,  Epoch 60 took 165.330 s, training loss = 0.65697, validation_loss = 0.64458, validation accuracy=0.61979
05-01 00:33 - mutual_info_img_txt.main_utils   Total validation samples = 1728, total positive=686, total negative=1042 ,tp_count=126, tn_count=945, fp_count=560, fn_count=97
05-01 00:38 - mutual_info_img_txt.main_utils Label: Pneumonia,  Epoch 61 took 165.259 s, training loss = 0.65640, validation_loss = 0.64928, validation accuracy=0.61921
05-01 00:38 - mutual_info_img_txt.main_utils   Total validation samples = 1728, total positive=690, total negative=1038 ,tp_count=123, tn_count=947, fp_count=567, fn_count=91
05-01 00:44 - mutual_info_img_txt.main_utils Label: Pneumonia,  Epoch 62 took 165.009 s, training loss = 0.65614, validation_loss = 0.65086, validation accuracy=0.61690
05-01 00:44 - mutual_info_img_txt.main_utils   Total validation samples = 1728, total positive=689, total negative=1039 ,tp_count=119, tn_count=947, fp_count=570, fn_count=92
05-01 00:50 - mutual_info_img_txt.main_utils Label: Pneumonia,  Epoch 63 took 164.846 s, training loss = 0.65725, validation_loss = 0.64657, validation accuracy=0.62384
05-01 00:50 - mutual_info_img_txt.main_utils   Total validation samples = 1728, total positive=689, total negative=1039 ,tp_count=125, tn_count=953, fp_count=564, fn_count=86
05-01 00:55 - mutual_info_img_txt.main_utils Label: Pneumonia,  Epoch 64 took 165.575 s, training loss = 0.65678, validation_loss = 0.64925, validation accuracy=0.60648
05-01 00:55 - mutual_info_img_txt.main_utils   Total validation samples = 1728, total positive=695, total negative=1033 ,tp_count=115, tn_count=933, fp_count=580, fn_count=100
05-01 01:01 - mutual_info_img_txt.main_utils Label: Pneumonia,  Epoch 65 took 164.694 s, training loss = 0.65548, validation_loss = 0.64553, validation accuracy=0.62326
05-01 01:01 - mutual_info_img_txt.main_utils   Total validation samples = 1728, total positive=692, total negative=1036 ,tp_count=128, tn_count=949, fp_count=564, fn_count=87
05-01 01:07 - mutual_info_img_txt.main_utils Label: Pneumonia,  Epoch 66 took 164.124 s, training loss = 0.65858, validation_loss = 0.64877, validation accuracy=0.61111
05-01 01:07 - mutual_info_img_txt.main_utils   Total validation samples = 1728, total positive=685, total negative=1043 ,tp_count=113, tn_count=943, fp_count=572, fn_count=100
05-01 01:12 - mutual_info_img_txt.main_utils Label: Pneumonia,  Epoch 67 took 164.466 s, training loss = 0.65734, validation_loss = 0.64705, validation accuracy=0.61806
05-01 01:12 - mutual_info_img_txt.main_utils   Total validation samples = 1728, total positive=688, total negative=1040 ,tp_count=121, tn_count=947, fp_count=567, fn_count=93
05-01 01:18 - mutual_info_img_txt.main_utils Label: Pneumonia,  Epoch 68 took 166.151 s, training loss = 0.65560, validation_loss = 0.64619, validation accuracy=0.61400
05-01 01:18 - mutual_info_img_txt.main_utils   Total validation samples = 1728, total positive=688, total negative=1040 ,tp_count=116, tn_count=945, fp_count=572, fn_count=95
05-01 01:24 - mutual_info_img_txt.main_utils Label: Pneumonia,  Epoch 69 took 164.473 s, training loss = 0.65803, validation_loss = 0.64776, validation accuracy=0.61285
05-01 01:24 - mutual_info_img_txt.main_utils   Total validation samples = 1728, total positive=690, total negative=1038 ,tp_count=117, tn_count=942, fp_count=573, fn_count=96
05-01 01:29 - mutual_info_img_txt.main_utils Label: Pneumonia,  Epoch 70 took 164.309 s, training loss = 0.65681, validation_loss = 0.64703, validation accuracy=0.61343
05-01 01:29 - mutual_info_img_txt.main_utils   Total validation samples = 1728, total positive=683, total negative=1045 ,tp_count=111, tn_count=949, fp_count=572, fn_count=96
05-01 01:35 - mutual_info_img_txt.main_utils Label: Pneumonia,  Epoch 71 took 164.446 s, training loss = 0.65551, validation_loss = 0.64888, validation accuracy=0.61979
05-01 01:35 - mutual_info_img_txt.main_utils   Total validation samples = 1728, total positive=685, total negative=1043 ,tp_count=127, tn_count=944, fp_count=558, fn_count=99
05-01 01:41 - mutual_info_img_txt.main_utils Label: Pneumonia,  Epoch 72 took 165.728 s, training loss = 0.65893, validation_loss = 0.65019, validation accuracy=0.61111
05-01 01:41 - mutual_info_img_txt.main_utils   Total validation samples = 1728, total positive=694, total negative=1034 ,tp_count=125, tn_count=931, fp_count=569, fn_count=103
05-01 01:46 - mutual_info_img_txt.main_utils Label: Pneumonia,  Epoch 73 took 164.877 s, training loss = 0.65727, validation_loss = 0.65151, validation accuracy=0.61053
05-01 01:46 - mutual_info_img_txt.main_utils   Total validation samples = 1728, total positive=693, total negative=1035 ,tp_count=118, tn_count=937, fp_count=575, fn_count=98
05-01 01:52 - mutual_info_img_txt.main_utils Label: Pneumonia,  Epoch 74 took 164.197 s, training loss = 0.65650, validation_loss = 0.64612, validation accuracy=0.62384
05-01 01:52 - mutual_info_img_txt.main_utils   Total validation samples = 1728, total positive=690, total negative=1038 ,tp_count=123, tn_count=955, fp_count=567, fn_count=83
05-01 01:58 - mutual_info_img_txt.main_utils Label: Pneumonia,  Epoch 75 took 165.053 s, training loss = 0.65647, validation_loss = 0.64873, validation accuracy=0.60764
05-01 01:58 - mutual_info_img_txt.main_utils   Total validation samples = 1728, total positive=689, total negative=1039 ,tp_count=113, tn_count=937, fp_count=576, fn_count=102
05-01 02:03 - mutual_info_img_txt.main_utils Label: Pneumonia,  Epoch 76 took 164.688 s, training loss = 0.65678, validation_loss = 0.64567, validation accuracy=0.61748
05-01 02:03 - mutual_info_img_txt.main_utils   Total validation samples = 1728, total positive=692, total negative=1036 ,tp_count=126, tn_count=941, fp_count=566, fn_count=95
05-01 02:09 - mutual_info_img_txt.main_utils Label: Pneumonia,  Epoch 77 took 163.701 s, training loss = 0.65733, validation_loss = 0.65057, validation accuracy=0.61574
05-01 02:09 - mutual_info_img_txt.main_utils   Total validation samples = 1728, total positive=686, total negative=1042 ,tp_count=117, tn_count=947, fp_count=569, fn_count=95
05-01 02:14 - mutual_info_img_txt.main_utils Label: Pneumonia,  Epoch 78 took 165.115 s, training loss = 0.65711, validation_loss = 0.64978, validation accuracy=0.61574
05-01 02:14 - mutual_info_img_txt.main_utils   Total validation samples = 1728, total positive=688, total negative=1040 ,tp_count=114, tn_count=950, fp_count=574, fn_count=90
05-01 02:20 - mutual_info_img_txt.main_utils Label: Pneumonia,  Epoch 79 took 164.943 s, training loss = 0.65659, validation_loss = 0.64722, validation accuracy=0.62153
05-01 02:20 - mutual_info_img_txt.main_utils   Total validation samples = 1728, total positive=687, total negative=1041 ,tp_count=119, tn_count=955, fp_count=568, fn_count=86
05-01 02:26 - mutual_info_img_txt.main_utils Label: Pneumonia,  Epoch 80 took 164.729 s, training loss = 0.65908, validation_loss = 0.65421, validation accuracy=0.61169
05-01 02:26 - mutual_info_img_txt.main_utils   Total validation samples = 1728, total positive=686, total negative=1042 ,tp_count=112, tn_count=945, fp_count=574, fn_count=97
05-01 02:31 - mutual_info_img_txt.main_utils Label: Pneumonia,  Epoch 81 took 165.243 s, training loss = 0.65680, validation_loss = 0.64773, validation accuracy=0.61458
05-01 02:31 - mutual_info_img_txt.main_utils   Total validation samples = 1728, total positive=688, total negative=1040 ,tp_count=116, tn_count=946, fp_count=572, fn_count=94
05-01 02:37 - mutual_info_img_txt.main_utils Label: Pneumonia,  Epoch 82 took 164.296 s, training loss = 0.65758, validation_loss = 0.65432, validation accuracy=0.60822
05-01 02:37 - mutual_info_img_txt.main_utils   Total validation samples = 1728, total positive=695, total negative=1033 ,tp_count=119, tn_count=932, fp_count=576, fn_count=101
05-01 02:43 - mutual_info_img_txt.main_utils Label: Pneumonia,  Epoch 83 took 164.707 s, training loss = 0.65624, validation_loss = 0.65140, validation accuracy=0.60532
05-01 02:43 - mutual_info_img_txt.main_utils   Total validation samples = 1728, total positive=688, total negative=1040 ,tp_count=101, tn_count=945, fp_count=587, fn_count=95
05-01 02:48 - mutual_info_img_txt.main_utils Label: Pneumonia,  Epoch 84 took 165.876 s, training loss = 0.65597, validation_loss = 0.65088, validation accuracy=0.62616
05-01 02:48 - mutual_info_img_txt.main_utils   Total validation samples = 1728, total positive=687, total negative=1041 ,tp_count=121, tn_count=961, fp_count=566, fn_count=80
05-01 02:54 - mutual_info_img_txt.main_utils Label: Pneumonia,  Epoch 85 took 165.226 s, training loss = 0.65786, validation_loss = 0.64518, validation accuracy=0.61574
05-01 02:54 - mutual_info_img_txt.main_utils   Total validation samples = 1728, total positive=687, total negative=1041 ,tp_count=117, tn_count=947, fp_count=570, fn_count=94
05-01 03:00 - mutual_info_img_txt.main_utils Label: Pneumonia,  Epoch 86 took 164.780 s, training loss = 0.65661, validation_loss = 0.64769, validation accuracy=0.61053
05-01 03:00 - mutual_info_img_txt.main_utils   Total validation samples = 1728, total positive=691, total negative=1037 ,tp_count=114, tn_count=941, fp_count=577, fn_count=96
05-01 03:05 - mutual_info_img_txt.main_utils Label: Pneumonia,  Epoch 87 took 164.634 s, training loss = 0.65651, validation_loss = 0.65457, validation accuracy=0.60938
05-01 03:05 - mutual_info_img_txt.main_utils   Total validation samples = 1728, total positive=690, total negative=1038 ,tp_count=109, tn_count=944, fp_count=581, fn_count=94
05-01 03:11 - mutual_info_img_txt.main_utils Label: Pneumonia,  Epoch 88 took 165.807 s, training loss = 0.65694, validation_loss = 0.64743, validation accuracy=0.62905
05-01 03:11 - mutual_info_img_txt.main_utils   Total validation samples = 1728, total positive=690, total negative=1038 ,tp_count=134, tn_count=953, fp_count=556, fn_count=85
05-01 03:17 - mutual_info_img_txt.main_utils Label: Pneumonia,  Epoch 89 took 165.649 s, training loss = 0.65694, validation_loss = 0.64586, validation accuracy=0.62616
05-01 03:17 - mutual_info_img_txt.main_utils   Total validation samples = 1728, total positive=686, total negative=1042 ,tp_count=130, tn_count=952, fp_count=556, fn_count=90
05-01 03:22 - mutual_info_img_txt.main_utils Label: Pneumonia,  Epoch 90 took 165.341 s, training loss = 0.65750, validation_loss = 0.65335, validation accuracy=0.60938
05-01 03:22 - mutual_info_img_txt.main_utils   Total validation samples = 1728, total positive=692, total negative=1036 ,tp_count=131, tn_count=922, fp_count=561, fn_count=114
05-01 03:28 - mutual_info_img_txt.main_utils Label: Pneumonia,  Epoch 91 took 164.966 s, training loss = 0.65729, validation_loss = 0.65439, validation accuracy=0.60995
05-01 03:28 - mutual_info_img_txt.main_utils   Total validation samples = 1728, total positive=692, total negative=1036 ,tp_count=127, tn_count=927, fp_count=565, fn_count=109
05-01 03:34 - mutual_info_img_txt.main_utils Label: Pneumonia,  Epoch 92 took 165.033 s, training loss = 0.65748, validation_loss = 0.64739, validation accuracy=0.61748
05-01 03:34 - mutual_info_img_txt.main_utils   Total validation samples = 1728, total positive=686, total negative=1042 ,tp_count=121, tn_count=946, fp_count=565, fn_count=96
05-01 03:39 - mutual_info_img_txt.main_utils Label: Pneumonia,  Epoch 93 took 165.458 s, training loss = 0.65742, validation_loss = 0.65876, validation accuracy=0.61169
05-01 03:39 - mutual_info_img_txt.main_utils   Total validation samples = 1728, total positive=689, total negative=1039 ,tp_count=114, tn_count=943, fp_count=575, fn_count=96
05-01 03:45 - mutual_info_img_txt.main_utils Label: Pneumonia,  Epoch 94 took 166.155 s, training loss = 0.65616, validation_loss = 0.64563, validation accuracy=0.61806
05-01 03:45 - mutual_info_img_txt.main_utils   Total validation samples = 1728, total positive=687, total negative=1041 ,tp_count=134, tn_count=934, fp_count=553, fn_count=107
05-01 03:51 - mutual_info_img_txt.main_utils Label: Pneumonia,  Epoch 95 took 164.818 s, training loss = 0.65768, validation_loss = 0.65297, validation accuracy=0.61748
05-01 03:51 - mutual_info_img_txt.main_utils   Total validation samples = 1728, total positive=691, total negative=1037 ,tp_count=125, tn_count=942, fp_count=566, fn_count=95
05-01 03:56 - mutual_info_img_txt.main_utils Label: Pneumonia,  Epoch 96 took 164.845 s, training loss = 0.65824, validation_loss = 0.64447, validation accuracy=0.62847
05-01 03:56 - mutual_info_img_txt.main_utils   Total validation samples = 1728, total positive=685, total negative=1043 ,tp_count=135, tn_count=951, fp_count=550, fn_count=92
05-01 04:02 - mutual_info_img_txt.main_utils Label: Pneumonia,  Epoch 97 took 164.655 s, training loss = 0.65643, validation_loss = 0.64654, validation accuracy=0.61806
05-01 04:02 - mutual_info_img_txt.main_utils   Total validation samples = 1728, total positive=692, total negative=1036 ,tp_count=115, tn_count=953, fp_count=577, fn_count=83
05-01 04:07 - mutual_info_img_txt.main_utils Label: Pneumonia,  Epoch 98 took 164.624 s, training loss = 0.65798, validation_loss = 0.65059, validation accuracy=0.60475
05-01 04:07 - mutual_info_img_txt.main_utils   Total validation samples = 1728, total positive=693, total negative=1035 ,tp_count=113, tn_count=932, fp_count=580, fn_count=103
05-01 04:13 - mutual_info_img_txt.main_utils Label: Pneumonia,  Epoch 99 took 163.995 s, training loss = 0.65790, validation_loss = 0.64825, validation accuracy=0.62153
05-01 04:13 - mutual_info_img_txt.main_utils   Total validation samples = 1728, total positive=686, total negative=1042 ,tp_count=139, tn_count=935, fp_count=547, fn_count=107
05-01 04:19 - mutual_info_img_txt.main_utils Label: Pneumonia,  Epoch 100 took 164.350 s, training loss = 0.65794, validation_loss = 0.65007, validation accuracy=0.62442
05-01 04:19 - mutual_info_img_txt.main_utils   Total validation samples = 1728, total positive=690, total negative=1038 ,tp_count=130, tn_count=949, fp_count=560, fn_count=89
05-01 04:19 - mutual_info_img_txt.main_utils training loss:
05-01 04:19 - mutual_info_img_txt.main_utils [0.6772485821587699, 0.6710367190270197, 0.6684323100816636, 0.666754670597258, 0.6662543731644041, 0.6635578028361002, 0.6640544361159915, 0.6628670954704284, 0.6633206981704348, 0.6604068548338754, 0.6626783646856036, 0.6626739581425984, 0.6612644533883958, 0.6617180557478042, 0.6603843113354274, 0.6604484336716788, 0.6582015622229803, 0.6603610064869835, 0.6601980098088582, 0.6575771124022347, 0.6595592641830444, 0.658671638511476, 0.659203124613989, 0.6583712827591669, 0.6577225564775013, 0.6592329781396048, 0.6581274502617972, 0.6574966974485488, 0.6578405203138079, 0.6592497337432135, 0.6577972449575151, 0.6570313769295102, 0.6587840445836385, 0.6584221457299732, 0.6568922335760934, 0.6574729354040963, 0.657010581039247, 0.6565536223139081, 0.6587325315248399, 0.6578529192152478, 0.6578542396000453, 0.6578692302249727, 0.6578908738635835, 0.6568317938986279, 0.6593284887359255, 0.6576256202516102, 0.6576137433733259, 0.6578869377999078, 0.6562535283679054, 0.6579363636743455, 0.6581229518708729, 0.6578016068821861, 0.6572032810392834, 0.6579736412139165, 0.6573680577959333, 0.6584557141576495, 0.6569127754938034, 0.6574376215253558, 0.6566037358556475, 0.6569660604567755, 0.6563952573140462, 0.6561422387758891, 0.6572492099943615, 0.6567777791477385, 0.6554783880142938, 0.6585834364663987, 0.6573416991460891, 0.6556047924359639, 0.6580329729261852, 0.6568133162316822, 0.6555097638993036, 0.6589306256884621, 0.6572667472703116, 0.6565039777755737, 0.6564669972374326, 0.6567809011822655, 0.657326926049732, 0.6571077639716012, 0.6565905023756481, 0.6590838423229399, 0.6567988706770398, 0.6575802169527326, 0.6562445037705558, 0.655967759291331, 0.6578561656815665, 0.6566108087130955, 0.6565095102219355, 0.6569368613333929, 0.656938414687202, 0.6575006399835859, 0.6572907988230388, 0.6574832046599616, 0.6574176170712426, 0.6561648740087237, 0.6576754902658009, 0.658237567629133, 0.6564311370395479, 0.6579837069057283, 0.6579011956850688, 0.657941400437128]
05-01 04:19 - mutual_info_img_txt.main_utils validation loss:
05-01 04:19 - mutual_info_img_txt.main_utils [0.6618977829262063, 0.6702185957520096, 0.6666599534176014, 0.6601852399331553, 0.6600616795045359, 0.6583390081370318, 0.6590328282780118, 0.6606993940141466, 0.6559522681766086, 0.6576499983116433, 0.6527201533317566, 0.652843486379694, 0.6513151769284848, 0.6567302456608525, 0.6486720442771912, 0.6547500910582366, 0.6536037745299162, 0.6601230259294864, 0.6526802535410281, 0.6431644779664499, 0.6526134411493937, 0.654066405914448, 0.6476911769972907, 0.6530685468956277, 0.6468410756852891, 0.6470904593114499, 0.6490724991869044, 0.6473864692228811, 0.6519174465426693, 0.6471279042738455, 0.6481614134929798, 0.6420727063108373, 0.6480751876477842, 0.6534774215133102, 0.6511886208145706, 0.6624223369139212, 0.6550164708384761, 0.6547868141421566, 0.6525973412725661, 0.647093516808969, 0.6496044485657303, 0.6479883458879259, 0.6485730166788455, 0.6473959463614004, 0.644253757264879, 0.65130114113843, 0.6466310554080539, 0.6511757638719347, 0.6493477468137387, 0.6506830829161184, 0.64510828477365, 0.6557702576672589, 0.6542111922193456, 0.6555321393189607, 0.6472603193035832, 0.645667967972932, 0.6550304470238862, 0.6480727504800867, 0.6516239444414774, 0.644583112663693, 0.6492823561032613, 0.6508600778049893, 0.6465664660489118, 0.6492458339090701, 0.6455260228227686, 0.6487650518064145, 0.6470541622903612, 0.6461862723032633, 0.6477640337414212, 0.6470255432305513, 0.6488812146363435, 0.6501896425529763, 0.651508077427193, 0.6461241730937252, 0.64872631099489, 0.6456726171352245, 0.6505676375495063, 0.6497833905396638, 0.6472188190177635, 0.6542096910653291, 0.6477264342484651, 0.6543225270730478, 0.6514047605020029, 0.6508810056580437, 0.6451821834952743, 0.6476896228613677, 0.6545653343200684, 0.6474303868081834, 0.64586075146993, 0.6533453707341794, 0.6543917965005945, 0.6473889019754198, 0.6587588963685213, 0.6456269401091116, 0.6529749124138443, 0.6444731685850356, 0.6465434145044398, 0.6505886007238317, 0.6482526196373833, 0.6500711418964245]
05-01 04:19 - mutual_info_img_txt.main_utils training accuracy:
05-01 04:19 - mutual_info_img_txt.main_utils [0.5894642857142857, 0.5977083333333333, 0.5980357142857143, 0.599047619047619, 0.5998809523809524, 0.6011011904761905, 0.5982142857142857, 0.6030357142857142, 0.601875, 0.6001785714285715, 0.6039285714285715, 0.6027083333333333, 0.6060416666666667, 0.6053273809523809, 0.605625, 0.6064285714285714, 0.6083035714285714, 0.6054464285714286, 0.6040178571428572, 0.6067857142857143, 0.6053869047619047, 0.6054464285714286, 0.6047619047619047, 0.6066369047619048, 0.6055952380952381, 0.6064880952380952, 0.6063095238095239, 0.6097023809523809, 0.6076190476190476, 0.6113690476190476, 0.6061011904761905, 0.6058035714285714, 0.6086904761904762, 0.6094940476190476, 0.6106845238095238, 0.6077976190476191, 0.606279761904762, 0.6060714285714286, 0.6076190476190476, 0.605297619047619, 0.6096130952380953, 0.6081845238095238, 0.6061011904761905, 0.6070535714285714, 0.606875, 0.6084821428571429, 0.6084821428571429, 0.6078571428571429, 0.6076488095238095, 0.6057738095238095, 0.6075, 0.6105654761904762, 0.608125, 0.607827380952381, 0.6089880952380953, 0.6096130952380953, 0.6055059523809524, 0.6074702380952381, 0.6088988095238095, 0.6098214285714286, 0.6093154761904762, 0.60875, 0.6077976190476191, 0.6067261904761905, 0.608125, 0.6064880952380952, 0.6086309523809523, 0.6102083333333334, 0.6079761904761904, 0.6078571428571429, 0.6097619047619047, 0.6081845238095238, 0.6089285714285714, 0.6090476190476191, 0.6076190476190476, 0.60625, 0.6079761904761904, 0.6086904761904762, 0.6092559523809524, 0.6091666666666666, 0.606577380952381, 0.6056547619047619, 0.6083035714285714, 0.6077380952380952, 0.6076190476190476, 0.6074107142857142, 0.6069345238095238, 0.6060416666666667, 0.6104166666666667, 0.6041369047619047, 0.6076785714285714, 0.609672619047619, 0.6079761904761904, 0.6061607142857143, 0.60375, 0.6090476190476191, 0.6088988095238095, 0.6087797619047619, 0.6094642857142857, 0.6068154761904762]
05-01 04:19 - mutual_info_img_txt.main_utils validation accuracy:
05-01 04:19 - mutual_info_img_txt.main_utils [0.5949074074074074, 0.6030092592592593, 0.6006944444444444, 0.5995370370370371, 0.6070601851851852, 0.6209490740740741, 0.6111111111111112, 0.5925925925925926, 0.6064814814814815, 0.609375, 0.6128472222222222, 0.6076388888888888, 0.6111111111111112, 0.6087962962962963, 0.6174768518518519, 0.6082175925925926, 0.5983796296296297, 0.6012731481481481, 0.6273148148148148, 0.6076388888888888, 0.6145833333333334, 0.6053240740740741, 0.6192129629629629, 0.6064814814814815, 0.6151620370370371, 0.6128472222222222, 0.59375, 0.6186342592592593, 0.6041666666666666, 0.6186342592592593, 0.6244212962962963, 0.6261574074074074, 0.6203703703703703, 0.6076388888888888, 0.6168981481481481, 0.6053240740740741, 0.625, 0.6059027777777778, 0.6059027777777778, 0.6197916666666666, 0.6221064814814815, 0.6209490740740741, 0.6168981481481481, 0.6070601851851852, 0.6261574074074074, 0.6070601851851852, 0.6145833333333334, 0.6018518518518519, 0.6041666666666666, 0.6209490740740741, 0.6209490740740741, 0.6111111111111112, 0.6180555555555556, 0.6070601851851852, 0.6111111111111112, 0.6221064814814815, 0.6105324074074074, 0.6145833333333334, 0.6209490740740741, 0.6197916666666666, 0.6192129629629629, 0.6168981481481481, 0.6238425925925926, 0.6064814814814815, 0.6232638888888888, 0.6111111111111112, 0.6180555555555556, 0.6140046296296297, 0.6128472222222222, 0.6134259259259259, 0.6197916666666666, 0.6111111111111112, 0.6105324074074074, 0.6238425925925926, 0.6076388888888888, 0.6174768518518519, 0.6157407407407407, 0.6157407407407407, 0.6215277777777778, 0.6116898148148148, 0.6145833333333334, 0.6082175925925926, 0.6053240740740741, 0.6261574074074074, 0.6157407407407407, 0.6105324074074074, 0.609375, 0.6290509259259259, 0.6261574074074074, 0.609375, 0.6099537037037037, 0.6174768518518519, 0.6116898148148148, 0.6180555555555556, 0.6174768518518519, 0.6284722222222222, 0.6180555555555556, 0.6047453703703703, 0.6215277777777778, 0.6244212962962963]
05-01 04:19 - mutual_info_img_txt.main_utils Training for 100 Epochs checkpoint saved in /home/anhle/data/projects/Mutual-Information-MultiModal/save_dir/um_ae_epoch20/pytorch_image_classifier_Pneumonia_epoch88.bin
