04-08 22:06 - mutual_info_img_txt.main_utils ExplainableImageModelManager training start, disease label= Cardiomegaly, args = Namespace(batch_size=64, bert_config_name='bert_config.json', bert_pretrained_dir='/home/anhle/data/projects/Mutual-Information-MultiModal/bert_pretrain_all_notes_150000', data_loader_workers=32, dataset_disease_stats='/home/anhle/data/projects/Mutual-Information-MultiModal/training_data/disease_stats.csv', dataset_metadata='/home/anhle/data/projects/Mutual-Information-MultiModal/training_data/training_label_negbio.csv', disease_label='Cardiomegaly', image_dir='/home/anhle/data/projects/Mutual-Information-MultiModal/full_data_set/images/', image_model_name='resnet256_6_2_1', img_size=256, init_lr=0.0005, max_seq_length=320, mi_estimator='dv', num_train_epochs=20, num_train_epochs_classifier=100, optimizer='Adam', output_channels=1, save_directory='/home/anhle/data/projects/Mutual-Information-MultiModal/save_dir/dv_epoch20', text_data_dir='/home/anhle/data/projects/Mutual-Information-MultiModal/training_data/text/')
04-08 22:06 - mutual_info_img_txt.main_utils total batch of train_data_loader:, total_batch = 737
04-08 22:49 - mutual_info_img_txt.main_utils Label: Cardiomegaly,  Epoch 1 took 2407.508 s, training loss = 0.53809, validation_loss = 0.51716, validation accuracy=0.75905
04-08 22:49 - mutual_info_img_txt.main_utils   Total validation samples = 2432, total positive=1775, total negative=657 ,tp_count=1715, tn_count=131, fp_count=60, fn_count=526
04-08 23:28 - mutual_info_img_txt.main_utils Label: Cardiomegaly,  Epoch 2 took 2232.452 s, training loss = 0.52544, validation_loss = 0.51332, validation accuracy=0.77015
04-08 23:28 - mutual_info_img_txt.main_utils   Total validation samples = 2432, total positive=1771, total negative=661 ,tp_count=1669, tn_count=204, fp_count=102, fn_count=457
04-09 00:22 - mutual_info_img_txt.main_utils Label: Cardiomegaly,  Epoch 3 took 2850.411 s, training loss = 0.52190, validation_loss = 0.50849, validation accuracy=0.76850
04-09 00:22 - mutual_info_img_txt.main_utils   Total validation samples = 2432, total positive=1775, total negative=657 ,tp_count=1684, tn_count=185, fp_count=91, fn_count=472
04-09 00:58 - mutual_info_img_txt.main_utils Label: Cardiomegaly,  Epoch 4 took 2066.315 s, training loss = 0.51912, validation_loss = 0.51108, validation accuracy=0.76028
04-09 00:58 - mutual_info_img_txt.main_utils   Total validation samples = 2432, total positive=1775, total negative=657 ,tp_count=1607, tn_count=242, fp_count=168, fn_count=415
04-09 01:31 - mutual_info_img_txt.main_utils Label: Cardiomegaly,  Epoch 5 took 1843.447 s, training loss = 0.51849, validation_loss = 0.51864, validation accuracy=0.75452
04-09 01:31 - mutual_info_img_txt.main_utils   Total validation samples = 2432, total positive=1768, total negative=664 ,tp_count=1617, tn_count=218, fp_count=151, fn_count=446
04-09 02:02 - mutual_info_img_txt.main_utils Label: Cardiomegaly,  Epoch 6 took 1830.616 s, training loss = 0.51850, validation_loss = 0.51345, validation accuracy=0.76439
04-09 02:02 - mutual_info_img_txt.main_utils   Total validation samples = 2432, total positive=1770, total negative=662 ,tp_count=1663, tn_count=196, fp_count=107, fn_count=466
04-09 02:34 - mutual_info_img_txt.main_utils Label: Cardiomegaly,  Epoch 7 took 1814.459 s, training loss = 0.51701, validation_loss = 0.51008, validation accuracy=0.76028
04-09 02:34 - mutual_info_img_txt.main_utils   Total validation samples = 2432, total positive=1771, total negative=661 ,tp_count=1654, tn_count=195, fp_count=117, fn_count=466
04-09 03:07 - mutual_info_img_txt.main_utils Label: Cardiomegaly,  Epoch 8 took 1838.516 s, training loss = 0.51584, validation_loss = 0.51708, validation accuracy=0.76809
04-09 03:07 - mutual_info_img_txt.main_utils   Total validation samples = 2432, total positive=1771, total negative=661 ,tp_count=1629, tn_count=239, fp_count=142, fn_count=422
04-09 03:39 - mutual_info_img_txt.main_utils Label: Cardiomegaly,  Epoch 9 took 1826.891 s, training loss = 0.51442, validation_loss = 0.51359, validation accuracy=0.75987
04-09 03:39 - mutual_info_img_txt.main_utils   Total validation samples = 2432, total positive=1772, total negative=660 ,tp_count=1671, tn_count=177, fp_count=101, fn_count=483
04-09 04:12 - mutual_info_img_txt.main_utils Label: Cardiomegaly,  Epoch 10 took 1884.421 s, training loss = 0.51519, validation_loss = 0.52034, validation accuracy=0.76562
04-09 04:12 - mutual_info_img_txt.main_utils   Total validation samples = 2432, total positive=1763, total negative=669 ,tp_count=1641, tn_count=221, fp_count=122, fn_count=448
04-09 04:44 - mutual_info_img_txt.main_utils Label: Cardiomegaly,  Epoch 11 took 1804.671 s, training loss = 0.51400, validation_loss = 0.51129, validation accuracy=0.76891
04-09 04:44 - mutual_info_img_txt.main_utils   Total validation samples = 2432, total positive=1770, total negative=662 ,tp_count=1650, tn_count=220, fp_count=120, fn_count=442
04-09 05:17 - mutual_info_img_txt.main_utils Label: Cardiomegaly,  Epoch 12 took 1835.370 s, training loss = 0.51281, validation_loss = 0.51555, validation accuracy=0.76521
04-09 05:17 - mutual_info_img_txt.main_utils   Total validation samples = 2432, total positive=1774, total negative=658 ,tp_count=1642, tn_count=219, fp_count=132, fn_count=439
04-09 05:49 - mutual_info_img_txt.main_utils Label: Cardiomegaly,  Epoch 13 took 1816.176 s, training loss = 0.51462, validation_loss = 0.50393, validation accuracy=0.76768
04-09 05:49 - mutual_info_img_txt.main_utils   Total validation samples = 2432, total positive=1773, total negative=659 ,tp_count=1657, tn_count=210, fp_count=116, fn_count=449
04-09 06:23 - mutual_info_img_txt.main_utils Label: Cardiomegaly,  Epoch 14 took 1865.421 s, training loss = 0.51217, validation_loss = 0.50580, validation accuracy=0.76686
04-09 06:23 - mutual_info_img_txt.main_utils   Total validation samples = 2432, total positive=1769, total negative=663 ,tp_count=1660, tn_count=205, fp_count=109, fn_count=458
04-09 06:55 - mutual_info_img_txt.main_utils Label: Cardiomegaly,  Epoch 15 took 1841.391 s, training loss = 0.51259, validation_loss = 0.50824, validation accuracy=0.76069
04-09 06:55 - mutual_info_img_txt.main_utils   Total validation samples = 2432, total positive=1770, total negative=662 ,tp_count=1682, tn_count=168, fp_count=88, fn_count=494
04-09 07:29 - mutual_info_img_txt.main_utils Label: Cardiomegaly,  Epoch 16 took 1895.505 s, training loss = 0.51379, validation_loss = 0.50323, validation accuracy=0.76480
04-09 07:29 - mutual_info_img_txt.main_utils   Total validation samples = 2432, total positive=1771, total negative=661 ,tp_count=1675, tn_count=185, fp_count=96, fn_count=476
04-09 08:05 - mutual_info_img_txt.main_utils Label: Cardiomegaly,  Epoch 17 took 2046.133 s, training loss = 0.51235, validation_loss = 0.51104, validation accuracy=0.76480
04-09 08:05 - mutual_info_img_txt.main_utils   Total validation samples = 2432, total positive=1774, total negative=658 ,tp_count=1686, tn_count=174, fp_count=88, fn_count=484
04-09 08:45 - mutual_info_img_txt.main_utils Label: Cardiomegaly,  Epoch 18 took 2235.002 s, training loss = 0.51026, validation_loss = 0.50242, validation accuracy=0.76480
04-09 08:45 - mutual_info_img_txt.main_utils   Total validation samples = 2432, total positive=1770, total negative=662 ,tp_count=1668, tn_count=192, fp_count=102, fn_count=470
04-09 09:23 - mutual_info_img_txt.main_utils Label: Cardiomegaly,  Epoch 19 took 2147.760 s, training loss = 0.51314, validation_loss = 0.50853, validation accuracy=0.76686
04-09 09:23 - mutual_info_img_txt.main_utils   Total validation samples = 2432, total positive=1772, total negative=660 ,tp_count=1694, tn_count=171, fp_count=78, fn_count=489
04-09 10:00 - mutual_info_img_txt.main_utils Label: Cardiomegaly,  Epoch 20 took 2115.969 s, training loss = 0.51066, validation_loss = 0.51045, validation accuracy=0.75987
04-09 10:00 - mutual_info_img_txt.main_utils   Total validation samples = 2432, total positive=1770, total negative=662 ,tp_count=1657, tn_count=191, fp_count=113, fn_count=471
04-09 10:36 - mutual_info_img_txt.main_utils Label: Cardiomegaly,  Epoch 21 took 2029.905 s, training loss = 0.51060, validation_loss = 0.50866, validation accuracy=0.76645
04-09 10:36 - mutual_info_img_txt.main_utils   Total validation samples = 2432, total positive=1771, total negative=661 ,tp_count=1669, tn_count=195, fp_count=102, fn_count=466
04-09 11:12 - mutual_info_img_txt.main_utils Label: Cardiomegaly,  Epoch 22 took 2034.546 s, training loss = 0.51156, validation_loss = 0.50096, validation accuracy=0.77138
04-09 11:12 - mutual_info_img_txt.main_utils   Total validation samples = 2432, total positive=1775, total negative=657 ,tp_count=1683, tn_count=193, fp_count=92, fn_count=464
04-09 11:52 - mutual_info_img_txt.main_utils Label: Cardiomegaly,  Epoch 23 took 2267.909 s, training loss = 0.51202, validation_loss = 0.51358, validation accuracy=0.76891
04-09 11:52 - mutual_info_img_txt.main_utils   Total validation samples = 2432, total positive=1769, total negative=663 ,tp_count=1685, tn_count=185, fp_count=84, fn_count=478
04-09 12:29 - mutual_info_img_txt.main_utils Label: Cardiomegaly,  Epoch 24 took 2109.549 s, training loss = 0.51049, validation_loss = 0.50631, validation accuracy=0.76316
04-09 12:29 - mutual_info_img_txt.main_utils   Total validation samples = 2432, total positive=1774, total negative=658 ,tp_count=1660, tn_count=196, fp_count=114, fn_count=462
04-09 13:05 - mutual_info_img_txt.main_utils Label: Cardiomegaly,  Epoch 25 took 2038.328 s, training loss = 0.50937, validation_loss = 0.51087, validation accuracy=0.76398
04-09 13:05 - mutual_info_img_txt.main_utils   Total validation samples = 2432, total positive=1776, total negative=656 ,tp_count=1670, tn_count=188, fp_count=106, fn_count=468
04-09 13:39 - mutual_info_img_txt.main_utils Label: Cardiomegaly,  Epoch 26 took 1939.949 s, training loss = 0.51147, validation_loss = 0.50976, validation accuracy=0.76234
04-09 13:39 - mutual_info_img_txt.main_utils   Total validation samples = 2432, total positive=1773, total negative=659 ,tp_count=1653, tn_count=201, fp_count=120, fn_count=458
04-09 14:13 - mutual_info_img_txt.main_utils Label: Cardiomegaly,  Epoch 27 took 1913.849 s, training loss = 0.51073, validation_loss = 0.50548, validation accuracy=0.77220
04-09 14:13 - mutual_info_img_txt.main_utils   Total validation samples = 2432, total positive=1774, total negative=658 ,tp_count=1673, tn_count=205, fp_count=101, fn_count=453
04-09 14:47 - mutual_info_img_txt.main_utils Label: Cardiomegaly,  Epoch 28 took 1891.497 s, training loss = 0.50939, validation_loss = 0.50070, validation accuracy=0.77220
04-09 14:47 - mutual_info_img_txt.main_utils   Total validation samples = 2432, total positive=1769, total negative=663 ,tp_count=1682, tn_count=196, fp_count=87, fn_count=467
04-09 15:20 - mutual_info_img_txt.main_utils Label: Cardiomegaly,  Epoch 29 took 1883.639 s, training loss = 0.50993, validation_loss = 0.50608, validation accuracy=0.76480
04-09 15:20 - mutual_info_img_txt.main_utils   Total validation samples = 2432, total positive=1771, total negative=661 ,tp_count=1658, tn_count=202, fp_count=113, fn_count=459
04-09 15:53 - mutual_info_img_txt.main_utils Label: Cardiomegaly,  Epoch 30 took 1841.168 s, training loss = 0.50976, validation_loss = 0.50849, validation accuracy=0.77097
04-09 15:53 - mutual_info_img_txt.main_utils   Total validation samples = 2432, total positive=1773, total negative=659 ,tp_count=1681, tn_count=194, fp_count=92, fn_count=465
04-09 16:25 - mutual_info_img_txt.main_utils Label: Cardiomegaly,  Epoch 31 took 1842.522 s, training loss = 0.51086, validation_loss = 0.51309, validation accuracy=0.75535
04-09 16:25 - mutual_info_img_txt.main_utils   Total validation samples = 2432, total positive=1764, total negative=668 ,tp_count=1659, tn_count=178, fp_count=105, fn_count=490
04-09 16:58 - mutual_info_img_txt.main_utils Label: Cardiomegaly,  Epoch 32 took 1819.929 s, training loss = 0.50922, validation_loss = 0.49983, validation accuracy=0.77632
04-09 16:58 - mutual_info_img_txt.main_utils   Total validation samples = 2432, total positive=1770, total negative=662 ,tp_count=1671, tn_count=217, fp_count=99, fn_count=445
04-09 17:31 - mutual_info_img_txt.main_utils Label: Cardiomegaly,  Epoch 33 took 1863.378 s, training loss = 0.51035, validation_loss = 0.49994, validation accuracy=0.75905
04-09 17:31 - mutual_info_img_txt.main_utils   Total validation samples = 2432, total positive=1778, total negative=654 ,tp_count=1641, tn_count=205, fp_count=137, fn_count=449
04-09 18:04 - mutual_info_img_txt.main_utils Label: Cardiomegaly,  Epoch 34 took 1829.297 s, training loss = 0.50850, validation_loss = 0.50835, validation accuracy=0.76192
04-09 18:04 - mutual_info_img_txt.main_utils   Total validation samples = 2432, total positive=1773, total negative=659 ,tp_count=1671, tn_count=182, fp_count=102, fn_count=477
04-09 18:37 - mutual_info_img_txt.main_utils Label: Cardiomegaly,  Epoch 35 took 1838.554 s, training loss = 0.50941, validation_loss = 0.50531, validation accuracy=0.77426
04-09 18:37 - mutual_info_img_txt.main_utils   Total validation samples = 2432, total positive=1769, total negative=663 ,tp_count=1667, tn_count=216, fp_count=102, fn_count=447
04-09 19:09 - mutual_info_img_txt.main_utils Label: Cardiomegaly,  Epoch 36 took 1803.870 s, training loss = 0.50962, validation_loss = 0.50570, validation accuracy=0.76316
04-09 19:09 - mutual_info_img_txt.main_utils   Total validation samples = 2432, total positive=1775, total negative=657 ,tp_count=1664, tn_count=192, fp_count=111, fn_count=465
04-09 19:43 - mutual_info_img_txt.main_utils Label: Cardiomegaly,  Epoch 37 took 1878.718 s, training loss = 0.51033, validation_loss = 0.51053, validation accuracy=0.76316
04-09 19:43 - mutual_info_img_txt.main_utils   Total validation samples = 2432, total positive=1769, total negative=663 ,tp_count=1654, tn_count=202, fp_count=115, fn_count=461
04-09 20:16 - mutual_info_img_txt.main_utils Label: Cardiomegaly,  Epoch 38 took 1877.998 s, training loss = 0.51024, validation_loss = 0.50630, validation accuracy=0.76316
04-09 20:16 - mutual_info_img_txt.main_utils   Total validation samples = 2432, total positive=1775, total negative=657 ,tp_count=1652, tn_count=204, fp_count=123, fn_count=453
04-09 20:49 - mutual_info_img_txt.main_utils Label: Cardiomegaly,  Epoch 39 took 1875.111 s, training loss = 0.51095, validation_loss = 0.51173, validation accuracy=0.76521
04-09 20:49 - mutual_info_img_txt.main_utils   Total validation samples = 2432, total positive=1767, total negative=665 ,tp_count=1656, tn_count=205, fp_count=111, fn_count=460
04-09 21:22 - mutual_info_img_txt.main_utils Label: Cardiomegaly,  Epoch 40 took 1834.209 s, training loss = 0.50893, validation_loss = 0.50207, validation accuracy=0.76562
04-09 21:22 - mutual_info_img_txt.main_utils   Total validation samples = 2432, total positive=1771, total negative=661 ,tp_count=1648, tn_count=214, fp_count=123, fn_count=447
04-09 21:56 - mutual_info_img_txt.main_utils Label: Cardiomegaly,  Epoch 41 took 1860.343 s, training loss = 0.50603, validation_loss = 0.50123, validation accuracy=0.76604
04-09 21:56 - mutual_info_img_txt.main_utils   Total validation samples = 2432, total positive=1774, total negative=658 ,tp_count=1665, tn_count=198, fp_count=109, fn_count=460
04-09 22:29 - mutual_info_img_txt.main_utils Label: Cardiomegaly,  Epoch 42 took 1897.624 s, training loss = 0.50959, validation_loss = 0.50245, validation accuracy=0.76480
04-09 22:29 - mutual_info_img_txt.main_utils   Total validation samples = 2432, total positive=1769, total negative=663 ,tp_count=1658, tn_count=202, fp_count=111, fn_count=461
04-09 23:04 - mutual_info_img_txt.main_utils Label: Cardiomegaly,  Epoch 43 took 1920.567 s, training loss = 0.50995, validation_loss = 0.50530, validation accuracy=0.76933
04-09 23:04 - mutual_info_img_txt.main_utils   Total validation samples = 2432, total positive=1773, total negative=659 ,tp_count=1666, tn_count=205, fp_count=107, fn_count=454
04-09 23:38 - mutual_info_img_txt.main_utils Label: Cardiomegaly,  Epoch 44 took 1904.412 s, training loss = 0.50969, validation_loss = 0.51251, validation accuracy=0.75946
04-09 23:38 - mutual_info_img_txt.main_utils   Total validation samples = 2432, total positive=1771, total negative=661 ,tp_count=1655, tn_count=192, fp_count=116, fn_count=469
04-10 00:12 - mutual_info_img_txt.main_utils Label: Cardiomegaly,  Epoch 45 took 1904.724 s, training loss = 0.51051, validation_loss = 0.50756, validation accuracy=0.76686
04-10 00:12 - mutual_info_img_txt.main_utils   Total validation samples = 2432, total positive=1772, total negative=660 ,tp_count=1670, tn_count=195, fp_count=102, fn_count=465
04-10 00:45 - mutual_info_img_txt.main_utils Label: Cardiomegaly,  Epoch 46 took 1889.544 s, training loss = 0.50783, validation_loss = 0.51157, validation accuracy=0.76110
04-10 00:45 - mutual_info_img_txt.main_utils   Total validation samples = 2432, total positive=1769, total negative=663 ,tp_count=1663, tn_count=188, fp_count=106, fn_count=475
04-10 01:19 - mutual_info_img_txt.main_utils Label: Cardiomegaly,  Epoch 47 took 1907.683 s, training loss = 0.51022, validation_loss = 0.50987, validation accuracy=0.76933
04-10 01:19 - mutual_info_img_txt.main_utils   Total validation samples = 2432, total positive=1768, total negative=664 ,tp_count=1670, tn_count=201, fp_count=98, fn_count=463
04-10 01:53 - mutual_info_img_txt.main_utils Label: Cardiomegaly,  Epoch 48 took 1878.568 s, training loss = 0.51115, validation_loss = 0.50962, validation accuracy=0.76809
04-10 01:53 - mutual_info_img_txt.main_utils   Total validation samples = 2432, total positive=1770, total negative=662 ,tp_count=1665, tn_count=203, fp_count=105, fn_count=459
04-10 02:27 - mutual_info_img_txt.main_utils Label: Cardiomegaly,  Epoch 49 took 1891.668 s, training loss = 0.50977, validation_loss = 0.50979, validation accuracy=0.76891
04-10 02:27 - mutual_info_img_txt.main_utils   Total validation samples = 2432, total positive=1773, total negative=659 ,tp_count=1675, tn_count=195, fp_count=98, fn_count=464
04-10 03:00 - mutual_info_img_txt.main_utils Label: Cardiomegaly,  Epoch 50 took 1870.252 s, training loss = 0.50964, validation_loss = 0.50766, validation accuracy=0.76234
04-10 03:00 - mutual_info_img_txt.main_utils   Total validation samples = 2432, total positive=1773, total negative=659 ,tp_count=1659, tn_count=195, fp_count=114, fn_count=464
04-10 03:33 - mutual_info_img_txt.main_utils Label: Cardiomegaly,  Epoch 51 took 1855.490 s, training loss = 0.50853, validation_loss = 0.51411, validation accuracy=0.76974
04-10 03:33 - mutual_info_img_txt.main_utils   Total validation samples = 2432, total positive=1768, total negative=664 ,tp_count=1658, tn_count=214, fp_count=110, fn_count=450
04-10 04:06 - mutual_info_img_txt.main_utils Label: Cardiomegaly,  Epoch 52 took 1827.087 s, training loss = 0.50976, validation_loss = 0.51233, validation accuracy=0.76234
04-10 04:06 - mutual_info_img_txt.main_utils   Total validation samples = 2432, total positive=1770, total negative=662 ,tp_count=1654, tn_count=200, fp_count=116, fn_count=462
04-10 04:39 - mutual_info_img_txt.main_utils Label: Cardiomegaly,  Epoch 53 took 1853.136 s, training loss = 0.50965, validation_loss = 0.50803, validation accuracy=0.76192
04-10 04:39 - mutual_info_img_txt.main_utils   Total validation samples = 2432, total positive=1773, total negative=659 ,tp_count=1653, tn_count=200, fp_count=120, fn_count=459
04-10 05:12 - mutual_info_img_txt.main_utils Label: Cardiomegaly,  Epoch 54 took 1835.713 s, training loss = 0.51154, validation_loss = 0.51226, validation accuracy=0.76151
04-10 05:12 - mutual_info_img_txt.main_utils   Total validation samples = 2432, total positive=1772, total negative=660 ,tp_count=1660, tn_count=192, fp_count=112, fn_count=468
04-10 05:45 - mutual_info_img_txt.main_utils Label: Cardiomegaly,  Epoch 55 took 1848.418 s, training loss = 0.50949, validation_loss = 0.49856, validation accuracy=0.76933
04-10 05:45 - mutual_info_img_txt.main_utils   Total validation samples = 2432, total positive=1770, total negative=662 ,tp_count=1669, tn_count=202, fp_count=101, fn_count=460
04-10 06:18 - mutual_info_img_txt.main_utils Label: Cardiomegaly,  Epoch 56 took 1836.906 s, training loss = 0.50859, validation_loss = 0.51662, validation accuracy=0.76028
04-10 06:18 - mutual_info_img_txt.main_utils   Total validation samples = 2432, total positive=1765, total negative=667 ,tp_count=1656, tn_count=193, fp_count=109, fn_count=474
04-10 06:52 - mutual_info_img_txt.main_utils Label: Cardiomegaly,  Epoch 57 took 1875.031 s, training loss = 0.50991, validation_loss = 0.50903, validation accuracy=0.76562
04-10 06:52 - mutual_info_img_txt.main_utils   Total validation samples = 2432, total positive=1772, total negative=660 ,tp_count=1661, tn_count=201, fp_count=111, fn_count=459
04-10 07:26 - mutual_info_img_txt.main_utils Label: Cardiomegaly,  Epoch 58 took 1920.699 s, training loss = 0.50829, validation_loss = 0.51351, validation accuracy=0.76439
04-10 07:26 - mutual_info_img_txt.main_utils   Total validation samples = 2432, total positive=1770, total negative=662 ,tp_count=1661, tn_count=198, fp_count=109, fn_count=464
04-10 08:02 - mutual_info_img_txt.main_utils Label: Cardiomegaly,  Epoch 59 took 1991.029 s, training loss = 0.50858, validation_loss = 0.50820, validation accuracy=0.76521
04-10 08:02 - mutual_info_img_txt.main_utils   Total validation samples = 2432, total positive=1765, total negative=667 ,tp_count=1658, tn_count=203, fp_count=107, fn_count=464
04-10 08:41 - mutual_info_img_txt.main_utils Label: Cardiomegaly,  Epoch 60 took 2245.854 s, training loss = 0.50885, validation_loss = 0.51282, validation accuracy=0.76768
04-10 08:41 - mutual_info_img_txt.main_utils   Total validation samples = 2432, total positive=1769, total negative=663 ,tp_count=1668, tn_count=199, fp_count=101, fn_count=464
04-10 09:20 - mutual_info_img_txt.main_utils Label: Cardiomegaly,  Epoch 61 took 2156.694 s, training loss = 0.50748, validation_loss = 0.50273, validation accuracy=0.76933
04-10 09:20 - mutual_info_img_txt.main_utils   Total validation samples = 2432, total positive=1767, total negative=665 ,tp_count=1662, tn_count=209, fp_count=105, fn_count=456
04-10 09:56 - mutual_info_img_txt.main_utils Label: Cardiomegaly,  Epoch 62 took 2071.250 s, training loss = 0.50969, validation_loss = 0.50857, validation accuracy=0.76357
04-10 09:56 - mutual_info_img_txt.main_utils   Total validation samples = 2432, total positive=1775, total negative=657 ,tp_count=1665, tn_count=192, fp_count=110, fn_count=465
04-10 10:32 - mutual_info_img_txt.main_utils Label: Cardiomegaly,  Epoch 63 took 1975.813 s, training loss = 0.50779, validation_loss = 0.50297, validation accuracy=0.77303
04-10 10:32 - mutual_info_img_txt.main_utils   Total validation samples = 2432, total positive=1771, total negative=661 ,tp_count=1669, tn_count=211, fp_count=102, fn_count=450
04-10 11:06 - mutual_info_img_txt.main_utils Label: Cardiomegaly,  Epoch 64 took 1925.759 s, training loss = 0.50967, validation_loss = 0.50692, validation accuracy=0.76234
04-10 11:06 - mutual_info_img_txt.main_utils   Total validation samples = 2432, total positive=1775, total negative=657 ,tp_count=1653, tn_count=201, fp_count=122, fn_count=456
04-10 11:40 - mutual_info_img_txt.main_utils Label: Cardiomegaly,  Epoch 65 took 1923.993 s, training loss = 0.51111, validation_loss = 0.50456, validation accuracy=0.76933
04-10 11:40 - mutual_info_img_txt.main_utils   Total validation samples = 2432, total positive=1774, total negative=658 ,tp_count=1676, tn_count=195, fp_count=98, fn_count=463
04-10 12:14 - mutual_info_img_txt.main_utils Label: Cardiomegaly,  Epoch 66 took 1942.475 s, training loss = 0.50940, validation_loss = 0.51422, validation accuracy=0.76480
04-10 12:14 - mutual_info_img_txt.main_utils   Total validation samples = 2432, total positive=1773, total negative=659 ,tp_count=1659, tn_count=201, fp_count=114, fn_count=458
04-10 12:48 - mutual_info_img_txt.main_utils Label: Cardiomegaly,  Epoch 67 took 1906.705 s, training loss = 0.50780, validation_loss = 0.50347, validation accuracy=0.76234
04-10 12:48 - mutual_info_img_txt.main_utils   Total validation samples = 2432, total positive=1772, total negative=660 ,tp_count=1654, tn_count=200, fp_count=118, fn_count=460
04-10 13:21 - mutual_info_img_txt.main_utils Label: Cardiomegaly,  Epoch 68 took 1872.865 s, training loss = 0.50839, validation_loss = 0.50804, validation accuracy=0.76768
04-10 13:21 - mutual_info_img_txt.main_utils   Total validation samples = 2432, total positive=1772, total negative=660 ,tp_count=1666, tn_count=201, fp_count=106, fn_count=459
04-10 13:55 - mutual_info_img_txt.main_utils Label: Cardiomegaly,  Epoch 69 took 1871.652 s, training loss = 0.51049, validation_loss = 0.50791, validation accuracy=0.76727
04-10 13:55 - mutual_info_img_txt.main_utils   Total validation samples = 2432, total positive=1774, total negative=658 ,tp_count=1666, tn_count=200, fp_count=108, fn_count=458
04-10 14:28 - mutual_info_img_txt.main_utils Label: Cardiomegaly,  Epoch 70 took 1830.358 s, training loss = 0.51001, validation_loss = 0.50524, validation accuracy=0.75535
04-10 14:28 - mutual_info_img_txt.main_utils   Total validation samples = 2432, total positive=1771, total negative=661 ,tp_count=1649, tn_count=188, fp_count=122, fn_count=473
04-10 15:02 - mutual_info_img_txt.main_utils Label: Cardiomegaly,  Epoch 71 took 1903.451 s, training loss = 0.50828, validation_loss = 0.50444, validation accuracy=0.75946
04-10 15:02 - mutual_info_img_txt.main_utils   Total validation samples = 2432, total positive=1766, total negative=666 ,tp_count=1646, tn_count=201, fp_count=120, fn_count=465
04-10 15:35 - mutual_info_img_txt.main_utils Label: Cardiomegaly,  Epoch 72 took 1870.601 s, training loss = 0.50910, validation_loss = 0.50604, validation accuracy=0.76069
04-10 15:35 - mutual_info_img_txt.main_utils   Total validation samples = 2432, total positive=1769, total negative=663 ,tp_count=1651, tn_count=199, fp_count=118, fn_count=464
04-10 16:09 - mutual_info_img_txt.main_utils Label: Cardiomegaly,  Epoch 73 took 1885.480 s, training loss = 0.50791, validation_loss = 0.51615, validation accuracy=0.76439
04-10 16:09 - mutual_info_img_txt.main_utils   Total validation samples = 2432, total positive=1767, total negative=665 ,tp_count=1667, tn_count=192, fp_count=100, fn_count=473
04-10 16:42 - mutual_info_img_txt.main_utils Label: Cardiomegaly,  Epoch 74 took 1861.019 s, training loss = 0.51035, validation_loss = 0.51076, validation accuracy=0.76891
04-10 16:42 - mutual_info_img_txt.main_utils   Total validation samples = 2432, total positive=1777, total negative=655 ,tp_count=1667, tn_count=203, fp_count=110, fn_count=452
04-10 17:15 - mutual_info_img_txt.main_utils Label: Cardiomegaly,  Epoch 75 took 1879.846 s, training loss = 0.50867, validation_loss = 0.50448, validation accuracy=0.76110
04-10 17:15 - mutual_info_img_txt.main_utils   Total validation samples = 2432, total positive=1769, total negative=663 ,tp_count=1653, tn_count=198, fp_count=116, fn_count=465
04-10 17:48 - mutual_info_img_txt.main_utils Label: Cardiomegaly,  Epoch 76 took 1825.325 s, training loss = 0.50849, validation_loss = 0.50910, validation accuracy=0.76933
04-10 17:48 - mutual_info_img_txt.main_utils   Total validation samples = 2432, total positive=1769, total negative=663 ,tp_count=1673, tn_count=198, fp_count=96, fn_count=465
04-10 18:22 - mutual_info_img_txt.main_utils Label: Cardiomegaly,  Epoch 77 took 1887.081 s, training loss = 0.51062, validation_loss = 0.50972, validation accuracy=0.76316
04-10 18:22 - mutual_info_img_txt.main_utils   Total validation samples = 2432, total positive=1767, total negative=665 ,tp_count=1655, tn_count=201, fp_count=112, fn_count=464
04-10 18:55 - mutual_info_img_txt.main_utils Label: Cardiomegaly,  Epoch 78 took 1884.186 s, training loss = 0.50893, validation_loss = 0.50757, validation accuracy=0.76974
04-10 18:55 - mutual_info_img_txt.main_utils   Total validation samples = 2432, total positive=1770, total negative=662 ,tp_count=1666, tn_count=206, fp_count=104, fn_count=456
04-10 19:29 - mutual_info_img_txt.main_utils Label: Cardiomegaly,  Epoch 79 took 1885.216 s, training loss = 0.50949, validation_loss = 0.50606, validation accuracy=0.77138
04-10 19:29 - mutual_info_img_txt.main_utils   Total validation samples = 2432, total positive=1777, total negative=655 ,tp_count=1677, tn_count=199, fp_count=100, fn_count=456
04-10 20:02 - mutual_info_img_txt.main_utils Label: Cardiomegaly,  Epoch 80 took 1864.543 s, training loss = 0.50963, validation_loss = 0.51885, validation accuracy=0.75863
04-10 20:02 - mutual_info_img_txt.main_utils   Total validation samples = 2432, total positive=1767, total negative=665 ,tp_count=1657, tn_count=188, fp_count=110, fn_count=477
04-10 20:36 - mutual_info_img_txt.main_utils Label: Cardiomegaly,  Epoch 81 took 1883.152 s, training loss = 0.50791, validation_loss = 0.51070, validation accuracy=0.76809
04-10 20:36 - mutual_info_img_txt.main_utils   Total validation samples = 2432, total positive=1781, total negative=651 ,tp_count=1681, tn_count=187, fp_count=100, fn_count=464
04-10 21:09 - mutual_info_img_txt.main_utils Label: Cardiomegaly,  Epoch 82 took 1862.855 s, training loss = 0.50951, validation_loss = 0.50641, validation accuracy=0.76151
04-10 21:09 - mutual_info_img_txt.main_utils   Total validation samples = 2432, total positive=1773, total negative=659 ,tp_count=1656, tn_count=196, fp_count=117, fn_count=463
04-10 21:43 - mutual_info_img_txt.main_utils Label: Cardiomegaly,  Epoch 83 took 1887.243 s, training loss = 0.50698, validation_loss = 0.50307, validation accuracy=0.76727
04-10 21:43 - mutual_info_img_txt.main_utils   Total validation samples = 2432, total positive=1773, total negative=659 ,tp_count=1668, tn_count=198, fp_count=105, fn_count=461
04-10 22:16 - mutual_info_img_txt.main_utils Label: Cardiomegaly,  Epoch 84 took 1841.680 s, training loss = 0.50877, validation_loss = 0.50593, validation accuracy=0.76192
04-10 22:16 - mutual_info_img_txt.main_utils   Total validation samples = 2432, total positive=1768, total negative=664 ,tp_count=1660, tn_count=193, fp_count=108, fn_count=471
04-10 22:50 - mutual_info_img_txt.main_utils Label: Cardiomegaly,  Epoch 85 took 1911.490 s, training loss = 0.50991, validation_loss = 0.51390, validation accuracy=0.76151
04-10 22:50 - mutual_info_img_txt.main_utils   Total validation samples = 2432, total positive=1770, total negative=662 ,tp_count=1665, tn_count=187, fp_count=105, fn_count=475
04-10 23:24 - mutual_info_img_txt.main_utils Label: Cardiomegaly,  Epoch 86 took 1888.713 s, training loss = 0.50894, validation_loss = 0.50018, validation accuracy=0.76727
04-10 23:24 - mutual_info_img_txt.main_utils   Total validation samples = 2432, total positive=1771, total negative=661 ,tp_count=1660, tn_count=206, fp_count=111, fn_count=455
04-10 23:58 - mutual_info_img_txt.main_utils Label: Cardiomegaly,  Epoch 87 took 1921.838 s, training loss = 0.50901, validation_loss = 0.51147, validation accuracy=0.76069
04-10 23:58 - mutual_info_img_txt.main_utils   Total validation samples = 2432, total positive=1778, total negative=654 ,tp_count=1657, tn_count=193, fp_count=121, fn_count=461
04-11 00:32 - mutual_info_img_txt.main_utils Label: Cardiomegaly,  Epoch 88 took 1867.962 s, training loss = 0.50904, validation_loss = 0.49883, validation accuracy=0.77097
04-11 00:32 - mutual_info_img_txt.main_utils   Total validation samples = 2432, total positive=1771, total negative=661 ,tp_count=1667, tn_count=208, fp_count=104, fn_count=453
04-11 01:05 - mutual_info_img_txt.main_utils Label: Cardiomegaly,  Epoch 89 took 1886.633 s, training loss = 0.50968, validation_loss = 0.49200, validation accuracy=0.77056
04-11 01:05 - mutual_info_img_txt.main_utils   Total validation samples = 2432, total positive=1774, total negative=658 ,tp_count=1679, tn_count=195, fp_count=95, fn_count=463
04-11 01:39 - mutual_info_img_txt.main_utils Label: Cardiomegaly,  Epoch 90 took 1874.308 s, training loss = 0.50806, validation_loss = 0.51217, validation accuracy=0.75617
04-11 01:39 - mutual_info_img_txt.main_utils   Total validation samples = 2432, total positive=1766, total negative=666 ,tp_count=1649, tn_count=190, fp_count=117, fn_count=476
04-11 02:13 - mutual_info_img_txt.main_utils Label: Cardiomegaly,  Epoch 91 took 1915.604 s, training loss = 0.50897, validation_loss = 0.50054, validation accuracy=0.77056
04-11 02:13 - mutual_info_img_txt.main_utils   Total validation samples = 2432, total positive=1774, total negative=658 ,tp_count=1678, tn_count=196, fp_count=96, fn_count=462
04-11 02:47 - mutual_info_img_txt.main_utils Label: Cardiomegaly,  Epoch 92 took 1897.557 s, training loss = 0.50940, validation_loss = 0.50718, validation accuracy=0.76398
04-11 02:47 - mutual_info_img_txt.main_utils   Total validation samples = 2432, total positive=1771, total negative=661 ,tp_count=1676, tn_count=182, fp_count=95, fn_count=479
04-11 03:21 - mutual_info_img_txt.main_utils Label: Cardiomegaly,  Epoch 93 took 1882.763 s, training loss = 0.50963, validation_loss = 0.50421, validation accuracy=0.76604
04-11 03:21 - mutual_info_img_txt.main_utils   Total validation samples = 2432, total positive=1770, total negative=662 ,tp_count=1656, tn_count=207, fp_count=114, fn_count=455
04-11 03:54 - mutual_info_img_txt.main_utils Label: Cardiomegaly,  Epoch 94 took 1850.558 s, training loss = 0.50892, validation_loss = 0.51585, validation accuracy=0.76480
04-11 03:54 - mutual_info_img_txt.main_utils   Total validation samples = 2432, total positive=1774, total negative=658 ,tp_count=1664, tn_count=196, fp_count=110, fn_count=462
04-11 04:28 - mutual_info_img_txt.main_utils Label: Cardiomegaly,  Epoch 95 took 1883.686 s, training loss = 0.50804, validation_loss = 0.51247, validation accuracy=0.76645
04-11 04:28 - mutual_info_img_txt.main_utils   Total validation samples = 2432, total positive=1771, total negative=661 ,tp_count=1667, tn_count=197, fp_count=104, fn_count=464
04-11 05:01 - mutual_info_img_txt.main_utils Label: Cardiomegaly,  Epoch 96 took 1877.519 s, training loss = 0.50981, validation_loss = 0.51119, validation accuracy=0.76850
04-11 05:01 - mutual_info_img_txt.main_utils   Total validation samples = 2432, total positive=1776, total negative=656 ,tp_count=1668, tn_count=201, fp_count=108, fn_count=455
04-11 05:35 - mutual_info_img_txt.main_utils Label: Cardiomegaly,  Epoch 97 took 1876.578 s, training loss = 0.50989, validation_loss = 0.50514, validation accuracy=0.76316
04-11 05:35 - mutual_info_img_txt.main_utils   Total validation samples = 2432, total positive=1771, total negative=661 ,tp_count=1661, tn_count=195, fp_count=110, fn_count=466
04-11 06:08 - mutual_info_img_txt.main_utils Label: Cardiomegaly,  Epoch 98 took 1836.283 s, training loss = 0.50970, validation_loss = 0.49646, validation accuracy=0.77344
04-11 06:08 - mutual_info_img_txt.main_utils   Total validation samples = 2432, total positive=1771, total negative=661 ,tp_count=1668, tn_count=213, fp_count=103, fn_count=448
04-11 06:42 - mutual_info_img_txt.main_utils Label: Cardiomegaly,  Epoch 99 took 1914.094 s, training loss = 0.50981, validation_loss = 0.50298, validation accuracy=0.76974
04-11 06:42 - mutual_info_img_txt.main_utils   Total validation samples = 2432, total positive=1765, total negative=667 ,tp_count=1662, tn_count=210, fp_count=103, fn_count=457
04-11 07:16 - mutual_info_img_txt.main_utils Label: Cardiomegaly,  Epoch 100 took 1885.968 s, training loss = 0.50984, validation_loss = 0.50455, validation accuracy=0.77056
04-11 07:16 - mutual_info_img_txt.main_utils   Total validation samples = 2432, total positive=1772, total negative=660 ,tp_count=1665, tn_count=209, fp_count=107, fn_count=451
04-11 07:16 - mutual_info_img_txt.main_utils training loss:
04-11 07:16 - mutual_info_img_txt.main_utils [0.538091980699283, 0.5254401269405473, 0.5218979532715423, 0.5191165122280612, 0.5184888352856061, 0.5184992798875759, 0.5170093820489731, 0.5158441960811615, 0.5144215318370545, 0.5151883016366972, 0.5140046228628146, 0.5128075990376026, 0.5146196637823268, 0.5121720003386204, 0.5125911348629515, 0.5137948976928214, 0.5123500403426233, 0.5102581432748844, 0.5131435956770561, 0.510661177468591, 0.5106039927562186, 0.5115572009918, 0.5120209525042344, 0.5104941261914563, 0.5093738801443755, 0.5114702547178824, 0.5107261231181741, 0.5093913432134863, 0.5099285910136017, 0.5097625405607262, 0.5108636977957256, 0.5092220113914728, 0.5103517080906127, 0.5084991402105205, 0.5094126676445576, 0.5096228496756612, 0.5103336057475335, 0.5102438451557988, 0.5109455769469651, 0.5089338733189142, 0.5060296001233757, 0.5095912282389249, 0.5099495688561992, 0.5096886578942251, 0.5105071567615628, 0.5078327856765835, 0.5102233530465751, 0.5111450413027159, 0.5097718308787171, 0.5096424270921679, 0.5085306785485153, 0.5097629424674863, 0.5096473926362383, 0.5115381231786762, 0.5094899179330513, 0.5085879309934386, 0.5099083540640175, 0.5082921635263487, 0.508582279268081, 0.5088472562049752, 0.5074784784821674, 0.5096939488376012, 0.5077856286167289, 0.5096657902932393, 0.5111068119591903, 0.5093999493720573, 0.5078037923032587, 0.5083852737050205, 0.510488294317732, 0.5100064821126826, 0.5082835311239416, 0.5091006811228018, 0.5079051818258888, 0.5103482779120493, 0.5086676620321002, 0.5084926793339133, 0.5106198967635389, 0.5089336573430608, 0.5094874574824299, 0.5096348380136684, 0.507909882586232, 0.5095108037402543, 0.5069817330086732, 0.5087662436260135, 0.5099091992045031, 0.5089411401522208, 0.5090078776209455, 0.5090402831377783, 0.5096837231634106, 0.5080629239412305, 0.5089728542713491, 0.5094047788444659, 0.5096329945156015, 0.5089192633874704, 0.5080361372337574, 0.5098064270482134, 0.5098913366548727, 0.5097019166927002, 0.5098118018586406, 0.5098375206158636]
04-11 07:16 - mutual_info_img_txt.main_utils validation loss:
04-11 07:16 - mutual_info_img_txt.main_utils [0.5171646946354916, 0.5133194366568014, 0.5084891734938872, 0.511075593138996, 0.5186354957128826, 0.5134522695290414, 0.5100842596668946, 0.5170770726705852, 0.5135867925066697, 0.5203410096858677, 0.511287551961447, 0.515552996020568, 0.5039283005814803, 0.5058009608795768, 0.5082380050107053, 0.5032256896558561, 0.5110381112286919, 0.5024153574516899, 0.5085309900735554, 0.5104486048221588, 0.5086603643078553, 0.5009645819664001, 0.5135763107161773, 0.5063072592020035, 0.5108719750454551, 0.5097643513428537, 0.5054828736342882, 0.5006989813164661, 0.5060766519684541, 0.508492114512544, 0.5130916175089384, 0.49983010088142593, 0.4999388895536724, 0.5083453804254532, 0.5053121925968873, 0.5057004815653751, 0.5105348205880115, 0.5063045675817289, 0.5117278899017134, 0.5020675761135001, 0.5012340757407641, 0.5024471769207403, 0.505302010398162, 0.512509338949856, 0.5075595214178688, 0.5115708144087541, 0.5098714287343779, 0.5096206076835331, 0.5097879422338385, 0.5076601034716556, 0.5141130999514931, 0.5123301971899835, 0.50803200586846, 0.5122623404389933, 0.49856186069940267, 0.5166235926904177, 0.5090262301658329, 0.513514076408587, 0.5081978738307953, 0.5128207340052253, 0.5027274160008681, 0.5085740034517489, 0.5029723706998324, 0.5069229344004079, 0.5045629096658606, 0.5142150419323068, 0.5034713156913456, 0.5080432750676808, 0.5079107802165183, 0.5052422402720702, 0.5044430996242323, 0.5060419612809232, 0.5161459736133877, 0.5107580470411401, 0.5044760837366706, 0.5091029099727932, 0.5097235794130125, 0.5075653532617971, 0.5060611351540214, 0.5188472451348054, 0.5106968879699707, 0.5064111320595992, 0.5030726437505922, 0.5059284552147514, 0.513903757459239, 0.5001846183287469, 0.5114736313882627, 0.49882908792872177, 0.49200070531744705, 0.5121662875539378, 0.500540587462877, 0.5071800672694257, 0.5042103207425067, 0.5158453677829943, 0.512466582812761, 0.5111852178448125, 0.5051352718943044, 0.4964552796200702, 0.502977969615083, 0.5045459780253863]
04-11 07:16 - mutual_info_img_txt.main_utils epoch training accuracy:
04-11 07:16 - mutual_info_img_txt.main_utils [0.759046052631579, 0.7701480263157895, 0.7685032894736842, 0.7602796052631579, 0.7545230263157895, 0.764391447368421, 0.7602796052631579, 0.7680921052631579, 0.7598684210526315, 0.765625, 0.7689144736842105, 0.7652138157894737, 0.7676809210526315, 0.766858552631579, 0.7606907894736842, 0.7648026315789473, 0.7648026315789473, 0.7648026315789473, 0.766858552631579, 0.7598684210526315, 0.7664473684210527, 0.7713815789473685, 0.7689144736842105, 0.7631578947368421, 0.7639802631578947, 0.7623355263157895, 0.772203947368421, 0.772203947368421, 0.7648026315789473, 0.7709703947368421, 0.7553453947368421, 0.7763157894736842, 0.759046052631579, 0.7619243421052632, 0.7742598684210527, 0.7631578947368421, 0.7631578947368421, 0.7631578947368421, 0.7652138157894737, 0.765625, 0.7660361842105263, 0.7648026315789473, 0.7693256578947368, 0.7594572368421053, 0.766858552631579, 0.7611019736842105, 0.7693256578947368, 0.7680921052631579, 0.7689144736842105, 0.7623355263157895, 0.7697368421052632, 0.7623355263157895, 0.7619243421052632, 0.7615131578947368, 0.7693256578947368, 0.7602796052631579, 0.765625, 0.764391447368421, 0.7652138157894737, 0.7676809210526315, 0.7693256578947368, 0.7635690789473685, 0.7730263157894737, 0.7623355263157895, 0.7693256578947368, 0.7648026315789473, 0.7623355263157895, 0.7676809210526315, 0.7672697368421053, 0.7553453947368421, 0.7594572368421053, 0.7606907894736842, 0.764391447368421, 0.7689144736842105, 0.7611019736842105, 0.7693256578947368, 0.7631578947368421, 0.7697368421052632, 0.7713815789473685, 0.7586348684210527, 0.7680921052631579, 0.7615131578947368, 0.7672697368421053, 0.7619243421052632, 0.7615131578947368, 0.7672697368421053, 0.7606907894736842, 0.7709703947368421, 0.7705592105263158, 0.7561677631578947, 0.7705592105263158, 0.7639802631578947, 0.7660361842105263, 0.7648026315789473, 0.7664473684210527, 0.7685032894736842, 0.7631578947368421, 0.7734375, 0.7697368421052632, 0.7705592105263158]
04-11 07:16 - mutual_info_img_txt.main_utils Training for 100 Epochs checkpoint saved in /home/anhle/data/projects/Mutual-Information-MultiModal/save_dir/dv_epoch20/pytorch_image_classifier_Cardiomegaly_epoch32.bin
