05-13 14:30 - mutual_info_img_txt.main_utils ExplainableImageModelManager training start, disease label= Edema, args = Namespace(batch_size=64, bert_config_name='bert_config.json', bert_pretrained_dir='/home/anhle/data/projects/Mutual-Information-MultiModal/bert_pretrain_all_notes_150000', data_loader_workers=32, dataset_disease_stats='/home/anhle/data/projects/Mutual-Information-MultiModal/training_data/disease_stats.csv', dataset_metadata='/home/anhle/data/projects/Mutual-Information-MultiModal/training_data/training_label_negbio.csv', disease_label='Edema', image_dir='/home/anhle/data/projects/Mutual-Information-MultiModal/full_data_set/images/', image_model_name='resnet256_6_2_1', img_size=256, init_lr=0.0005, max_seq_length=320, mi_estimator='dv', num_train_epochs=20, num_train_epochs_classifier=50, optimizer='Adam', output_channels=1, save_directory='/home/anhle/data/projects/Mutual-Information-MultiModal/save_dir/dv_epoch20', text_data_dir='/home/anhle/data/projects/Mutual-Information-MultiModal/training_data/text/')
05-13 14:30 - mutual_info_img_txt.main_utils total batch of train_data_loader:, total_batch = 711
05-13 15:40 - mutual_info_img_txt.main_utils Label: Edema,  Epoch 1 took 2214.526 s, training loss = 0.60323, validation_loss = 0.59734, validation accuracy=0.69975
05-13 15:40 - mutual_info_img_txt.main_utils   Total validation samples = 2368, total positive=1219, total negative=1149 ,tp_count=994, tn_count=663, fp_count=225, fn_count=486
05-13 16:41 - mutual_info_img_txt.main_utils Label: Edema,  Epoch 2 took 1898.835 s, training loss = 0.58823, validation_loss = 0.59719, validation accuracy=0.69130
05-13 16:41 - mutual_info_img_txt.main_utils   Total validation samples = 2368, total positive=1221, total negative=1147 ,tp_count=961, tn_count=676, fp_count=260, fn_count=471
05-13 17:42 - mutual_info_img_txt.main_utils Label: Edema,  Epoch 3 took 1909.356 s, training loss = 0.58713, validation_loss = 0.60188, validation accuracy=0.70059
05-13 17:42 - mutual_info_img_txt.main_utils   Total validation samples = 2368, total positive=1227, total negative=1141 ,tp_count=994, tn_count=665, fp_count=233, fn_count=476
05-13 18:43 - mutual_info_img_txt.main_utils Label: Edema,  Epoch 4 took 1873.446 s, training loss = 0.58334, validation_loss = 0.58884, validation accuracy=0.70228
05-13 18:43 - mutual_info_img_txt.main_utils   Total validation samples = 2368, total positive=1221, total negative=1147 ,tp_count=970, tn_count=693, fp_count=251, fn_count=454
05-13 19:45 - mutual_info_img_txt.main_utils Label: Edema,  Epoch 5 took 1880.420 s, training loss = 0.58431, validation_loss = 0.58870, validation accuracy=0.70059
05-13 19:45 - mutual_info_img_txt.main_utils   Total validation samples = 2368, total positive=1222, total negative=1146 ,tp_count=929, tn_count=730, fp_count=293, fn_count=416
05-13 20:48 - mutual_info_img_txt.main_utils Label: Edema,  Epoch 6 took 1918.473 s, training loss = 0.57957, validation_loss = 0.58868, validation accuracy=0.69299
05-13 20:48 - mutual_info_img_txt.main_utils   Total validation samples = 2368, total positive=1217, total negative=1151 ,tp_count=851, tn_count=790, fp_count=366, fn_count=361
05-13 21:53 - mutual_info_img_txt.main_utils Label: Edema,  Epoch 7 took 1977.553 s, training loss = 0.58103, validation_loss = 0.59967, validation accuracy=0.69003
05-13 21:53 - mutual_info_img_txt.main_utils   Total validation samples = 2368, total positive=1225, total negative=1143 ,tp_count=935, tn_count=699, fp_count=290, fn_count=444
05-13 22:58 - mutual_info_img_txt.main_utils Label: Edema,  Epoch 8 took 1951.625 s, training loss = 0.57857, validation_loss = 0.58556, validation accuracy=0.70228
05-13 22:58 - mutual_info_img_txt.main_utils   Total validation samples = 2368, total positive=1221, total negative=1147 ,tp_count=903, tn_count=760, fp_count=318, fn_count=387
05-14 00:05 - mutual_info_img_txt.main_utils Label: Edema,  Epoch 9 took 1969.889 s, training loss = 0.57951, validation_loss = 0.61500, validation accuracy=0.68919
05-14 00:05 - mutual_info_img_txt.main_utils   Total validation samples = 2368, total positive=1224, total negative=1144 ,tp_count=928, tn_count=704, fp_count=296, fn_count=440
05-14 01:13 - mutual_info_img_txt.main_utils Label: Edema,  Epoch 10 took 2122.889 s, training loss = 0.57767, validation_loss = 0.58667, validation accuracy=0.70101
05-14 01:13 - mutual_info_img_txt.main_utils   Total validation samples = 2368, total positive=1219, total negative=1149 ,tp_count=947, tn_count=713, fp_count=272, fn_count=436
05-14 02:17 - mutual_info_img_txt.main_utils Label: Edema,  Epoch 11 took 1990.004 s, training loss = 0.57685, validation_loss = 0.59023, validation accuracy=0.69552
05-14 02:17 - mutual_info_img_txt.main_utils   Total validation samples = 2368, total positive=1224, total negative=1144 ,tp_count=908, tn_count=739, fp_count=316, fn_count=405
05-14 03:20 - mutual_info_img_txt.main_utils Label: Edema,  Epoch 12 took 1917.633 s, training loss = 0.57923, validation_loss = 0.58773, validation accuracy=0.69215
05-14 03:20 - mutual_info_img_txt.main_utils   Total validation samples = 2368, total positive=1224, total negative=1144 ,tp_count=941, tn_count=698, fp_count=283, fn_count=446
05-14 04:22 - mutual_info_img_txt.main_utils Label: Edema,  Epoch 13 took 1909.368 s, training loss = 0.57894, validation_loss = 0.57624, validation accuracy=0.70186
05-14 04:22 - mutual_info_img_txt.main_utils   Total validation samples = 2368, total positive=1222, total negative=1146 ,tp_count=1001, tn_count=661, fp_count=221, fn_count=485
05-14 05:24 - mutual_info_img_txt.main_utils Label: Edema,  Epoch 14 took 1891.696 s, training loss = 0.57600, validation_loss = 0.57483, validation accuracy=0.70777
05-14 05:24 - mutual_info_img_txt.main_utils   Total validation samples = 2368, total positive=1223, total negative=1145 ,tp_count=950, tn_count=726, fp_count=273, fn_count=419
05-14 06:27 - mutual_info_img_txt.main_utils Label: Edema,  Epoch 15 took 1899.827 s, training loss = 0.57547, validation_loss = 0.57876, validation accuracy=0.70355
05-14 06:27 - mutual_info_img_txt.main_utils   Total validation samples = 2368, total positive=1221, total negative=1147 ,tp_count=927, tn_count=739, fp_count=294, fn_count=408
05-14 07:29 - mutual_info_img_txt.main_utils Label: Edema,  Epoch 16 took 1918.099 s, training loss = 0.57719, validation_loss = 0.58669, validation accuracy=0.69721
05-14 07:29 - mutual_info_img_txt.main_utils   Total validation samples = 2368, total positive=1223, total negative=1145 ,tp_count=927, tn_count=724, fp_count=296, fn_count=421
05-14 08:41 - mutual_info_img_txt.main_utils Label: Edema,  Epoch 17 took 2133.416 s, training loss = 0.57605, validation_loss = 0.57475, validation accuracy=0.71199
05-14 08:41 - mutual_info_img_txt.main_utils   Total validation samples = 2368, total positive=1226, total negative=1142 ,tp_count=964, tn_count=722, fp_count=262, fn_count=420
05-14 09:50 - mutual_info_img_txt.main_utils Label: Edema,  Epoch 18 took 2131.148 s, training loss = 0.57309, validation_loss = 0.57643, validation accuracy=0.70228
05-14 09:50 - mutual_info_img_txt.main_utils   Total validation samples = 2368, total positive=1226, total negative=1142 ,tp_count=972, tn_count=691, fp_count=254, fn_count=451
05-14 10:58 - mutual_info_img_txt.main_utils Label: Edema,  Epoch 19 took 1982.348 s, training loss = 0.57507, validation_loss = 0.57137, validation accuracy=0.71199
05-14 10:58 - mutual_info_img_txt.main_utils   Total validation samples = 2368, total positive=1219, total negative=1149 ,tp_count=954, tn_count=732, fp_count=265, fn_count=417
05-14 12:05 - mutual_info_img_txt.main_utils Label: Edema,  Epoch 20 took 2031.558 s, training loss = 0.57354, validation_loss = 0.58035, validation accuracy=0.70650
05-14 12:05 - mutual_info_img_txt.main_utils   Total validation samples = 2368, total positive=1219, total negative=1149 ,tp_count=966, tn_count=707, fp_count=253, fn_count=442
05-14 13:11 - mutual_info_img_txt.main_utils Label: Edema,  Epoch 21 took 2039.259 s, training loss = 0.57454, validation_loss = 0.58248, validation accuracy=0.69637
05-14 13:11 - mutual_info_img_txt.main_utils   Total validation samples = 2368, total positive=1222, total negative=1146 ,tp_count=947, tn_count=702, fp_count=275, fn_count=444
05-14 14:15 - mutual_info_img_txt.main_utils Label: Edema,  Epoch 22 took 1956.928 s, training loss = 0.57454, validation_loss = 0.58921, validation accuracy=0.69721
05-14 14:15 - mutual_info_img_txt.main_utils   Total validation samples = 2368, total positive=1226, total negative=1142 ,tp_count=956, tn_count=695, fp_count=270, fn_count=447
05-14 15:21 - mutual_info_img_txt.main_utils Label: Edema,  Epoch 23 took 2022.115 s, training loss = 0.57375, validation_loss = 0.57821, validation accuracy=0.71410
05-14 15:21 - mutual_info_img_txt.main_utils   Total validation samples = 2368, total positive=1217, total negative=1151 ,tp_count=962, tn_count=729, fp_count=255, fn_count=422
05-14 16:25 - mutual_info_img_txt.main_utils Label: Edema,  Epoch 24 took 1968.682 s, training loss = 0.57222, validation_loss = 0.59753, validation accuracy=0.69806
05-14 16:25 - mutual_info_img_txt.main_utils   Total validation samples = 2368, total positive=1223, total negative=1145 ,tp_count=944, tn_count=709, fp_count=279, fn_count=436
05-14 17:27 - mutual_info_img_txt.main_utils Label: Edema,  Epoch 25 took 1930.063 s, training loss = 0.57443, validation_loss = 0.57652, validation accuracy=0.72171
05-14 17:27 - mutual_info_img_txt.main_utils   Total validation samples = 2368, total positive=1225, total negative=1143 ,tp_count=989, tn_count=720, fp_count=236, fn_count=423
05-14 18:29 - mutual_info_img_txt.main_utils Label: Edema,  Epoch 26 took 1923.024 s, training loss = 0.57206, validation_loss = 0.58487, validation accuracy=0.70101
05-14 18:29 - mutual_info_img_txt.main_utils   Total validation samples = 2368, total positive=1224, total negative=1144 ,tp_count=962, tn_count=698, fp_count=262, fn_count=446
05-14 19:30 - mutual_info_img_txt.main_utils Label: Edema,  Epoch 27 took 1864.497 s, training loss = 0.57568, validation_loss = 0.57518, validation accuracy=0.70650
05-14 19:30 - mutual_info_img_txt.main_utils   Total validation samples = 2368, total positive=1220, total negative=1148 ,tp_count=969, tn_count=704, fp_count=251, fn_count=444
05-14 20:35 - mutual_info_img_txt.main_utils Label: Edema,  Epoch 28 took 1932.618 s, training loss = 0.57330, validation_loss = 0.58391, validation accuracy=0.70312
05-14 20:35 - mutual_info_img_txt.main_utils   Total validation samples = 2368, total positive=1220, total negative=1148 ,tp_count=945, tn_count=720, fp_count=275, fn_count=428
05-14 21:38 - mutual_info_img_txt.main_utils Label: Edema,  Epoch 29 took 1939.305 s, training loss = 0.57332, validation_loss = 0.58043, validation accuracy=0.70693
05-14 21:38 - mutual_info_img_txt.main_utils   Total validation samples = 2368, total positive=1220, total negative=1148 ,tp_count=970, tn_count=704, fp_count=250, fn_count=444
05-14 22:42 - mutual_info_img_txt.main_utils Label: Edema,  Epoch 30 took 1961.580 s, training loss = 0.57247, validation_loss = 0.57913, validation accuracy=0.69637
05-14 22:42 - mutual_info_img_txt.main_utils   Total validation samples = 2368, total positive=1221, total negative=1147 ,tp_count=940, tn_count=709, fp_count=281, fn_count=438
05-14 23:46 - mutual_info_img_txt.main_utils Label: Edema,  Epoch 31 took 1921.879 s, training loss = 0.57274, validation_loss = 0.57834, validation accuracy=0.70819
05-14 23:46 - mutual_info_img_txt.main_utils   Total validation samples = 2368, total positive=1219, total negative=1149 ,tp_count=974, tn_count=703, fp_count=245, fn_count=446
05-15 00:49 - mutual_info_img_txt.main_utils Label: Edema,  Epoch 32 took 1947.076 s, training loss = 0.57280, validation_loss = 0.58205, validation accuracy=0.70819
05-15 00:49 - mutual_info_img_txt.main_utils   Total validation samples = 2368, total positive=1226, total negative=1142 ,tp_count=967, tn_count=710, fp_count=259, fn_count=432
05-15 01:53 - mutual_info_img_txt.main_utils Label: Edema,  Epoch 33 took 1939.917 s, training loss = 0.57301, validation_loss = 0.58076, validation accuracy=0.70777
05-15 01:53 - mutual_info_img_txt.main_utils   Total validation samples = 2368, total positive=1222, total negative=1146 ,tp_count=976, tn_count=700, fp_count=246, fn_count=446
05-15 02:58 - mutual_info_img_txt.main_utils Label: Edema,  Epoch 34 took 1957.267 s, training loss = 0.57532, validation_loss = 0.58821, validation accuracy=0.69468
05-15 02:58 - mutual_info_img_txt.main_utils   Total validation samples = 2368, total positive=1223, total negative=1145 ,tp_count=942, tn_count=703, fp_count=281, fn_count=442
05-15 04:03 - mutual_info_img_txt.main_utils Label: Edema,  Epoch 35 took 2000.055 s, training loss = 0.57171, validation_loss = 0.57379, validation accuracy=0.70397
05-15 04:03 - mutual_info_img_txt.main_utils   Total validation samples = 2368, total positive=1226, total negative=1142 ,tp_count=957, tn_count=710, fp_count=269, fn_count=432
05-15 05:07 - mutual_info_img_txt.main_utils Label: Edema,  Epoch 36 took 1930.461 s, training loss = 0.57251, validation_loss = 0.58686, validation accuracy=0.70608
05-15 05:07 - mutual_info_img_txt.main_utils   Total validation samples = 2368, total positive=1223, total negative=1145 ,tp_count=971, tn_count=701, fp_count=252, fn_count=444
05-15 06:10 - mutual_info_img_txt.main_utils Label: Edema,  Epoch 37 took 1940.141 s, training loss = 0.57311, validation_loss = 0.57685, validation accuracy=0.71242
05-15 06:10 - mutual_info_img_txt.main_utils   Total validation samples = 2368, total positive=1221, total negative=1147 ,tp_count=972, tn_count=715, fp_count=249, fn_count=432
05-15 07:13 - mutual_info_img_txt.main_utils Label: Edema,  Epoch 38 took 1929.949 s, training loss = 0.57259, validation_loss = 0.57298, validation accuracy=0.70777
05-15 07:13 - mutual_info_img_txt.main_utils   Total validation samples = 2368, total positive=1223, total negative=1145 ,tp_count=965, tn_count=711, fp_count=258, fn_count=434
05-15 08:28 - mutual_info_img_txt.main_utils Label: Edema,  Epoch 39 took 1938.978 s, training loss = 0.57279, validation_loss = 0.57858, validation accuracy=0.69975
05-15 08:28 - mutual_info_img_txt.main_utils   Total validation samples = 2368, total positive=1219, total negative=1149 ,tp_count=961, tn_count=696, fp_count=258, fn_count=453
05-15 09:38 - mutual_info_img_txt.main_utils Label: Edema,  Epoch 40 took 2140.469 s, training loss = 0.57238, validation_loss = 0.57923, validation accuracy=0.70650
05-15 09:38 - mutual_info_img_txt.main_utils   Total validation samples = 2368, total positive=1220, total negative=1148 ,tp_count=949, tn_count=724, fp_count=271, fn_count=424
05-15 10:45 - mutual_info_img_txt.main_utils Label: Edema,  Epoch 41 took 2039.387 s, training loss = 0.57327, validation_loss = 0.58836, validation accuracy=0.70566
05-15 10:45 - mutual_info_img_txt.main_utils   Total validation samples = 2368, total positive=1222, total negative=1146 ,tp_count=961, tn_count=710, fp_count=261, fn_count=436
05-15 11:49 - mutual_info_img_txt.main_utils Label: Edema,  Epoch 42 took 1975.427 s, training loss = 0.57150, validation_loss = 0.58550, validation accuracy=0.69215
05-15 11:49 - mutual_info_img_txt.main_utils   Total validation samples = 2368, total positive=1219, total negative=1149 ,tp_count=939, tn_count=700, fp_count=280, fn_count=449
05-15 12:53 - mutual_info_img_txt.main_utils Label: Edema,  Epoch 43 took 1965.611 s, training loss = 0.57002, validation_loss = 0.58962, validation accuracy=0.68919
05-15 12:53 - mutual_info_img_txt.main_utils   Total validation samples = 2368, total positive=1224, total negative=1144 ,tp_count=938, tn_count=694, fp_count=286, fn_count=450
05-15 13:58 - mutual_info_img_txt.main_utils Label: Edema,  Epoch 44 took 1974.957 s, training loss = 0.56986, validation_loss = 0.59441, validation accuracy=0.69426
05-15 13:58 - mutual_info_img_txt.main_utils   Total validation samples = 2368, total positive=1227, total negative=1141 ,tp_count=954, tn_count=690, fp_count=273, fn_count=451
05-15 15:02 - mutual_info_img_txt.main_utils Label: Edema,  Epoch 45 took 1942.792 s, training loss = 0.57238, validation_loss = 0.58346, validation accuracy=0.70397
05-15 15:02 - mutual_info_img_txt.main_utils   Total validation samples = 2368, total positive=1218, total negative=1150 ,tp_count=951, tn_count=716, fp_count=267, fn_count=434
05-15 16:09 - mutual_info_img_txt.main_utils Label: Edema,  Epoch 46 took 2017.975 s, training loss = 0.57420, validation_loss = 0.57494, validation accuracy=0.71706
05-15 16:09 - mutual_info_img_txt.main_utils   Total validation samples = 2368, total positive=1218, total negative=1150 ,tp_count=982, tn_count=716, fp_count=236, fn_count=434
05-15 17:14 - mutual_info_img_txt.main_utils Label: Edema,  Epoch 47 took 1936.524 s, training loss = 0.57255, validation_loss = 0.57936, validation accuracy=0.70059
05-15 17:14 - mutual_info_img_txt.main_utils   Total validation samples = 2368, total positive=1223, total negative=1145 ,tp_count=971, tn_count=688, fp_count=252, fn_count=457
05-15 18:20 - mutual_info_img_txt.main_utils Label: Edema,  Epoch 48 took 2001.127 s, training loss = 0.57289, validation_loss = 0.59317, validation accuracy=0.69764
05-15 18:20 - mutual_info_img_txt.main_utils   Total validation samples = 2368, total positive=1221, total negative=1147 ,tp_count=949, tn_count=703, fp_count=272, fn_count=444
05-15 19:25 - mutual_info_img_txt.main_utils Label: Edema,  Epoch 49 took 2019.964 s, training loss = 0.57277, validation_loss = 0.57868, validation accuracy=0.70481
05-15 19:25 - mutual_info_img_txt.main_utils   Total validation samples = 2368, total positive=1221, total negative=1147 ,tp_count=951, tn_count=718, fp_count=270, fn_count=429
05-15 20:29 - mutual_info_img_txt.main_utils Label: Edema,  Epoch 50 took 1942.182 s, training loss = 0.57431, validation_loss = 0.57821, validation accuracy=0.70693
05-15 20:29 - mutual_info_img_txt.main_utils   Total validation samples = 2368, total positive=1222, total negative=1146 ,tp_count=950, tn_count=724, fp_count=272, fn_count=422
05-15 20:29 - mutual_info_img_txt.main_utils training loss:
05-15 20:29 - mutual_info_img_txt.main_utils [0.6032316880051765, 0.5882288308921578, 0.587127758187416, 0.5833351300235539, 0.5843069156849267, 0.5795660393650521, 0.5810304543137047, 0.5785656940249618, 0.5795097045506103, 0.5776745556695216, 0.5768533827299475, 0.5792277434371862, 0.5789375804396119, 0.5760042053737721, 0.5754694550097743, 0.5771929526966165, 0.5760509898642447, 0.5730911680247043, 0.5750683700736565, 0.5735423118085633, 0.5745376786937526, 0.574539457318149, 0.573750360018761, 0.5722244891184795, 0.5744263819836698, 0.5720607813987383, 0.5756844235623436, 0.5733040136543172, 0.5733180022189386, 0.5724667548378811, 0.5727378167264404, 0.5727986674939195, 0.5730147713850319, 0.5753217312270243, 0.5717146298972531, 0.5725112173460036, 0.573107454889099, 0.5725900860694558, 0.5727933941594995, 0.5723773507629266, 0.5732712654708643, 0.5715040678548746, 0.5700219834404152, 0.5698568768977448, 0.5723814159505981, 0.5742035798634155, 0.572546045404614, 0.5728903591381347, 0.5727702655034393, 0.5743072278975769]
05-15 20:29 - mutual_info_img_txt.main_utils validation loss:
05-15 20:29 - mutual_info_img_txt.main_utils [0.5973383067427455, 0.5971850607846234, 0.6018806011290163, 0.5888392522528365, 0.5887023113869332, 0.5886838484454799, 0.5996705366147531, 0.5855611159994796, 0.6150046570880993, 0.5866728739158528, 0.5902270731088277, 0.5877301322447287, 0.5762447972555418, 0.574831840154287, 0.5787608333536096, 0.586694304202054, 0.5747542212138305, 0.5764295152715735, 0.5713704969431903, 0.5803531811044023, 0.5824801615766577, 0.5892108437177297, 0.5782135741130726, 0.5975321555459822, 0.5765205347860182, 0.5848721314120937, 0.5751801640600771, 0.5839072868630693, 0.5804257698961206, 0.5791307760251535, 0.5783371981736776, 0.582045442349202, 0.5807618031630645, 0.5882051345464345, 0.5737915618999584, 0.5868589620332461, 0.5768465431960853, 0.5729753358944042, 0.5785782949344532, 0.5792272477536589, 0.5883644190994469, 0.5854994364686914, 0.5896213795687701, 0.5944106820467356, 0.5834641303565051, 0.5749412017899591, 0.5793556997904906, 0.5931654137534064, 0.5786809671569515, 0.5782142740649145]
05-15 20:29 - mutual_info_img_txt.main_utils training accuracy:
05-15 20:29 - mutual_info_img_txt.main_utils [0.6964882208157525, 0.7002461322081576, 0.6998945147679325, 0.7002681082981715, 0.7010372714486639, 0.6964662447257384, 0.7014767932489452, 0.6993231364275668, 0.7010152953586498, 0.7025975738396625, 0.702114099859353, 0.6998725386779184, 0.7010592475386779, 0.7038502109704642, 0.7024217651195499, 0.7015646976090014, 0.7045754219409283, 0.7041578762306611, 0.7026195499296765, 0.7036304500703235, 0.7018284106891702, 0.7021360759493671, 0.7049050632911392, 0.7039820675105485, 0.7050149437412095, 0.7033447609001406, 0.7036524261603375, 0.7004658931082982, 0.7008614627285513, 0.7036744022503516, 0.7048391350210971, 0.7054324894514767, 0.704135900140647, 0.7001142756680732, 0.704135900140647, 0.7041798523206751, 0.7018503867791842, 0.7054764416315049, 0.7047951828410689, 0.7059159634317862, 0.705168776371308, 0.7043556610407876, 0.7064653656821378, 0.7047951828410689, 0.7044435654008439, 0.7009713431786216, 0.7046633263009845, 0.7014767932489452, 0.7056302742616034, 0.7065312939521801]
05-15 20:29 - mutual_info_img_txt.main_utils validation accuracy:
05-15 20:29 - mutual_info_img_txt.main_utils [0.6997466216216216, 0.6913006756756757, 0.7005912162162162, 0.7022804054054054, 0.7005912162162162, 0.6929898648648649, 0.6900337837837838, 0.7022804054054054, 0.6891891891891891, 0.7010135135135135, 0.6955236486486487, 0.6921452702702703, 0.7018581081081081, 0.7077702702702703, 0.7035472972972973, 0.6972128378378378, 0.7119932432432432, 0.7022804054054054, 0.7119932432432432, 0.7065033783783784, 0.6963682432432432, 0.6972128378378378, 0.7141047297297297, 0.6980574324324325, 0.721706081081081, 0.7010135135135135, 0.7065033783783784, 0.703125, 0.7069256756756757, 0.6963682432432432, 0.7081925675675675, 0.7081925675675675, 0.7077702702702703, 0.6946790540540541, 0.7039695945945946, 0.706081081081081, 0.7124155405405406, 0.7077702702702703, 0.6997466216216216, 0.7065033783783784, 0.7056587837837838, 0.6921452702702703, 0.6891891891891891, 0.6942567567567568, 0.7039695945945946, 0.7170608108108109, 0.7005912162162162, 0.6976351351351351, 0.7048141891891891, 0.7069256756756757]
05-15 20:29 - mutual_info_img_txt.main_utils Training for 50 Epochs checkpoint saved in /home/anhle/data/projects/Mutual-Information-MultiModal/save_dir/dv_epoch20/pytorch_image_classifier_Edema_epoch25.bin
05-15 20:35 - mutual_info_img_txt.main_utils ExplainableImageModelManager training start, disease label= Pleural Effusion, args = Namespace(batch_size=64, bert_config_name='bert_config.json', bert_pretrained_dir='/home/anhle/data/projects/Mutual-Information-MultiModal/bert_pretrain_all_notes_150000', data_loader_workers=32, dataset_disease_stats='/home/anhle/data/projects/Mutual-Information-MultiModal/training_data/disease_stats.csv', dataset_metadata='/home/anhle/data/projects/Mutual-Information-MultiModal/training_data/training_label_negbio.csv', disease_label='Pleural Effusion', image_dir='/home/anhle/data/projects/Mutual-Information-MultiModal/full_data_set/images/', image_model_name='resnet256_6_2_1', img_size=256, init_lr=0.0005, max_seq_length=320, mi_estimator='dv', num_train_epochs=20, num_train_epochs_classifier=50, optimizer='Adam', output_channels=1, save_directory='/home/anhle/data/projects/Mutual-Information-MultiModal/save_dir/dv_epoch20', text_data_dir='/home/anhle/data/projects/Mutual-Information-MultiModal/training_data/text/')
05-15 20:35 - mutual_info_img_txt.main_utils total batch of train_data_loader:, total_batch = 1079
05-15 22:33 - mutual_info_img_txt.main_utils Label: Pleural Effusion,  Epoch 1 took 3573.662 s, training loss = 0.57790, validation_loss = 0.58170, validation accuracy=0.71680
05-15 22:33 - mutual_info_img_txt.main_utils   Total validation samples = 3584, total positive=2382, total negative=1202 ,tp_count=2184, tn_count=385, fp_count=198, fn_count=817
05-16 00:25 - mutual_info_img_txt.main_utils Label: Pleural Effusion,  Epoch 2 took 3327.706 s, training loss = 0.56626, validation_loss = 0.58174, validation accuracy=0.70759
05-16 00:25 - mutual_info_img_txt.main_utils   Total validation samples = 3584, total positive=2380, total negative=1204 ,tp_count=2201, tn_count=335, fp_count=179, fn_count=869
05-16 02:15 - mutual_info_img_txt.main_utils Label: Pleural Effusion,  Epoch 3 took 3265.665 s, training loss = 0.56230, validation_loss = 0.57257, validation accuracy=0.71233
05-16 02:15 - mutual_info_img_txt.main_utils   Total validation samples = 3584, total positive=2374, total negative=1210 ,tp_count=2074, tn_count=479, fp_count=300, fn_count=731
05-16 04:06 - mutual_info_img_txt.main_utils Label: Pleural Effusion,  Epoch 4 took 3279.383 s, training loss = 0.56106, validation_loss = 0.57261, validation accuracy=0.71596
05-16 04:06 - mutual_info_img_txt.main_utils   Total validation samples = 3584, total positive=2382, total negative=1202 ,tp_count=2180, tn_count=386, fp_count=202, fn_count=816
05-16 05:57 - mutual_info_img_txt.main_utils Label: Pleural Effusion,  Epoch 5 took 3297.450 s, training loss = 0.55994, validation_loss = 0.58761, validation accuracy=0.70647
05-16 05:57 - mutual_info_img_txt.main_utils   Total validation samples = 3584, total positive=2378, total negative=1206 ,tp_count=2241, tn_count=291, fp_count=137, fn_count=915
05-16 07:48 - mutual_info_img_txt.main_utils Label: Pleural Effusion,  Epoch 6 took 3299.275 s, training loss = 0.56006, validation_loss = 0.56885, validation accuracy=0.71568
05-16 07:48 - mutual_info_img_txt.main_utils   Total validation samples = 3584, total positive=2377, total negative=1207 ,tp_count=2203, tn_count=362, fp_count=174, fn_count=845
05-16 09:47 - mutual_info_img_txt.main_utils Label: Pleural Effusion,  Epoch 7 took 3572.165 s, training loss = 0.55748, validation_loss = 0.56692, validation accuracy=0.72489
05-16 09:47 - mutual_info_img_txt.main_utils   Total validation samples = 3584, total positive=2381, total negative=1203 ,tp_count=2181, tn_count=417, fp_count=200, fn_count=786
05-16 11:41 - mutual_info_img_txt.main_utils Label: Pleural Effusion,  Epoch 8 took 3392.190 s, training loss = 0.55594, validation_loss = 0.56715, validation accuracy=0.71373
05-16 11:41 - mutual_info_img_txt.main_utils   Total validation samples = 3584, total positive=2380, total negative=1204 ,tp_count=2173, tn_count=385, fp_count=207, fn_count=819
05-16 13:32 - mutual_info_img_txt.main_utils Label: Pleural Effusion,  Epoch 9 took 3321.209 s, training loss = 0.55709, validation_loss = 0.56357, validation accuracy=0.72321
05-16 13:32 - mutual_info_img_txt.main_utils   Total validation samples = 3584, total positive=2382, total negative=1202 ,tp_count=2173, tn_count=419, fp_count=209, fn_count=783
05-16 15:23 - mutual_info_img_txt.main_utils Label: Pleural Effusion,  Epoch 10 took 3310.848 s, training loss = 0.55699, validation_loss = 0.57239, validation accuracy=0.71289
05-16 15:23 - mutual_info_img_txt.main_utils   Total validation samples = 3584, total positive=2377, total negative=1207 ,tp_count=2183, tn_count=372, fp_count=194, fn_count=835
05-16 17:15 - mutual_info_img_txt.main_utils Label: Pleural Effusion,  Epoch 11 took 3297.869 s, training loss = 0.55738, validation_loss = 0.56959, validation accuracy=0.71708
05-16 17:15 - mutual_info_img_txt.main_utils   Total validation samples = 3584, total positive=2378, total negative=1206 ,tp_count=2212, tn_count=358, fp_count=166, fn_count=848
05-16 19:07 - mutual_info_img_txt.main_utils Label: Pleural Effusion,  Epoch 12 took 3324.941 s, training loss = 0.55556, validation_loss = 0.56526, validation accuracy=0.71456
05-16 19:07 - mutual_info_img_txt.main_utils   Total validation samples = 3584, total positive=2380, total negative=1204 ,tp_count=2174, tn_count=387, fp_count=206, fn_count=817
05-16 20:58 - mutual_info_img_txt.main_utils Label: Pleural Effusion,  Epoch 13 took 3324.467 s, training loss = 0.55490, validation_loss = 0.57497, validation accuracy=0.71484
05-16 20:58 - mutual_info_img_txt.main_utils   Total validation samples = 3584, total positive=2381, total negative=1203 ,tp_count=2134, tn_count=428, fp_count=247, fn_count=775
05-16 22:51 - mutual_info_img_txt.main_utils Label: Pleural Effusion,  Epoch 14 took 3340.167 s, training loss = 0.55441, validation_loss = 0.56761, validation accuracy=0.72015
05-16 22:51 - mutual_info_img_txt.main_utils   Total validation samples = 3584, total positive=2382, total negative=1202 ,tp_count=2226, tn_count=355, fp_count=156, fn_count=847
05-17 00:43 - mutual_info_img_txt.main_utils Label: Pleural Effusion,  Epoch 15 took 3314.428 s, training loss = 0.55545, validation_loss = 0.56711, validation accuracy=0.71903
05-17 00:43 - mutual_info_img_txt.main_utils   Total validation samples = 3584, total positive=2385, total negative=1199 ,tp_count=2194, tn_count=383, fp_count=191, fn_count=816
05-17 02:35 - mutual_info_img_txt.main_utils Label: Pleural Effusion,  Epoch 16 took 3332.743 s, training loss = 0.55177, validation_loss = 0.56747, validation accuracy=0.71875
05-17 02:35 - mutual_info_img_txt.main_utils   Total validation samples = 3584, total positive=2383, total negative=1201 ,tp_count=2216, tn_count=360, fp_count=167, fn_count=841
05-17 04:27 - mutual_info_img_txt.main_utils Label: Pleural Effusion,  Epoch 17 took 3336.901 s, training loss = 0.55249, validation_loss = 0.57014, validation accuracy=0.71652
05-17 04:27 - mutual_info_img_txt.main_utils   Total validation samples = 3584, total positive=2383, total negative=1201 ,tp_count=2190, tn_count=378, fp_count=193, fn_count=823
05-17 06:19 - mutual_info_img_txt.main_utils Label: Pleural Effusion,  Epoch 18 took 3310.113 s, training loss = 0.55349, validation_loss = 0.56250, validation accuracy=0.72210
05-17 06:19 - mutual_info_img_txt.main_utils   Total validation samples = 3584, total positive=2380, total negative=1204 ,tp_count=2177, tn_count=411, fp_count=203, fn_count=793
05-17 08:10 - mutual_info_img_txt.main_utils Label: Pleural Effusion,  Epoch 19 took 3289.905 s, training loss = 0.55230, validation_loss = 0.56837, validation accuracy=0.71791
05-17 08:10 - mutual_info_img_txt.main_utils   Total validation samples = 3584, total positive=2378, total negative=1206 ,tp_count=2177, tn_count=396, fp_count=201, fn_count=810
05-17 10:05 - mutual_info_img_txt.main_utils Label: Pleural Effusion,  Epoch 20 took 3421.220 s, training loss = 0.55270, validation_loss = 0.56214, validation accuracy=0.71987
05-17 10:05 - mutual_info_img_txt.main_utils   Total validation samples = 3584, total positive=2381, total negative=1203 ,tp_count=2204, tn_count=376, fp_count=177, fn_count=827
05-17 11:59 - mutual_info_img_txt.main_utils Label: Pleural Effusion,  Epoch 21 took 3349.789 s, training loss = 0.55304, validation_loss = 0.56395, validation accuracy=0.71150
05-17 11:59 - mutual_info_img_txt.main_utils   Total validation samples = 3584, total positive=2378, total negative=1206 ,tp_count=2123, tn_count=427, fp_count=255, fn_count=779
05-17 13:51 - mutual_info_img_txt.main_utils Label: Pleural Effusion,  Epoch 22 took 3355.058 s, training loss = 0.55204, validation_loss = 0.56812, validation accuracy=0.70675
05-17 13:51 - mutual_info_img_txt.main_utils   Total validation samples = 3584, total positive=2383, total negative=1201 ,tp_count=2141, tn_count=392, fp_count=242, fn_count=809
05-17 15:42 - mutual_info_img_txt.main_utils Label: Pleural Effusion,  Epoch 23 took 3301.517 s, training loss = 0.55070, validation_loss = 0.57518, validation accuracy=0.71345
05-17 15:42 - mutual_info_img_txt.main_utils   Total validation samples = 3584, total positive=2376, total negative=1208 ,tp_count=2181, tn_count=376, fp_count=195, fn_count=832
05-17 17:33 - mutual_info_img_txt.main_utils Label: Pleural Effusion,  Epoch 24 took 3288.287 s, training loss = 0.55168, validation_loss = 0.56536, validation accuracy=0.71847
05-17 17:33 - mutual_info_img_txt.main_utils   Total validation samples = 3584, total positive=2380, total negative=1204 ,tp_count=2166, tn_count=409, fp_count=214, fn_count=795
05-17 19:25 - mutual_info_img_txt.main_utils Label: Pleural Effusion,  Epoch 25 took 3326.743 s, training loss = 0.55262, validation_loss = 0.56216, validation accuracy=0.71401
05-17 19:25 - mutual_info_img_txt.main_utils   Total validation samples = 3584, total positive=2385, total negative=1199 ,tp_count=2150, tn_count=409, fp_count=235, fn_count=790
05-17 21:16 - mutual_info_img_txt.main_utils Label: Pleural Effusion,  Epoch 26 took 3299.521 s, training loss = 0.55053, validation_loss = 0.56719, validation accuracy=0.72015
05-17 21:16 - mutual_info_img_txt.main_utils   Total validation samples = 3584, total positive=2373, total negative=1211 ,tp_count=2133, tn_count=448, fp_count=240, fn_count=763
05-17 23:09 - mutual_info_img_txt.main_utils Label: Pleural Effusion,  Epoch 27 took 3335.034 s, training loss = 0.55211, validation_loss = 0.56089, validation accuracy=0.71652
05-17 23:09 - mutual_info_img_txt.main_utils   Total validation samples = 3584, total positive=2383, total negative=1201 ,tp_count=2181, tn_count=387, fp_count=202, fn_count=814
05-18 01:01 - mutual_info_img_txt.main_utils Label: Pleural Effusion,  Epoch 28 took 3345.669 s, training loss = 0.55157, validation_loss = 0.56685, validation accuracy=0.71401
05-18 01:01 - mutual_info_img_txt.main_utils   Total validation samples = 3584, total positive=2384, total negative=1200 ,tp_count=2151, tn_count=408, fp_count=233, fn_count=792
05-18 02:53 - mutual_info_img_txt.main_utils Label: Pleural Effusion,  Epoch 29 took 3315.954 s, training loss = 0.55179, validation_loss = 0.56963, validation accuracy=0.71484
05-18 02:53 - mutual_info_img_txt.main_utils   Total validation samples = 3584, total positive=2382, total negative=1202 ,tp_count=2166, tn_count=396, fp_count=216, fn_count=806
05-18 04:44 - mutual_info_img_txt.main_utils Label: Pleural Effusion,  Epoch 30 took 3296.378 s, training loss = 0.55105, validation_loss = 0.57321, validation accuracy=0.71177
05-18 04:44 - mutual_info_img_txt.main_utils   Total validation samples = 3584, total positive=2379, total negative=1205 ,tp_count=2151, tn_count=400, fp_count=228, fn_count=805
05-18 06:36 - mutual_info_img_txt.main_utils Label: Pleural Effusion,  Epoch 31 took 3322.156 s, training loss = 0.55264, validation_loss = 0.57246, validation accuracy=0.71680
05-18 06:36 - mutual_info_img_txt.main_utils   Total validation samples = 3584, total positive=2372, total negative=1212 ,tp_count=2156, tn_count=413, fp_count=216, fn_count=799
05-18 08:30 - mutual_info_img_txt.main_utils Label: Pleural Effusion,  Epoch 32 took 3304.927 s, training loss = 0.55241, validation_loss = 0.56392, validation accuracy=0.71791
05-18 08:30 - mutual_info_img_txt.main_utils   Total validation samples = 3584, total positive=2383, total negative=1201 ,tp_count=2164, tn_count=409, fp_count=219, fn_count=792
05-18 10:26 - mutual_info_img_txt.main_utils Label: Pleural Effusion,  Epoch 33 took 3465.595 s, training loss = 0.55128, validation_loss = 0.57156, validation accuracy=0.71596
05-18 10:26 - mutual_info_img_txt.main_utils   Total validation samples = 3584, total positive=2382, total negative=1202 ,tp_count=2154, tn_count=412, fp_count=228, fn_count=790
05-18 12:18 - mutual_info_img_txt.main_utils Label: Pleural Effusion,  Epoch 34 took 3365.649 s, training loss = 0.54985, validation_loss = 0.56686, validation accuracy=0.71456
05-18 12:18 - mutual_info_img_txt.main_utils   Total validation samples = 3584, total positive=2382, total negative=1202 ,tp_count=2155, tn_count=406, fp_count=227, fn_count=796
05-18 14:11 - mutual_info_img_txt.main_utils Label: Pleural Effusion,  Epoch 35 took 3335.738 s, training loss = 0.55217, validation_loss = 0.56040, validation accuracy=0.72238
05-18 14:11 - mutual_info_img_txt.main_utils   Total validation samples = 3584, total positive=2379, total negative=1205 ,tp_count=2174, tn_count=415, fp_count=205, fn_count=790
05-18 16:03 - mutual_info_img_txt.main_utils Label: Pleural Effusion,  Epoch 36 took 3336.222 s, training loss = 0.54914, validation_loss = 0.56333, validation accuracy=0.71987
05-18 16:03 - mutual_info_img_txt.main_utils   Total validation samples = 3584, total positive=2384, total negative=1200 ,tp_count=2167, tn_count=413, fp_count=217, fn_count=787
05-18 17:55 - mutual_info_img_txt.main_utils Label: Pleural Effusion,  Epoch 37 took 3312.718 s, training loss = 0.55053, validation_loss = 0.56984, validation accuracy=0.71066
05-18 17:55 - mutual_info_img_txt.main_utils   Total validation samples = 3584, total positive=2378, total negative=1206 ,tp_count=2159, tn_count=388, fp_count=219, fn_count=818
05-18 19:47 - mutual_info_img_txt.main_utils Label: Pleural Effusion,  Epoch 38 took 3335.309 s, training loss = 0.55095, validation_loss = 0.57134, validation accuracy=0.71596
05-18 19:47 - mutual_info_img_txt.main_utils   Total validation samples = 3584, total positive=2381, total negative=1203 ,tp_count=2170, tn_count=396, fp_count=211, fn_count=807
05-18 21:39 - mutual_info_img_txt.main_utils Label: Pleural Effusion,  Epoch 39 took 3332.057 s, training loss = 0.54943, validation_loss = 0.56348, validation accuracy=0.72517
05-18 21:39 - mutual_info_img_txt.main_utils   Total validation samples = 3584, total positive=2381, total negative=1203 ,tp_count=2173, tn_count=426, fp_count=208, fn_count=777
05-18 23:37 - mutual_info_img_txt.main_utils Label: Pleural Effusion,  Epoch 40 took 3364.142 s, training loss = 0.55127, validation_loss = 0.56292, validation accuracy=0.72182
05-18 23:37 - mutual_info_img_txt.main_utils   Total validation samples = 3584, total positive=2377, total negative=1207 ,tp_count=2162, tn_count=425, fp_count=215, fn_count=782
05-19 01:32 - mutual_info_img_txt.main_utils Label: Pleural Effusion,  Epoch 41 took 3469.631 s, training loss = 0.55112, validation_loss = 0.56708, validation accuracy=0.71429
05-19 01:32 - mutual_info_img_txt.main_utils   Total validation samples = 3584, total positive=2382, total negative=1202 ,tp_count=2151, tn_count=409, fp_count=231, fn_count=793
05-19 03:25 - mutual_info_img_txt.main_utils Label: Pleural Effusion,  Epoch 42 took 3355.858 s, training loss = 0.55064, validation_loss = 0.56339, validation accuracy=0.71763
05-19 03:25 - mutual_info_img_txt.main_utils   Total validation samples = 3584, total positive=2383, total negative=1201 ,tp_count=2179, tn_count=393, fp_count=204, fn_count=808
05-19 05:16 - mutual_info_img_txt.main_utils Label: Pleural Effusion,  Epoch 43 took 3306.293 s, training loss = 0.55323, validation_loss = 0.56778, validation accuracy=0.72405
05-19 05:16 - mutual_info_img_txt.main_utils   Total validation samples = 3584, total positive=2379, total negative=1205 ,tp_count=2188, tn_count=407, fp_count=191, fn_count=798
05-19 07:07 - mutual_info_img_txt.main_utils Label: Pleural Effusion,  Epoch 44 took 3289.045 s, training loss = 0.54838, validation_loss = 0.56527, validation accuracy=0.71429
05-19 07:07 - mutual_info_img_txt.main_utils   Total validation samples = 3584, total positive=2382, total negative=1202 ,tp_count=2145, tn_count=415, fp_count=237, fn_count=787
05-19 09:02 - mutual_info_img_txt.main_utils Label: Pleural Effusion,  Epoch 45 took 3346.384 s, training loss = 0.55157, validation_loss = 0.55704, validation accuracy=0.72405
05-19 09:02 - mutual_info_img_txt.main_utils   Total validation samples = 3584, total positive=2388, total negative=1196 ,tp_count=2179, tn_count=416, fp_count=209, fn_count=780
05-19 10:57 - mutual_info_img_txt.main_utils Label: Pleural Effusion,  Epoch 46 took 3442.627 s, training loss = 0.55085, validation_loss = 0.56860, validation accuracy=0.71317
05-19 10:57 - mutual_info_img_txt.main_utils   Total validation samples = 3584, total positive=2376, total negative=1208 ,tp_count=2155, tn_count=401, fp_count=221, fn_count=807
05-19 12:48 - mutual_info_img_txt.main_utils Label: Pleural Effusion,  Epoch 47 took 3335.361 s, training loss = 0.55147, validation_loss = 0.56673, validation accuracy=0.71456
05-19 12:48 - mutual_info_img_txt.main_utils   Total validation samples = 3584, total positive=2377, total negative=1207 ,tp_count=2148, tn_count=413, fp_count=229, fn_count=794
05-19 14:39 - mutual_info_img_txt.main_utils Label: Pleural Effusion,  Epoch 48 took 3285.524 s, training loss = 0.54975, validation_loss = 0.56738, validation accuracy=0.71680
05-19 14:39 - mutual_info_img_txt.main_utils   Total validation samples = 3584, total positive=2386, total negative=1198 ,tp_count=2150, tn_count=419, fp_count=236, fn_count=779
05-19 16:32 - mutual_info_img_txt.main_utils Label: Pleural Effusion,  Epoch 49 took 3327.071 s, training loss = 0.55071, validation_loss = 0.56644, validation accuracy=0.71456
05-19 16:32 - mutual_info_img_txt.main_utils   Total validation samples = 3584, total positive=2384, total negative=1200 ,tp_count=2157, tn_count=404, fp_count=227, fn_count=796
05-19 18:23 - mutual_info_img_txt.main_utils Label: Pleural Effusion,  Epoch 50 took 3308.172 s, training loss = 0.55015, validation_loss = 0.56751, validation accuracy=0.71233
05-19 18:23 - mutual_info_img_txt.main_utils   Total validation samples = 3584, total positive=2375, total negative=1209 ,tp_count=2147, tn_count=406, fp_count=228, fn_count=803
05-19 18:23 - mutual_info_img_txt.main_utils training loss:
05-19 18:23 - mutual_info_img_txt.main_utils [0.5779032594523461, 0.5662630297609564, 0.5623020486935517, 0.5610585403287709, 0.5599384248201442, 0.5600580520603368, 0.5574757133069361, 0.5559412044877803, 0.557094676307885, 0.5569907985869329, 0.5573764324630157, 0.5555577344702172, 0.5548993933797435, 0.5544092013285711, 0.5554490721093162, 0.5517738256827894, 0.5524863706240508, 0.5534902283226151, 0.5522992254076897, 0.5527032970608772, 0.5530400103004692, 0.5520362047766844, 0.5506992796099329, 0.5516842133861874, 0.5526151617883641, 0.5505291314673049, 0.5521063907926451, 0.5515699674952792, 0.551792854893749, 0.5510539007860825, 0.5526399398369298, 0.552412264815517, 0.5512765999244693, 0.5498482067072359, 0.5521688736678274, 0.5491393663962756, 0.550527408042365, 0.5509490782016953, 0.5494297202866424, 0.5512702114555547, 0.5511245415981884, 0.5506392842481488, 0.553231952751644, 0.548382737826594, 0.5515742658519215, 0.5508450998046864, 0.5514680489939159, 0.5497543922831771, 0.5507061501914865, 0.5501478381793293]
05-19 18:23 - mutual_info_img_txt.main_utils validation loss:
05-19 18:23 - mutual_info_img_txt.main_utils [0.5817024143678802, 0.5817421174475125, 0.5725726059504918, 0.5726137102714607, 0.5876050937388625, 0.5688547183360372, 0.5669162113751683, 0.5671523601881095, 0.5635678603180817, 0.5723882461232799, 0.5695857522743089, 0.5652567951806954, 0.5749684997967311, 0.5676139795354435, 0.5671149353895869, 0.5674723046166557, 0.5701424942484924, 0.5624998328941209, 0.5683702922293118, 0.5621446440262454, 0.5639541856944561, 0.5681210287979671, 0.5751806588045189, 0.5653566883078643, 0.5621649564376899, 0.5671941781682628, 0.5608934653656823, 0.5668474451771804, 0.5696288980543613, 0.573207423623119, 0.5724573374858924, 0.5639190950563976, 0.571560624986887, 0.5668582549052579, 0.5604047040854182, 0.5633270293474197, 0.5698426866105625, 0.5713364386132785, 0.5634844989648887, 0.5629155928535121, 0.5670821267579284, 0.5633863561919757, 0.5677778688924653, 0.5652657284268311, 0.5570424651460988, 0.5686049269778388, 0.5667252306427274, 0.5673784022884709, 0.5664363370410034, 0.5675121966217246]
05-19 18:23 - mutual_info_img_txt.main_utils training accuracy:
05-19 18:23 - mutual_info_img_txt.main_utils [0.7264973354958295, 0.7253967794253939, 0.7275399675625579, 0.7255995134383688, 0.7192713160333642, 0.7262221964782206, 0.7264394114921223, 0.7272069045412419, 0.7275978915662651, 0.7270186515291936, 0.7265842215013901, 0.7271924235403151, 0.7282350556070436, 0.7275254865616312, 0.7267869555143651, 0.7267724745134384, 0.7288142956441149, 0.7282495366079703, 0.7269607275254866, 0.7271055375347544, 0.7308126737720111, 0.7281916126042632, 0.7282205746061168, 0.7295093836886005, 0.7285825996292864, 0.7295528266913809, 0.7266131835032438, 0.7292921686746988, 0.7283943466172382, 0.7274820435588508, 0.7293935356811863, 0.7305954587581094, 0.7286694856348471, 0.7297700417052827, 0.7274241195551436, 0.7308126737720111, 0.7295383456904542, 0.7296976367006488, 0.727134499536608, 0.7292197636700649, 0.7305954587581094, 0.7274386005560705, 0.7268014365152919, 0.7277861445783133, 0.7269172845227062, 0.728278498609824, 0.7295817886932344, 0.7318553058387396, 0.7303203197405005, 0.7291328776645042]
05-19 18:23 - mutual_info_img_txt.main_utils validation accuracy:
05-19 18:23 - mutual_info_img_txt.main_utils [0.716796875, 0.7075892857142857, 0.7123325892857143, 0.7159598214285714, 0.7064732142857143, 0.7156808035714286, 0.7248883928571429, 0.7137276785714286, 0.7232142857142857, 0.712890625, 0.7170758928571429, 0.7145647321428571, 0.71484375, 0.7201450892857143, 0.7190290178571429, 0.71875, 0.7165178571428571, 0.7220982142857143, 0.7179129464285714, 0.7198660714285714, 0.7114955357142857, 0.7067522321428571, 0.7134486607142857, 0.7184709821428571, 0.7140066964285714, 0.7201450892857143, 0.7165178571428571, 0.7140066964285714, 0.71484375, 0.7117745535714286, 0.716796875, 0.7179129464285714, 0.7159598214285714, 0.7145647321428571, 0.7223772321428571, 0.7198660714285714, 0.7106584821428571, 0.7159598214285714, 0.7251674107142857, 0.7218191964285714, 0.7142857142857143, 0.7176339285714286, 0.7240513392857143, 0.7142857142857143, 0.7240513392857143, 0.7131696428571429, 0.7145647321428571, 0.716796875, 0.7145647321428571, 0.7123325892857143]
05-19 18:23 - mutual_info_img_txt.main_utils Training for 50 Epochs checkpoint saved in /home/anhle/data/projects/Mutual-Information-MultiModal/save_dir/dv_epoch20/pytorch_image_classifier_Pleural Effusion_epoch39.bin
